[0.017s] Invoking command in '/home/sameer/cpp_files/ros2_cpp/src/cpp_pubsub/build/cpp_pubsub': CMAKE_PREFIX_PATH=/home/sameer/ros2_ws/install/my_robot_controller:/opt/ros/humble /usr/bin/cmake --build /home/sameer/cpp_files/ros2_cpp/src/cpp_pubsub/build/cpp_pubsub -- -j4 -l4
[0.116s] [ 22%] Built target gtest_main
[0.119s] [ 44%] Built target gtest
[0.149s] [35m[1mConsolidate compiler generated dependencies of target pubsub_test[0m
[0.200s] [ 55%] [32mBuilding CXX object CMakeFiles/pubsub_test.dir/test/pubsub_test.cpp.o[0m
[0.201s] [ 66%] [32mBuilding CXX object CMakeFiles/pubsub_test.dir/src/publisher_member_function.cpp.o[0m
[8.054s] [ 77%] [32m[1mLinking CXX executable pubsub_test[0m
[9.190s] [100%] Built target pubsub_test
[9.210s] Invoked command in '/home/sameer/cpp_files/ros2_cpp/src/cpp_pubsub/build/cpp_pubsub' returned '0': CMAKE_PREFIX_PATH=/home/sameer/ros2_ws/install/my_robot_controller:/opt/ros/humble /usr/bin/cmake --build /home/sameer/cpp_files/ros2_cpp/src/cpp_pubsub/build/cpp_pubsub -- -j4 -l4
[9.291s] Invoking command in '/home/sameer/cpp_files/ros2_cpp/src/cpp_pubsub/build/cpp_pubsub': CMAKE_PREFIX_PATH=/home/sameer/ros2_ws/install/my_robot_controller:/opt/ros/humble /usr/bin/cmake --install /home/sameer/cpp_files/ros2_cpp/src/cpp_pubsub/build/cpp_pubsub
[9.304s] -- Install configuration: ""
[9.304s] -- Up-to-date: /home/sameer/cpp_files/ros2_cpp/src/cpp_pubsub/install/cpp_pubsub/include/cpp_pubsub
[9.304s] -- Installing: /home/sameer/cpp_files/ros2_cpp/src/cpp_pubsub/install/cpp_pubsub/include/cpp_pubsub/publisher_member_function.hpp
[9.305s] -- Up-to-date: /home/sameer/cpp_files/ros2_cpp/src/cpp_pubsub/install/cpp_pubsub/include/cpp_pubsub/single_thread_spinner.hpp
[9.305s] -- Up-to-date: /home/sameer/cpp_files/ros2_cpp/src/cpp_pubsub/install/cpp_pubsub/include/cpp_pubsub/subscriber_member_function.hpp
[9.305s] -- Installing: /home/sameer/cpp_files/ros2_cpp/src/cpp_pubsub/install/cpp_pubsub/lib/cpp_pubsub/pubsub_test
[9.315s] -- Set runtime path of "/home/sameer/cpp_files/ros2_cpp/src/cpp_pubsub/install/cpp_pubsub/lib/cpp_pubsub/pubsub_test" to ""
[9.316s] -- Up-to-date: /home/sameer/cpp_files/ros2_cpp/src/cpp_pubsub/install/cpp_pubsub/share/ament_index/resource_index/package_run_dependencies/cpp_pubsub
[9.316s] -- Up-to-date: /home/sameer/cpp_files/ros2_cpp/src/cpp_pubsub/install/cpp_pubsub/share/ament_index/resource_index/parent_prefix_path/cpp_pubsub
[9.316s] -- Up-to-date: /home/sameer/cpp_files/ros2_cpp/src/cpp_pubsub/install/cpp_pubsub/share/cpp_pubsub/environment/ament_prefix_path.sh
[9.317s] -- Up-to-date: /home/sameer/cpp_files/ros2_cpp/src/cpp_pubsub/install/cpp_pubsub/share/cpp_pubsub/environment/ament_prefix_path.dsv
[9.317s] -- Up-to-date: /home/sameer/cpp_files/ros2_cpp/src/cpp_pubsub/install/cpp_pubsub/share/cpp_pubsub/environment/path.sh
[9.317s] -- Up-to-date: /home/sameer/cpp_files/ros2_cpp/src/cpp_pubsub/install/cpp_pubsub/share/cpp_pubsub/environment/path.dsv
[9.317s] -- Up-to-date: /home/sameer/cpp_files/ros2_cpp/src/cpp_pubsub/install/cpp_pubsub/share/cpp_pubsub/local_setup.bash
[9.318s] -- Up-to-date: /home/sameer/cpp_files/ros2_cpp/src/cpp_pubsub/install/cpp_pubsub/share/cpp_pubsub/local_setup.sh
[9.318s] -- Up-to-date: /home/sameer/cpp_files/ros2_cpp/src/cpp_pubsub/install/cpp_pubsub/share/cpp_pubsub/local_setup.zsh
[9.318s] -- Up-to-date: /home/sameer/cpp_files/ros2_cpp/src/cpp_pubsub/install/cpp_pubsub/share/cpp_pubsub/local_setup.dsv
[9.318s] -- Installing: /home/sameer/cpp_files/ros2_cpp/src/cpp_pubsub/install/cpp_pubsub/share/cpp_pubsub/package.dsv
[9.319s] -- Up-to-date: /home/sameer/cpp_files/ros2_cpp/src/cpp_pubsub/install/cpp_pubsub/share/ament_index/resource_index/packages/cpp_pubsub
[9.319s] -- Up-to-date: /home/sameer/cpp_files/ros2_cpp/src/cpp_pubsub/install/cpp_pubsub/share/cpp_pubsub/cmake/cpp_pubsubConfig.cmake
[9.319s] -- Up-to-date: /home/sameer/cpp_files/ros2_cpp/src/cpp_pubsub/install/cpp_pubsub/share/cpp_pubsub/cmake/cpp_pubsubConfig-version.cmake
[9.319s] -- Up-to-date: /home/sameer/cpp_files/ros2_cpp/src/cpp_pubsub/install/cpp_pubsub/share/cpp_pubsub/package.xml
[9.321s] Invoked command in '/home/sameer/cpp_files/ros2_cpp/src/cpp_pubsub/build/cpp_pubsub' returned '0': CMAKE_PREFIX_PATH=/home/sameer/ros2_ws/install/my_robot_controller:/opt/ros/humble /usr/bin/cmake --install /home/sameer/cpp_files/ros2_cpp/src/cpp_pubsub/build/cpp_pubsub
