[01m[K/home/sameer/cpp_files/ros2_cpp/src/cpp_pubsub/src/publisher_member_function.cpp:8:10:[m[K [01;31m[Kfatal error: [m[Kpublisher_member_function.hpp: No such file or directory
    8 | #include [01;31m[K"publisher_member_function.hpp"[m[K
      |          [01;31m[K^~~~~~~~~~~~~~~~~~~~~~~~~~~~~~~[m[K
compilation terminated.
gmake[2]: *** [CMakeFiles/pubsub_test.dir/build.make:90: CMakeFiles/pubsub_test.dir/src/publisher_member_function.cpp.o] Error 1
gmake[2]: *** Waiting for unfinished jobs....
In file included from [01m[K/home/sameer/cpp_files/ros2_cpp/src/cpp_pubsub/src/single_thread_spinner.cpp:6[m[K:
[01m[K/home/sameer/cpp_files/ros2_cpp/src/cpp_pubsub/include/cpp_pubsub/single_thread_spinner.hpp:39:53:[m[K [01;31m[Kerror: [m[K‘[01m[Kstd::atomic<bool> cpp_pubsub::SingleThreadSpinner::are_all_nodes_spinning_[m[K’ conflicts with a previous declaration
   39 |         std::atomic<bool> are_all_nodes_spinning_ = [01;31m[Kfalse[m[K;
      |                                                     [01;31m[K^~~~~[m[K
[01m[K/home/sameer/cpp_files/ros2_cpp/src/cpp_pubsub/include/cpp_pubsub/single_thread_spinner.hpp:28:14:[m[K [01;36m[Knote: [m[Kprevious declaration ‘[01m[Kbool cpp_pubsub::SingleThreadSpinner::are_all_nodes_spinning_()[m[K’
   28 |         bool [01;36m[Kare_all_nodes_spinning_[m[K();
      |              [01;36m[K^~~~~~~~~~~~~~~~~~~~~~~[m[K
[01m[K/home/sameer/cpp_files/ros2_cpp/src/cpp_pubsub/src/single_thread_spinner.cpp:20:10:[m[K [01;31m[Kerror: [m[K‘[01m[Kbool cpp_pubsub::SingleThreadSpinner::add_node[m[K’ is not a static data member of ‘[01m[Kclass cpp_pubsub::SingleThreadSpinner[m[K’
   20 |     bool [01;31m[KSingleThreadSpinner[m[K::add_node(rclcpp_lifecycle::LifeCycleNode::SharedPtr lc_node)
      |          [01;31m[K^~~~~~~~~~~~~~~~~~~[m[K
[01m[K/home/sameer/cpp_files/ros2_cpp/src/cpp_pubsub/src/single_thread_spinner.cpp:20:58:[m[K [01;31m[Kerror: [m[K‘[01m[Krclcpp_lifecycle::LifeCycleNode[m[K’ has not been declared
   20 |     bool SingleThreadSpinner::add_node(rclcpp_lifecycle::[01;31m[KLifeCycleNode[m[K::SharedPtr lc_node)
      |                                                          [01;31m[K^~~~~~~~~~~~~[m[K
[01m[K/home/sameer/cpp_files/ros2_cpp/src/cpp_pubsub/src/single_thread_spinner.cpp:30:10:[m[K [01;31m[Kerror: [m[K‘[01m[Kbool cpp_pubsub::SingleThreadSpinner::remove_node[m[K’ is not a static data member of ‘[01m[Kclass cpp_pubsub::SingleThreadSpinner[m[K’
   30 |     bool [01;31m[KSingleThreadSpinner[m[K::remove_node(rclcpp_lifecycle::LifeCycleNode::SharedPtr lc_node)
      |          [01;31m[K^~~~~~~~~~~~~~~~~~~[m[K
[01m[K/home/sameer/cpp_files/ros2_cpp/src/cpp_pubsub/src/single_thread_spinner.cpp:30:61:[m[K [01;31m[Kerror: [m[K‘[01m[Krclcpp_lifecycle::LifeCycleNode[m[K’ has not been declared
   30 |     bool SingleThreadSpinner::remove_node(rclcpp_lifecycle::[01;31m[KLifeCycleNode[m[K::SharedPtr lc_node)
      |                                                             [01;31m[K^~~~~~~~~~~~~[m[K
[01m[K/home/sameer/cpp_files/ros2_cpp/src/cpp_pubsub/src/single_thread_spinner.cpp:[m[K In member function ‘[01m[Kbool cpp_pubsub::SingleThreadSpinner::remove_node(rclcpp::Node::SharedPtr)[m[K’:
[01m[K/home/sameer/cpp_files/ros2_cpp/src/cpp_pubsub/src/single_thread_spinner.cpp:37:28:[m[K [01;31m[Kerror: [m[K‘[01m[Klc_node[m[K’ was not declared in this scope; did you mean ‘[01m[Knode[m[K’?
   37 |         return remove_node([01;31m[Klc_node[m[K->get_node_base_interface());
      |                            [01;31m[K^~~~~~~[m[K
      |                            [32m[Knode[m[K
[01m[K/home/sameer/cpp_files/ros2_cpp/src/cpp_pubsub/src/single_thread_spinner.cpp:35:67:[m[K [01;35m[Kwarning: [m[Kunused parameter ‘[01m[Knode[m[K’ [[01;35m[K]8;;https://gcc.gnu.org/onlinedocs/gcc/Warning-Options.html#index-Wunused-parameter-Wunused-parameter]8;;[m[K]
   35 |     bool SingleThreadSpinner::remove_node([01;35m[Krclcpp::Node::SharedPtr node[m[K)
      |                                           [01;35m[K~~~~~~~~~~~~~~~~~~~~~~~~^~~~[m[K
[01m[K/home/sameer/cpp_files/ros2_cpp/src/cpp_pubsub/src/single_thread_spinner.cpp:[m[K In member function ‘[01m[Kbool cpp_pubsub::SingleThreadSpinner::add_node(rclcpp::node_interfaces::NodeBaseInterface::SharedPtr)[m[K’:
[01m[K/home/sameer/cpp_files/ros2_cpp/src/cpp_pubsub/src/single_thread_spinner.cpp:46:32:[m[K [01;31m[Kerror: [m[K‘[01m[Krclcpp::executors::SingleThreadExecutor[m[K’ has not been declared
   46 |             rclcpp::executors::[01;31m[KSingleThreadExecutor[m[K::add_node(node);
      |                                [01;31m[K^~~~~~~~~~~~~~~~~~~~[m[K
[01m[K/home/sameer/cpp_files/ros2_cpp/src/cpp_pubsub/src/single_thread_spinner.cpp:[m[K In member function ‘[01m[Kbool cpp_pubsub::SingleThreadSpinner::remove_node(rclcpp::node_interfaces::NodeBaseInterface::SharedPtr)[m[K’:
[01m[K/home/sameer/cpp_files/ros2_cpp/src/cpp_pubsub/src/single_thread_spinner.cpp:61:32:[m[K [01;31m[Kerror: [m[K‘[01m[Krclcpp::executors::SingleThreadExecutor[m[K’ has not been declared
   61 |             rclcpp::executors::[01;31m[KSingleThreadExecutor[m[K::remove_node(node);
      |                                [01;31m[K^~~~~~~~~~~~~~~~~~~~[m[K
[01m[K/home/sameer/cpp_files/ros2_cpp/src/cpp_pubsub/src/single_thread_spinner.cpp:[m[K In member function ‘[01m[Kbool cpp_pubsub::SingleThreadSpinner::cancel_all_spin()[m[K’:
[01m[K/home/sameer/cpp_files/ros2_cpp/src/cpp_pubsub/src/single_thread_spinner.cpp:73:13:[m[K [01;31m[Kerror: [m[Kinvalid use of member function ‘[01m[Kbool cpp_pubsub::SingleThreadSpinner::are_all_nodes_spinning_()[m[K’ (did you forget the ‘[01m[K()[m[K’ ?)
   73 |         if(![01;31m[Kare_all_nodes_spinning_[m[K.load())
      |             [01;31m[K^~~~~~~~~~~~~~~~~~~~~~~[m[K
      |                                    [32m[K()[m[K
[01m[K/home/sameer/cpp_files/ros2_cpp/src/cpp_pubsub/src/single_thread_spinner.cpp:73:37:[m[K [01;31m[Kerror: [m[Kexpected ‘[01m[K)[m[K’ before ‘[01m[Kload[m[K’
   73 |         if[34m[K([m[K!are_all_nodes_spinning_.[01;31m[Kl[m[K[32m[Koad[m[K())
      |           [34m[K~[m[K                         [01;31m[K^[m[K[32m[K~~~[m[K
      |                                     [32m[K)[m[K
[01m[K/home/sameer/cpp_files/ros2_cpp/src/cpp_pubsub/src/single_thread_spinner.cpp:79:16:[m[K [01;31m[Kerror: [m[Kinvalid use of member function ‘[01m[Kbool cpp_pubsub::SingleThreadSpinner::are_all_nodes_spinning_()[m[K’ (did you forget the ‘[01m[K()[m[K’ ?)
   79 |         while ([01;31m[Kare_all_nodes_spinning_[m[K.load());
      |                [01;31m[K^~~~~~~~~~~~~~~~~~~~~~~[m[K
      |                                       [32m[K()[m[K
[01m[K/home/sameer/cpp_files/ros2_cpp/src/cpp_pubsub/src/single_thread_spinner.cpp:79:40:[m[K [01;31m[Kerror: [m[Kexpected ‘[01m[K)[m[K’ before ‘[01m[Kload[m[K’
   79 |         while [34m[K([m[Kare_all_nodes_spinning_.[01;31m[Kl[m[K[32m[Koad[m[K());
      |               [34m[K~[m[K                        [01;31m[K^[m[K[32m[K~~~[m[K
      |                                        [32m[K)[m[K
[01m[K/home/sameer/cpp_files/ros2_cpp/src/cpp_pubsub/src/single_thread_spinner.cpp:79:40:[m[K [01;31m[Kerror: [m[K‘[01m[Kload[m[K’ was not declared in this scope
   79 |         while (are_all_nodes_spinning_.[01;31m[Kload[m[K());
      |                                        [01;31m[K^~~~[m[K
[01m[K/home/sameer/cpp_files/ros2_cpp/src/cpp_pubsub/src/single_thread_spinner.cpp:84:36:[m[K [01;31m[Kerror: [m[Kexpected primary-expression before ‘[01m[K.[m[K’ token
   84 |                 if(spinner_thread_-[01;31m[K.[m[Kjoinable())spinner_thread_->join();
      |                                    [01;31m[K^[m[K
[01m[K/home/sameer/cpp_files/ros2_cpp/src/cpp_pubsub/src/single_thread_spinner.cpp:[m[K In member function ‘[01m[Kbool cpp_pubsub::SingleThreadSpinner::are_all_nodes_spinning_()[m[K’:
[01m[K/home/sameer/cpp_files/ros2_cpp/src/cpp_pubsub/src/single_thread_spinner.cpp:92:16:[m[K [01;31m[Kerror: [m[Kinvalid use of member function ‘[01m[Kbool cpp_pubsub::SingleThreadSpinner::are_all_nodes_spinning_()[m[K’ (did you forget the ‘[01m[K()[m[K’ ?)
   92 |         return [01;31m[Kare_all_nodes_spinning_[m[K.load();
      |                [01;31m[K^~~~~~~~~~~~~~~~~~~~~~~[m[K
      |                                       [32m[K()[m[K
[01m[K/home/sameer/cpp_files/ros2_cpp/src/cpp_pubsub/src/single_thread_spinner.cpp:92:40:[m[K [01;31m[Kerror: [m[Kexpected ‘[01m[K;[m[K’ before ‘[01m[Kload[m[K’
   92 |         return are_all_nodes_spinning_.[01;31m[Kl[m[K[32m[Koad[m[K();
      |                                        [01;31m[K^[m[K[32m[K~~~[m[K
      |                                        [32m[K;[m[K
[01m[K/home/sameer/cpp_files/ros2_cpp/src/cpp_pubsub/src/single_thread_spinner.cpp:92:40:[m[K [01;31m[Kerror: [m[K‘[01m[Kload[m[K’ was not declared in this scope
   92 |         return are_all_nodes_spinning_.[01;31m[Kload[m[K();
      |                                        [01;31m[K^~~~[m[K
[01m[K/home/sameer/cpp_files/ros2_cpp/src/cpp_pubsub/src/single_thread_spinner.cpp:[m[K In member function ‘[01m[Kbool cpp_pubsub::SingleThreadSpinner::spin_some_all_nodes()[m[K’:
[01m[K/home/sameer/cpp_files/ros2_cpp/src/cpp_pubsub/src/single_thread_spinner.cpp:97:12:[m[K [01;31m[Kerror: [m[Kinvalid use of member function ‘[01m[Kbool cpp_pubsub::SingleThreadSpinner::are_all_nodes_spinning_()[m[K’ (did you forget the ‘[01m[K()[m[K’ ?)
   97 |         if([01;31m[Kare_all_nodes_spinning_[m[K.load())
      |            [01;31m[K^~~~~~~~~~~~~~~~~~~~~~~[m[K
      |                                   [32m[K()[m[K
[01m[K/home/sameer/cpp_files/ros2_cpp/src/cpp_pubsub/src/single_thread_spinner.cpp:97:36:[m[K [01;31m[Kerror: [m[Kexpected ‘[01m[K)[m[K’ before ‘[01m[Kload[m[K’
   97 |         if[34m[K([m[Kare_all_nodes_spinning_.[01;31m[Kl[m[K[32m[Koad[m[K())
      |           [34m[K~[m[K                        [01;31m[K^[m[K[32m[K~~~[m[K
      |                                    [32m[K)[m[K
[01m[K/home/sameer/cpp_files/ros2_cpp/src/cpp_pubsub/src/single_thread_spinner.cpp:112:13:[m[K [01;31m[Kerror: [m[Kinvalid use of member function ‘[01m[Kbool cpp_pubsub::SingleThreadSpinner::are_all_nodes_spinning_()[m[K’ (did you forget the ‘[01m[K()[m[K’ ?)
  112 |             [01;31m[Kare_all_nodes_spinning_[m[K.store(true);
      |             [01;31m[K^~~~~~~~~~~~~~~~~~~~~~~[m[K
      |                                    [32m[K()[m[K
[01m[K/home/sameer/cpp_files/ros2_cpp/src/cpp_pubsub/src/single_thread_spinner.cpp:116:50:[m[K [01;31m[Kerror: [m[Kqualified-id in declaration before ‘[01m[K([m[K’ token
  116 |         void SingleThreadSpinner::spin_all_nodes_[01;31m[K([m[K)
      |                                                  [01;31m[K^[m[K
In file included from [01m[K/home/sameer/cpp_files/ros2_cpp/src/cpp_pubsub/src/subscriber_member_function.cpp:7[m[K:
[01m[K/home/sameer/cpp_files/ros2_cpp/src/cpp_pubsub/include/cpp_pubsub/subscriber_member_function.hpp:29:64:[m[K [01;31m[Kerror: [m[Kredeclaration of ‘[01m[Krclcpp::Subscription<std_msgs::msg::String_<std::allocator<void> > >::SharedPtr cpp_pubsub::MinimalSubscriber::topic_sub_[m[K’
   29 |         rclcpp::Subscription<std_msgs::msg::String>::SharedPtr [01;31m[Ktopic_sub_[m[K;
      |                                                                [01;31m[K^~~~~~~~~~[m[K
[01m[K/home/sameer/cpp_files/ros2_cpp/src/cpp_pubsub/include/cpp_pubsub/subscriber_member_function.hpp:22:64:[m[K [01;36m[Knote: [m[Kprevious declaration ‘[01m[Krclcpp::Subscription<std_msgs::msg::String_<std::allocator<void> > >::SharedPtr cpp_pubsub::MinimalSubscriber::topic_sub_[m[K’
   22 |         rclcpp::Subscription<std_msgs::msg::String>::SharedPtr [01;36m[Ktopic_sub_[m[K;
      |                                                                [01;36m[K^~~~~~~~~~[m[K
[01m[K/home/sameer/cpp_files/ros2_cpp/src/cpp_pubsub/src/subscriber_member_function.cpp:13:1:[m[K [01;31m[Kerror: [m[K‘[01m[KMinimalSubscriber[m[K’ does not name a type
   13 | [01;31m[KMinimalSubscriber[m[K::MinimalSubscriber():Node("minimal_subscriber")
      | [01;31m[K^~~~~~~~~~~~~~~~~[m[K
[01m[K/home/sameer/cpp_files/ros2_cpp/src/cpp_pubsub/src/subscriber_member_function.cpp:19:6:[m[K [01;31m[Kerror: [m[K‘[01m[KMinimalSubscriber[m[K’ has not been declared
   19 | void [01;31m[KMinimalSubscriber[m[K::topic_callback(const std_msgs::msg::string & msg)
      |      [01;31m[K^~~~~~~~~~~~~~~~~[m[K
[01m[K/home/sameer/cpp_files/ros2_cpp/src/cpp_pubsub/src/subscriber_member_function.cpp:19:61:[m[K [01;31m[Kerror: [m[K‘[01m[Kstring[m[K’ in namespace ‘[01m[Kstd_msgs::msg[m[K’ does not name a type; did you mean ‘[01m[KString[m[K’?
   19 | void MinimalSubscriber::topic_callback(const std_msgs::msg::[01;31m[Kstring[m[K & msg)
      |                                                             [01;31m[K^~~~~~[m[K
      |                                                             [32m[KString[m[K
[01m[K/home/sameer/cpp_files/ros2_cpp/src/cpp_pubsub/src/subscriber_member_function.cpp:[m[K In function ‘[01m[Kvoid topic_callback(const int&)[m[K’:
[01m[K/home/sameer/cpp_files/ros2_cpp/src/cpp_pubsub/src/subscriber_member_function.cpp:22:21:[m[K [01;31m[Kerror: [m[K‘[01m[Klast_message_timestamp_[m[K’ was not declared in this scope
   22 |                 if(![01;31m[Klast_message_timestamp_[m[K)
      |                     [01;31m[K^~~~~~~~~~~~~~~~~~~~~~~[m[K
[01m[K/home/sameer/cpp_files/ros2_cpp/src/cpp_pubsub/src/subscriber_member_function.cpp:31:25:[m[K [01;31m[Kerror: [m[K‘[01m[Kfrequency_[m[K’ was not declared in this scope
   31 |                         [01;31m[Kfrequency_[m[K = 1/elapsed_seconds_double;
      |                         [01;31m[K^~~~~~~~~~[m[K
[01m[K/home/sameer/cpp_files/ros2_cpp/src/cpp_pubsub/src/subscriber_member_function.cpp:32:55:[m[K [01;31m[Kerror: [m[Kno match for call to ‘[01m[K(std::chrono::time_point<std::chrono::_V2::system_clock, std::chrono::duration<long int, std::ratio<1, 1000000000> > >) ()[m[K’
   32 |                         *last_message_timestamp_ = [01;31m[Know()[m[K;
      |                                                    [01;31m[K~~~^~[m[K
[01m[K/home/sameer/cpp_files/ros2_cpp/src/cpp_pubsub/src/subscriber_member_function.cpp:34:9:[m[K [01;31m[Kerror: [m[K‘[01m[Kreceived_msg_[m[K’ was not declared in this scope
   34 |         [01;31m[Kreceived_msg_[m[K = msg;
      |         [01;31m[K^~~~~~~~~~~~~[m[K
[01m[K/home/sameer/cpp_files/ros2_cpp/src/cpp_pubsub/src/subscriber_member_function.cpp:[m[K At global scope:
[01m[K/home/sameer/cpp_files/ros2_cpp/src/cpp_pubsub/src/subscriber_member_function.cpp:37:7:[m[K [01;31m[Kerror: [m[K‘[01m[KMinimalSubscriber[m[K’ has not been declared
   37 |  bool [01;31m[KMinimalSubscriber[m[K:: has_data_been_received()
      |       [01;31m[K^~~~~~~~~~~~~~~~~[m[K
[01m[K/home/sameer/cpp_files/ros2_cpp/src/cpp_pubsub/src/subscriber_member_function.cpp:[m[K In function ‘[01m[Kbool has_data_been_received()[m[K’:
[01m[K/home/sameer/cpp_files/ros2_cpp/src/cpp_pubsub/src/subscriber_member_function.cpp:39:11:[m[K [01;31m[Kerror: [m[K‘[01m[Kreceived_msg_[m[K’ was not declared in this scope
   39 |  return (![01;31m[Kreceived_msg_[m[K.data.empty());
      |           [01;31m[K^~~~~~~~~~~~~[m[K
[01m[K/home/sameer/cpp_files/ros2_cpp/src/cpp_pubsub/src/subscriber_member_function.cpp:[m[K At global scope:
[01m[K/home/sameer/cpp_files/ros2_cpp/src/cpp_pubsub/src/subscriber_member_function.cpp:41:24:[m[K [01;31m[Kerror: [m[K‘[01m[KMinimalSubcriber[m[K’ has not been declared
   41 |  std_msgs::msg::String [01;31m[KMinimalSubcriber[m[K:: get_received_msgs()
      |                        [01;31m[K^~~~~~~~~~~~~~~~[m[K
[01m[K/home/sameer/cpp_files/ros2_cpp/src/cpp_pubsub/src/subscriber_member_function.cpp:[m[K In function ‘[01m[Kstd_msgs::msg::String get_received_msgs()[m[K’:
[01m[K/home/sameer/cpp_files/ros2_cpp/src/cpp_pubsub/src/subscriber_member_function.cpp:43:12:[m[K [01;31m[Kerror: [m[K‘[01m[Kreceived_msg_[m[K’ was not declared in this scope; did you mean ‘[01m[Kget_received_msgs[m[K’?
   43 |     return [01;31m[Kreceived_msg_[m[K;
      |            [01;31m[K^~~~~~~~~~~~~[m[K
      |            [32m[Kget_received_msgs[m[K
[01m[K/home/sameer/cpp_files/ros2_cpp/src/cpp_pubsub/src/subscriber_member_function.cpp:[m[K At global scope:
[01m[K/home/sameer/cpp_files/ros2_cpp/src/cpp_pubsub/src/subscriber_member_function.cpp:45:9:[m[K [01;31m[Kerror: [m[K‘[01m[KMinimalSubscriber[m[K’ has not been declared
   45 |  double [01;31m[KMinimalSubscriber[m[K:: get_frequency()
      |         [01;31m[K^~~~~~~~~~~~~~~~~[m[K
[01m[K/home/sameer/cpp_files/ros2_cpp/src/cpp_pubsub/src/subscriber_member_function.cpp:[m[K In function ‘[01m[Kdouble get_frequency()[m[K’:
[01m[K/home/sameer/cpp_files/ros2_cpp/src/cpp_pubsub/src/subscriber_member_function.cpp:47:12:[m[K [01;31m[Kerror: [m[K‘[01m[Kfrequency_[m[K’ was not declared in this scope; did you mean ‘[01m[Kget_frequency[m[K’?
   47 |     return [01;31m[Kfrequency_[m[K;
      |            [01;31m[K^~~~~~~~~~[m[K
      |            [32m[Kget_frequency[m[K
In file included from [01m[K/home/sameer/cpp_files/ros2_cpp/src/cpp_pubsub/test/pubsub_test.cpp:3[m[K:
[01m[K/home/sameer/cpp_files/ros2_cpp/src/cpp_pubsub/include/cpp_pubsub/subscriber_member_function.hpp:29:64:[m[K [01;31m[Kerror: [m[Kredeclaration of ‘[01m[Krclcpp::Subscription<std_msgs::msg::String_<std::allocator<void> > >::SharedPtr cpp_pubsub::MinimalSubscriber::topic_sub_[m[K’
   29 |         rclcpp::Subscription<std_msgs::msg::String>::SharedPtr [01;31m[Ktopic_sub_[m[K;
      |                                                                [01;31m[K^~~~~~~~~~[m[K
[01m[K/home/sameer/cpp_files/ros2_cpp/src/cpp_pubsub/include/cpp_pubsub/subscriber_member_function.hpp:22:64:[m[K [01;36m[Knote: [m[Kprevious declaration ‘[01m[Krclcpp::Subscription<std_msgs::msg::String_<std::allocator<void> > >::SharedPtr cpp_pubsub::MinimalSubscriber::topic_sub_[m[K’
   22 |         rclcpp::Subscription<std_msgs::msg::String>::SharedPtr [01;36m[Ktopic_sub_[m[K;
      |                                                                [01;36m[K^~~~~~~~~~[m[K
In file included from [01m[K/home/sameer/cpp_files/ros2_cpp/src/cpp_pubsub/test/pubsub_test.cpp:4[m[K:
[01m[K/home/sameer/cpp_files/ros2_cpp/src/cpp_pubsub/include/cpp_pubsub/single_thread_spinner.hpp:39:53:[m[K [01;31m[Kerror: [m[K‘[01m[Kstd::atomic<bool> cpp_pubsub::SingleThreadSpinner::are_all_nodes_spinning_[m[K’ conflicts with a previous declaration
   39 |         std::atomic<bool> are_all_nodes_spinning_ = [01;31m[Kfalse[m[K;
      |                                                     [01;31m[K^~~~~[m[K
[01m[K/home/sameer/cpp_files/ros2_cpp/src/cpp_pubsub/include/cpp_pubsub/single_thread_spinner.hpp:28:14:[m[K [01;36m[Knote: [m[Kprevious declaration ‘[01m[Kbool cpp_pubsub::SingleThreadSpinner::are_all_nodes_spinning_()[m[K’
   28 |         bool [01;36m[Kare_all_nodes_spinning_[m[K();
      |              [01;36m[K^~~~~~~~~~~~~~~~~~~~~~~[m[K
gmake[2]: *** [CMakeFiles/pubsub_test.dir/build.make:118: CMakeFiles/pubsub_test.dir/src/single_thread_spinner.cpp.o] Error 1
[01m[K/home/sameer/cpp_files/ros2_cpp/src/cpp_pubsub/test/pubsub_test.cpp:[m[K In member function ‘[01m[Kvirtual void PubSubCommunication_pub_sub_communication_Test::TestBody()[m[K’:
[01m[K/home/sameer/cpp_files/ros2_cpp/src/cpp_pubsub/test/pubsub_test.cpp:28:13:[m[K [01;31m[Kerror: [m[K‘[01m[Kclass std::shared_ptr<cpp_pubsub::SingleThreadSpinner>[m[K’ has no member named ‘[01m[Kadd_node[m[K’
   28 |     spinner.[01;31m[Kadd_node[m[K(pub_node->get_node_base_interface());
      |             [01;31m[K^~~~~~~~[m[K
[01m[K/home/sameer/cpp_files/ros2_cpp/src/cpp_pubsub/test/pubsub_test.cpp:29:13:[m[K [01;31m[Kerror: [m[K‘[01m[Kclass std::shared_ptr<cpp_pubsub::SingleThreadSpinner>[m[K’ has no member named ‘[01m[Kadd_node[m[K’
   29 |     spinner.[01;31m[Kadd_node[m[K(sub_node->get_node_base_interface());
      |             [01;31m[K^~~~~~~~[m[K
[01m[K/home/sameer/cpp_files/ros2_cpp/src/cpp_pubsub/test/pubsub_test.cpp:31:13:[m[K [01;31m[Kerror: [m[K‘[01m[Kclass std::shared_ptr<cpp_pubsub::SingleThreadSpinner>[m[K’ has no member named ‘[01m[Kspin_some_all_nodes[m[K’
   31 |     spinner.[01;31m[Kspin_some_all_nodes[m[K();
      |             [01;31m[K^~~~~~~~~~~~~~~~~~~[m[K
[01m[K/home/sameer/cpp_files/ros2_cpp/src/cpp_pubsub/test/pubsub_test.cpp:[m[K In member function ‘[01m[Kvirtual void PubSubCommunication_check_received_msg_Test::TestBody()[m[K’:
[01m[K/home/sameer/cpp_files/ros2_cpp/src/cpp_pubsub/test/pubsub_test.cpp:58:13:[m[K [01;31m[Kerror: [m[K‘[01m[Kclass std::shared_ptr<cpp_pubsub::SingleThreadSpinner>[m[K’ has no member named ‘[01m[Kadd_node[m[K’
   58 |     spinner.[01;31m[Kadd_node[m[K(pub_node->get_node_base_interface());
      |             [01;31m[K^~~~~~~~[m[K
[01m[K/home/sameer/cpp_files/ros2_cpp/src/cpp_pubsub/test/pubsub_test.cpp:59:13:[m[K [01;31m[Kerror: [m[K‘[01m[Kclass std::shared_ptr<cpp_pubsub::SingleThreadSpinner>[m[K’ has no member named ‘[01m[Kadd_node[m[K’
   59 |     spinner.[01;31m[Kadd_node[m[K(sub_node->get_node_base_interface());
      |             [01;31m[K^~~~~~~~[m[K
[01m[K/home/sameer/cpp_files/ros2_cpp/src/cpp_pubsub/test/pubsub_test.cpp:61:13:[m[K [01;31m[Kerror: [m[K‘[01m[Kclass std::shared_ptr<cpp_pubsub::SingleThreadSpinner>[m[K’ has no member named ‘[01m[Kspin_some_all_nodes[m[K’
   61 |     spinner.[01;31m[Kspin_some_all_nodes[m[K();
      |             [01;31m[K^~~~~~~~~~~~~~~~~~~[m[K
In file included from [01m[K/opt/ros/humble/src/gtest_vendor/include/gtest/gtest.h:375[m[K,
                 from [01m[K/home/sameer/cpp_files/ros2_cpp/src/cpp_pubsub/test/pubsub_test.cpp:6[m[K:
[01m[K/home/sameer/cpp_files/ros2_cpp/src/cpp_pubsub/test/pubsub_test.cpp:66:28:[m[K [01;31m[Kerror: [m[K‘[01m[Kusing element_type = class cpp_pubsub::MinimalSubscriber[m[K’ {aka ‘[01m[Kclass cpp_pubsub::MinimalSubscriber[m[K’} has no member named ‘[01m[Kget_received_msg[m[K’; did you mean ‘[01m[Kget_received_msgs[m[K’?
   66 |     EXPECT_STREQ(sub_node->[01;31m[Kget_received_msg[m[K().data.c_str(),"Hello, World! 0");
      |                            [01;31m[K^~~~~~~~~~~~~~~~[m[K
In file included from [01m[K/opt/ros/humble/src/gtest_vendor/include/gtest/gtest.h:62[m[K,
                 from [01m[K/home/sameer/cpp_files/ros2_cpp/src/cpp_pubsub/test/pubsub_test.cpp:6[m[K:
[01m[K/home/sameer/cpp_files/ros2_cpp/src/cpp_pubsub/test/pubsub_test.cpp:[m[K At global scope:
[01m[K/home/sameer/cpp_files/ros2_cpp/src/cpp_pubsub/test/pubsub_test.cpp:70:6:[m[K [01;31m[Kerror: [m[Kredefinition of ‘[01m[Kclass PubSubCommunication_check_received_msg_Test[m[K’
   70 | TEST([01;31m[KPubSubCommunication[m[K,check_received_msg)
      |      [01;31m[K^~~~~~~~~~~~~~~~~~~[m[K
[01m[K/home/sameer/cpp_files/ros2_cpp/src/cpp_pubsub/test/pubsub_test.cpp:40:6:[m[K [01;36m[Knote: [m[Kprevious definition of ‘[01m[Kclass PubSubCommunication_check_received_msg_Test[m[K’
   40 | TEST([01;36m[KPubSubCommunication[m[K,check_received_msg)
      |      [01;36m[K^~~~~~~~~~~~~~~~~~~[m[K
[01m[K/home/sameer/cpp_files/ros2_cpp/src/cpp_pubsub/test/pubsub_test.cpp:70:6:[m[K [01;31m[Kerror: [m[Kredefinition of ‘[01m[Ktesting::TestInfo* const PubSubCommunication_check_received_msg_Test::test_info_[m[K’
   70 | TEST([01;31m[KPubSubCommunication[m[K,check_received_msg)
      |      [01;31m[K^~~~~~~~~~~~~~~~~~~[m[K
[01m[K/home/sameer/cpp_files/ros2_cpp/src/cpp_pubsub/test/pubsub_test.cpp:40:6:[m[K [01;36m[Knote: [m[K‘[01m[Ktesting::TestInfo* const PubSubCommunication_check_received_msg_Test::test_info_[m[K’ previously declared here
   40 | TEST([01;36m[KPubSubCommunication[m[K,check_received_msg)
      |      [01;36m[K^~~~~~~~~~~~~~~~~~~[m[K
[01m[K/home/sameer/cpp_files/ros2_cpp/src/cpp_pubsub/test/pubsub_test.cpp:70:6:[m[K [01;31m[Kerror: [m[Kredefinition of ‘[01m[Kvoid PubSubCommunication_check_received_msg_Test::TestBody()[m[K’
   70 | TEST([01;31m[KPubSubCommunication[m[K,check_received_msg)
      |      [01;31m[K^~~~~~~~~~~~~~~~~~~[m[K
[01m[K/home/sameer/cpp_files/ros2_cpp/src/cpp_pubsub/test/pubsub_test.cpp:40:6:[m[K [01;36m[Knote: [m[K‘[01m[Kvirtual void PubSubCommunication_check_received_msg_Test::TestBody()[m[K’ previously defined here
   40 | TEST([01;36m[KPubSubCommunication[m[K,check_received_msg)
      |      [01;36m[K^~~~~~~~~~~~~~~~~~~[m[K
gmake[2]: *** [CMakeFiles/pubsub_test.dir/build.make:104: CMakeFiles/pubsub_test.dir/src/subscriber_member_function.cpp.o] Error 1
gmake[2]: *** [CMakeFiles/pubsub_test.dir/build.make:76: CMakeFiles/pubsub_test.dir/test/pubsub_test.cpp.o] Error 1
gmake[1]: *** [CMakeFiles/Makefile2:156: CMakeFiles/pubsub_test.dir/all] Error 2
gmake: *** [Makefile:146: all] Error 2
