[5.460s] DEBUG:colcon:Command line arguments: ['/usr/bin/colcon', 'build', '--packages-select', 'cpp_pubsub']
[5.461s] DEBUG:colcon:Parsed command line arguments: Namespace(log_base=None, log_level=None, verb_name='build', build_base='build', install_base='install', merge_install=False, symlink_install=False, test_result_base=None, continue_on_error=False, executor='parallel', parallel_workers=4, event_handlers=None, ignore_user_meta=False, metas=['./colcon.meta'], base_paths=['.'], packages_ignore=None, packages_ignore_regex=None, paths=None, packages_up_to=None, packages_up_to_regex=None, packages_above=None, packages_above_and_dependencies=None, packages_above_depth=None, packages_select_by_dep=None, packages_skip_by_dep=None, packages_skip_up_to=None, packages_select_build_failed=False, packages_skip_build_finished=False, packages_select_test_failures=False, packages_skip_test_passed=False, packages_select=['cpp_pubsub'], packages_skip=None, packages_select_regex=None, packages_skip_regex=None, packages_start=None, packages_end=None, allow_overriding=[], cmake_args=None, cmake_target=None, cmake_target_skip_unavailable=False, cmake_clean_cache=False, cmake_clean_first=False, cmake_force_configure=False, ament_cmake_args=None, catkin_cmake_args=None, catkin_skip_building_tests=False, verb_parser=<colcon_defaults.argument_parser.defaults.DefaultArgumentsDecorator object at 0x7056f6200190>, verb_extension=<colcon_core.verb.build.BuildVerb object at 0x7056f61cb5b0>, main=<bound method BuildVerb.main of <colcon_core.verb.build.BuildVerb object at 0x7056f61cb5b0>>)
[10.838s] Level 1:colcon.colcon_core.package_discovery:discover_packages(colcon_meta) check parameters
[10.839s] Level 1:colcon.colcon_core.package_discovery:discover_packages(recursive) check parameters
[10.839s] Level 1:colcon.colcon_core.package_discovery:discover_packages(ignore) check parameters
[10.840s] Level 1:colcon.colcon_core.package_discovery:discover_packages(path) check parameters
[10.840s] Level 1:colcon.colcon_core.package_discovery:discover_packages(colcon_meta) discover
[10.840s] Level 1:colcon.colcon_core.package_discovery:discover_packages(recursive) discover
[10.841s] INFO:colcon.colcon_core.package_discovery:Crawling recursively for packages in '/home/sameer/cpp_files/ros2_cpp/src/cpp_pubsub'
[10.842s] Level 1:colcon.colcon_core.package_identification:_identify(.) by extensions ['ignore', 'ignore_ament_install']
[10.842s] Level 1:colcon.colcon_core.package_identification:_identify(.) by extension 'ignore'
[10.843s] Level 1:colcon.colcon_core.package_identification:_identify(.) by extension 'ignore_ament_install'
[10.843s] Level 1:colcon.colcon_core.package_identification:_identify(.) by extensions ['colcon_pkg']
[10.844s] Level 1:colcon.colcon_core.package_identification:_identify(.) by extension 'colcon_pkg'
[10.844s] Level 1:colcon.colcon_core.package_identification:_identify(.) by extensions ['colcon_meta']
[10.844s] Level 1:colcon.colcon_core.package_identification:_identify(.) by extension 'colcon_meta'
[10.845s] Level 1:colcon.colcon_core.package_identification:_identify(.) by extensions ['ros']
[10.845s] Level 1:colcon.colcon_core.package_identification:_identify(.) by extension 'ros'
[11.032s] DEBUG:colcon.colcon_core.package_identification:Package '.' with type 'ros.ament_cmake' and name 'cpp_pubsub'
[11.033s] Level 1:colcon.colcon_core.package_discovery:discover_packages(recursive) using defaults
[11.033s] Level 1:colcon.colcon_core.package_discovery:discover_packages(ignore) discover
[11.033s] Level 1:colcon.colcon_core.package_discovery:discover_packages(ignore) using defaults
[11.034s] Level 1:colcon.colcon_core.package_discovery:discover_packages(path) discover
[11.034s] Level 1:colcon.colcon_core.package_discovery:discover_packages(path) using defaults
[11.490s] Level 1:colcon.colcon_core.package_discovery:discover_packages(prefix_path) check parameters
[11.491s] Level 1:colcon.colcon_core.package_discovery:discover_packages(prefix_path) discover
[11.548s] DEBUG:colcon.colcon_installed_package_information.package_discovery:Found 1 installed packages in /home/sameer/ros2_ws/install
[11.558s] DEBUG:colcon.colcon_installed_package_information.package_discovery:Found 270 installed packages in /opt/ros/humble
[11.571s] Level 1:colcon.colcon_core.package_discovery:discover_packages(prefix_path) using defaults
[11.667s] Level 5:colcon.colcon_core.verb:set package 'cpp_pubsub' build argument 'cmake_args' from command line to 'None'
[11.667s] Level 5:colcon.colcon_core.verb:set package 'cpp_pubsub' build argument 'cmake_target' from command line to 'None'
[11.667s] Level 5:colcon.colcon_core.verb:set package 'cpp_pubsub' build argument 'cmake_target_skip_unavailable' from command line to 'False'
[11.667s] Level 5:colcon.colcon_core.verb:set package 'cpp_pubsub' build argument 'cmake_clean_cache' from command line to 'False'
[11.667s] Level 5:colcon.colcon_core.verb:set package 'cpp_pubsub' build argument 'cmake_clean_first' from command line to 'False'
[11.667s] Level 5:colcon.colcon_core.verb:set package 'cpp_pubsub' build argument 'cmake_force_configure' from command line to 'False'
[11.668s] Level 5:colcon.colcon_core.verb:set package 'cpp_pubsub' build argument 'ament_cmake_args' from command line to 'None'
[11.668s] Level 5:colcon.colcon_core.verb:set package 'cpp_pubsub' build argument 'catkin_cmake_args' from command line to 'None'
[11.668s] Level 5:colcon.colcon_core.verb:set package 'cpp_pubsub' build argument 'catkin_skip_building_tests' from command line to 'False'
[11.668s] DEBUG:colcon.colcon_core.verb:Building package 'cpp_pubsub' with the following arguments: {'ament_cmake_args': None, 'build_base': '/home/sameer/cpp_files/ros2_cpp/src/cpp_pubsub/build/cpp_pubsub', 'catkin_cmake_args': None, 'catkin_skip_building_tests': False, 'cmake_args': None, 'cmake_clean_cache': False, 'cmake_clean_first': False, 'cmake_force_configure': False, 'cmake_target': None, 'cmake_target_skip_unavailable': False, 'install_base': '/home/sameer/cpp_files/ros2_cpp/src/cpp_pubsub/install/cpp_pubsub', 'merge_install': False, 'path': '/home/sameer/cpp_files/ros2_cpp/src/cpp_pubsub', 'symlink_install': False, 'test_result_base': None}
[11.668s] INFO:colcon.colcon_core.executor:Executing jobs using 'parallel' executor
[11.669s] DEBUG:colcon.colcon_parallel_executor.executor.parallel:run_until_complete
[11.670s] INFO:colcon.colcon_ros.task.ament_cmake.build:Building ROS package in '/home/sameer/cpp_files/ros2_cpp/src/cpp_pubsub' with build type 'ament_cmake'
[11.670s] INFO:colcon.colcon_cmake.task.cmake.build:Building CMake package in '/home/sameer/cpp_files/ros2_cpp/src/cpp_pubsub'
[11.715s] INFO:colcon.colcon_core.plugin_system:Skipping extension 'colcon_core.shell.bat': Not used on non-Windows systems
[11.715s] INFO:colcon.colcon_core.shell:Skip shell extension 'powershell' for command environment: Not usable outside of PowerShell
[11.715s] DEBUG:colcon.colcon_core.shell:Skip shell extension 'dsv' for command environment
[11.822s] DEBUG:colcon.colcon_core.event_handler.log_command:Invoking command in '/home/sameer/cpp_files/ros2_cpp/src/cpp_pubsub/build/cpp_pubsub': CMAKE_PREFIX_PATH=/home/sameer/ros2_ws/install/my_robot_controller:/opt/ros/humble /usr/bin/cmake --build /home/sameer/cpp_files/ros2_cpp/src/cpp_pubsub/build/cpp_pubsub -- -j4 -l4
[13.957s] DEBUG:colcon.colcon_core.event_handler.log_command:Invoked command in '/home/sameer/cpp_files/ros2_cpp/src/cpp_pubsub/build/cpp_pubsub' returned '0': CMAKE_PREFIX_PATH=/home/sameer/ros2_ws/install/my_robot_controller:/opt/ros/humble /usr/bin/cmake --build /home/sameer/cpp_files/ros2_cpp/src/cpp_pubsub/build/cpp_pubsub -- -j4 -l4
[14.040s] DEBUG:colcon.colcon_core.event_handler.log_command:Invoking command in '/home/sameer/cpp_files/ros2_cpp/src/cpp_pubsub/build/cpp_pubsub': CMAKE_PREFIX_PATH=/home/sameer/ros2_ws/install/my_robot_controller:/opt/ros/humble /usr/bin/cmake --install /home/sameer/cpp_files/ros2_cpp/src/cpp_pubsub/build/cpp_pubsub
[14.247s] Level 1:colcon.colcon_core.environment:create_environment_scripts_only(cpp_pubsub)
[14.249s] DEBUG:colcon.colcon_core.event_handler.log_command:Invoked command in '/home/sameer/cpp_files/ros2_cpp/src/cpp_pubsub/build/cpp_pubsub' returned '0': CMAKE_PREFIX_PATH=/home/sameer/ros2_ws/install/my_robot_controller:/opt/ros/humble /usr/bin/cmake --install /home/sameer/cpp_files/ros2_cpp/src/cpp_pubsub/build/cpp_pubsub
[14.359s] Level 1:colcon.colcon_core.environment:checking '/home/sameer/cpp_files/ros2_cpp/src/cpp_pubsub/install/cpp_pubsub' for CMake module files
[14.364s] Level 1:colcon.colcon_core.environment:checking '/home/sameer/cpp_files/ros2_cpp/src/cpp_pubsub/install/cpp_pubsub' for CMake config files
[14.365s] Level 1:colcon.colcon_core.shell:create_environment_hook('cpp_pubsub', 'cmake_prefix_path')
[14.367s] INFO:colcon.colcon_core.shell:Creating environment hook '/home/sameer/cpp_files/ros2_cpp/src/cpp_pubsub/install/cpp_pubsub/share/cpp_pubsub/hook/cmake_prefix_path.ps1'
[14.385s] INFO:colcon.colcon_core.shell:Creating environment descriptor '/home/sameer/cpp_files/ros2_cpp/src/cpp_pubsub/install/cpp_pubsub/share/cpp_pubsub/hook/cmake_prefix_path.dsv'
[14.389s] INFO:colcon.colcon_core.shell:Creating environment hook '/home/sameer/cpp_files/ros2_cpp/src/cpp_pubsub/install/cpp_pubsub/share/cpp_pubsub/hook/cmake_prefix_path.sh'
[14.396s] Level 1:colcon.colcon_core.environment:checking '/home/sameer/cpp_files/ros2_cpp/src/cpp_pubsub/install/cpp_pubsub/lib'
[14.398s] Level 1:colcon.colcon_core.environment:checking '/home/sameer/cpp_files/ros2_cpp/src/cpp_pubsub/install/cpp_pubsub/bin'
[14.398s] Level 1:colcon.colcon_core.environment:checking '/home/sameer/cpp_files/ros2_cpp/src/cpp_pubsub/install/cpp_pubsub/lib/pkgconfig/cpp_pubsub.pc'
[14.400s] Level 1:colcon.colcon_core.environment:checking '/home/sameer/cpp_files/ros2_cpp/src/cpp_pubsub/install/cpp_pubsub/lib/python3.10/site-packages'
[14.402s] Level 1:colcon.colcon_core.environment:checking '/home/sameer/cpp_files/ros2_cpp/src/cpp_pubsub/install/cpp_pubsub/bin'
[14.404s] INFO:colcon.colcon_core.shell:Creating package script '/home/sameer/cpp_files/ros2_cpp/src/cpp_pubsub/install/cpp_pubsub/share/cpp_pubsub/package.ps1'
[14.408s] INFO:colcon.colcon_core.shell:Creating package descriptor '/home/sameer/cpp_files/ros2_cpp/src/cpp_pubsub/install/cpp_pubsub/share/cpp_pubsub/package.dsv'
[14.415s] INFO:colcon.colcon_core.shell:Creating package script '/home/sameer/cpp_files/ros2_cpp/src/cpp_pubsub/install/cpp_pubsub/share/cpp_pubsub/package.sh'
[14.417s] INFO:colcon.colcon_core.shell:Creating package script '/home/sameer/cpp_files/ros2_cpp/src/cpp_pubsub/install/cpp_pubsub/share/cpp_pubsub/package.bash'
[14.429s] INFO:colcon.colcon_core.shell:Creating package script '/home/sameer/cpp_files/ros2_cpp/src/cpp_pubsub/install/cpp_pubsub/share/cpp_pubsub/package.zsh'
[14.466s] Level 1:colcon.colcon_core.environment:create_file_with_runtime_dependencies(/home/sameer/cpp_files/ros2_cpp/src/cpp_pubsub/install/cpp_pubsub/share/colcon-core/packages/cpp_pubsub)
[14.564s] Level 1:colcon.colcon_core.environment:create_environment_scripts_only(cpp_pubsub)
[14.564s] Level 1:colcon.colcon_core.environment:checking '/home/sameer/cpp_files/ros2_cpp/src/cpp_pubsub/install/cpp_pubsub' for CMake module files
[14.565s] Level 1:colcon.colcon_core.environment:checking '/home/sameer/cpp_files/ros2_cpp/src/cpp_pubsub/install/cpp_pubsub' for CMake config files
[14.565s] Level 1:colcon.colcon_core.shell:create_environment_hook('cpp_pubsub', 'cmake_prefix_path')
[14.566s] INFO:colcon.colcon_core.shell:Creating environment hook '/home/sameer/cpp_files/ros2_cpp/src/cpp_pubsub/install/cpp_pubsub/share/cpp_pubsub/hook/cmake_prefix_path.ps1'
[14.566s] INFO:colcon.colcon_core.shell:Creating environment descriptor '/home/sameer/cpp_files/ros2_cpp/src/cpp_pubsub/install/cpp_pubsub/share/cpp_pubsub/hook/cmake_prefix_path.dsv'
[14.567s] INFO:colcon.colcon_core.shell:Creating environment hook '/home/sameer/cpp_files/ros2_cpp/src/cpp_pubsub/install/cpp_pubsub/share/cpp_pubsub/hook/cmake_prefix_path.sh'
[14.568s] Level 1:colcon.colcon_core.environment:checking '/home/sameer/cpp_files/ros2_cpp/src/cpp_pubsub/install/cpp_pubsub/lib'
[14.568s] Level 1:colcon.colcon_core.environment:checking '/home/sameer/cpp_files/ros2_cpp/src/cpp_pubsub/install/cpp_pubsub/bin'
[14.568s] Level 1:colcon.colcon_core.environment:checking '/home/sameer/cpp_files/ros2_cpp/src/cpp_pubsub/install/cpp_pubsub/lib/pkgconfig/cpp_pubsub.pc'
[14.568s] Level 1:colcon.colcon_core.environment:checking '/home/sameer/cpp_files/ros2_cpp/src/cpp_pubsub/install/cpp_pubsub/lib/python3.10/site-packages'
[14.569s] Level 1:colcon.colcon_core.environment:checking '/home/sameer/cpp_files/ros2_cpp/src/cpp_pubsub/install/cpp_pubsub/bin'
[14.569s] INFO:colcon.colcon_core.shell:Creating package script '/home/sameer/cpp_files/ros2_cpp/src/cpp_pubsub/install/cpp_pubsub/share/cpp_pubsub/package.ps1'
[14.570s] INFO:colcon.colcon_core.shell:Creating package descriptor '/home/sameer/cpp_files/ros2_cpp/src/cpp_pubsub/install/cpp_pubsub/share/cpp_pubsub/package.dsv'
[14.571s] INFO:colcon.colcon_core.shell:Creating package script '/home/sameer/cpp_files/ros2_cpp/src/cpp_pubsub/install/cpp_pubsub/share/cpp_pubsub/package.sh'
[14.571s] INFO:colcon.colcon_core.shell:Creating package script '/home/sameer/cpp_files/ros2_cpp/src/cpp_pubsub/install/cpp_pubsub/share/cpp_pubsub/package.bash'
[14.572s] INFO:colcon.colcon_core.shell:Creating package script '/home/sameer/cpp_files/ros2_cpp/src/cpp_pubsub/install/cpp_pubsub/share/cpp_pubsub/package.zsh'
[14.572s] Level 1:colcon.colcon_core.environment:create_file_with_runtime_dependencies(/home/sameer/cpp_files/ros2_cpp/src/cpp_pubsub/install/cpp_pubsub/share/colcon-core/packages/cpp_pubsub)
[14.573s] DEBUG:colcon.colcon_parallel_executor.executor.parallel:closing loop
[14.574s] DEBUG:colcon.colcon_parallel_executor.executor.parallel:loop closed
[14.574s] DEBUG:colcon.colcon_parallel_executor.executor.parallel:run_until_complete finished with '0'
[14.574s] DEBUG:colcon.colcon_core.event_reactor:joining thread
[14.777s] INFO:colcon.colcon_core.plugin_system:Skipping extension 'colcon_notification.desktop_notification.terminal_notifier': Not used on non-Darwin systems
[14.778s] INFO:colcon.colcon_core.plugin_system:Skipping extension 'colcon_notification.desktop_notification.win32': Not used on non-Windows systems
[14.778s] INFO:colcon.colcon_notification.desktop_notification:Sending desktop notification using 'notify2'
[14.829s] DEBUG:colcon.colcon_core.event_reactor:joined thread
[14.830s] INFO:colcon.colcon_core.shell:Creating prefix script '/home/sameer/cpp_files/ros2_cpp/src/cpp_pubsub/install/local_setup.ps1'
[14.833s] INFO:colcon.colcon_core.shell:Creating prefix util module '/home/sameer/cpp_files/ros2_cpp/src/cpp_pubsub/install/_local_setup_util_ps1.py'
[14.837s] INFO:colcon.colcon_core.shell:Creating prefix chain script '/home/sameer/cpp_files/ros2_cpp/src/cpp_pubsub/install/setup.ps1'
[14.840s] INFO:colcon.colcon_core.shell:Creating prefix script '/home/sameer/cpp_files/ros2_cpp/src/cpp_pubsub/install/local_setup.sh'
[14.842s] INFO:colcon.colcon_core.shell:Creating prefix util module '/home/sameer/cpp_files/ros2_cpp/src/cpp_pubsub/install/_local_setup_util_sh.py'
[14.843s] INFO:colcon.colcon_core.shell:Creating prefix chain script '/home/sameer/cpp_files/ros2_cpp/src/cpp_pubsub/install/setup.sh'
[14.845s] INFO:colcon.colcon_core.shell:Creating prefix script '/home/sameer/cpp_files/ros2_cpp/src/cpp_pubsub/install/local_setup.bash'
[14.846s] INFO:colcon.colcon_core.shell:Creating prefix chain script '/home/sameer/cpp_files/ros2_cpp/src/cpp_pubsub/install/setup.bash'
[14.848s] INFO:colcon.colcon_core.shell:Creating prefix script '/home/sameer/cpp_files/ros2_cpp/src/cpp_pubsub/install/local_setup.zsh'
[14.850s] INFO:colcon.colcon_core.shell:Creating prefix chain script '/home/sameer/cpp_files/ros2_cpp/src/cpp_pubsub/install/setup.zsh'
