[0.020s] Invoking command in '/home/sameer/cpp_files/ros2_cpp/src/cpp_pubsub/build/cpp_pubsub': CMAKE_PREFIX_PATH=/home/sameer/ros2_ws/install/my_robot_controller:/opt/ros/humble /usr/bin/cmake --build /home/sameer/cpp_files/ros2_cpp/src/cpp_pubsub/build/cpp_pubsub -- -j4 -l4
[0.120s] [ 22%] Built target gtest_main
[0.124s] [ 44%] Built target gtest
[0.154s] [35m[1mConsolidate compiler generated dependencies of target pubsub_test[0m
[0.205s] [ 55%] [32mBuilding CXX object CMakeFiles/pubsub_test.dir/test/pubsub_test.cpp.o[0m
[6.171s] [ 66%] [32m[1mLinking CXX executable pubsub_test[0m
[7.308s] [100%] Built target pubsub_test
[7.328s] Invoked command in '/home/sameer/cpp_files/ros2_cpp/src/cpp_pubsub/build/cpp_pubsub' returned '0': CMAKE_PREFIX_PATH=/home/sameer/ros2_ws/install/my_robot_controller:/opt/ros/humble /usr/bin/cmake --build /home/sameer/cpp_files/ros2_cpp/src/cpp_pubsub/build/cpp_pubsub -- -j4 -l4
[7.409s] Invoking command in '/home/sameer/cpp_files/ros2_cpp/src/cpp_pubsub/build/cpp_pubsub': CMAKE_PREFIX_PATH=/home/sameer/ros2_ws/install/my_robot_controller:/opt/ros/humble /usr/bin/cmake --install /home/sameer/cpp_files/ros2_cpp/src/cpp_pubsub/build/cpp_pubsub
[7.422s] -- Install configuration: ""
[7.423s] -- Up-to-date: /home/sameer/cpp_files/ros2_cpp/src/cpp_pubsub/install/cpp_pubsub/include/cpp_pubsub
[7.423s] -- Installing: /home/sameer/cpp_files/ros2_cpp/src/cpp_pubsub/install/cpp_pubsub/include/cpp_pubsub/publisher_member_function.hpp
[7.423s] -- Up-to-date: /home/sameer/cpp_files/ros2_cpp/src/cpp_pubsub/install/cpp_pubsub/include/cpp_pubsub/single_thread_spinner.hpp
[7.424s] -- Up-to-date: /home/sameer/cpp_files/ros2_cpp/src/cpp_pubsub/install/cpp_pubsub/include/cpp_pubsub/subscriber_member_function.hpp
[7.424s] -- Installing: /home/sameer/cpp_files/ros2_cpp/src/cpp_pubsub/install/cpp_pubsub/lib/cpp_pubsub/pubsub_test
[7.434s] -- Set runtime path of "/home/sameer/cpp_files/ros2_cpp/src/cpp_pubsub/install/cpp_pubsub/lib/cpp_pubsub/pubsub_test" to ""
[7.435s] -- Up-to-date: /home/sameer/cpp_files/ros2_cpp/src/cpp_pubsub/install/cpp_pubsub/share/ament_index/resource_index/package_run_dependencies/cpp_pubsub
[7.435s] -- Up-to-date: /home/sameer/cpp_files/ros2_cpp/src/cpp_pubsub/install/cpp_pubsub/share/ament_index/resource_index/parent_prefix_path/cpp_pubsub
[7.435s] -- Up-to-date: /home/sameer/cpp_files/ros2_cpp/src/cpp_pubsub/install/cpp_pubsub/share/cpp_pubsub/environment/ament_prefix_path.sh
[7.436s] -- Up-to-date: /home/sameer/cpp_files/ros2_cpp/src/cpp_pubsub/install/cpp_pubsub/share/cpp_pubsub/environment/ament_prefix_path.dsv
[7.436s] -- Up-to-date: /home/sameer/cpp_files/ros2_cpp/src/cpp_pubsub/install/cpp_pubsub/share/cpp_pubsub/environment/path.sh
[7.436s] -- Up-to-date: /home/sameer/cpp_files/ros2_cpp/src/cpp_pubsub/install/cpp_pubsub/share/cpp_pubsub/environment/path.dsv
[7.436s] -- Up-to-date: /home/sameer/cpp_files/ros2_cpp/src/cpp_pubsub/install/cpp_pubsub/share/cpp_pubsub/local_setup.bash
[7.437s] -- Up-to-date: /home/sameer/cpp_files/ros2_cpp/src/cpp_pubsub/install/cpp_pubsub/share/cpp_pubsub/local_setup.sh
[7.437s] -- Up-to-date: /home/sameer/cpp_files/ros2_cpp/src/cpp_pubsub/install/cpp_pubsub/share/cpp_pubsub/local_setup.zsh
[7.437s] -- Up-to-date: /home/sameer/cpp_files/ros2_cpp/src/cpp_pubsub/install/cpp_pubsub/share/cpp_pubsub/local_setup.dsv
[7.437s] -- Installing: /home/sameer/cpp_files/ros2_cpp/src/cpp_pubsub/install/cpp_pubsub/share/cpp_pubsub/package.dsv
[7.438s] -- Up-to-date: /home/sameer/cpp_files/ros2_cpp/src/cpp_pubsub/install/cpp_pubsub/share/ament_index/resource_index/packages/cpp_pubsub
[7.438s] -- Up-to-date: /home/sameer/cpp_files/ros2_cpp/src/cpp_pubsub/install/cpp_pubsub/share/cpp_pubsub/cmake/cpp_pubsubConfig.cmake
[7.438s] -- Up-to-date: /home/sameer/cpp_files/ros2_cpp/src/cpp_pubsub/install/cpp_pubsub/share/cpp_pubsub/cmake/cpp_pubsubConfig-version.cmake
[7.438s] -- Up-to-date: /home/sameer/cpp_files/ros2_cpp/src/cpp_pubsub/install/cpp_pubsub/share/cpp_pubsub/package.xml
[7.440s] Invoked command in '/home/sameer/cpp_files/ros2_cpp/src/cpp_pubsub/build/cpp_pubsub' returned '0': CMAKE_PREFIX_PATH=/home/sameer/ros2_ws/install/my_robot_controller:/opt/ros/humble /usr/bin/cmake --install /home/sameer/cpp_files/ros2_cpp/src/cpp_pubsub/build/cpp_pubsub
