[0.017s] Invoking command in '/home/sameer/cpp_files/ros2_cpp/build/cpp_pubsub': CMAKE_PREFIX_PATH=/home/sameer/ros2_ws_2/install/cpp_pubsub:/home/sameer/ros2_ws/install/my_robot_controller:/opt/ros/humble /usr/bin/cmake /home/sameer/cpp_files/ros2_cpp/src/cpp_pubsub -DCMAKE_INSTALL_PREFIX=/home/sameer/cpp_files/ros2_cpp/install/cpp_pubsub
[0.043s] -- Found ament_cmake: 1.3.8 (/opt/ros/humble/share/ament_cmake/cmake)
[0.277s] -- Found lifecycle_msgs: 1.2.1 (/opt/ros/humble/share/lifecycle_msgs/cmake)
[0.324s] -- Found rosidl_generator_c: 3.1.5 (/opt/ros/humble/share/rosidl_generator_c/cmake)
[0.330s] -- Found rosidl_adapter: 3.1.5 (/opt/ros/humble/share/rosidl_adapter/cmake)
[0.341s] -- Found rosidl_generator_cpp: 3.1.5 (/opt/ros/humble/share/rosidl_generator_cpp/cmake)
[0.363s] -- Using all available rosidl_typesupport_c: rosidl_typesupport_fastrtps_c;rosidl_typesupport_introspection_c
[0.393s] -- Using all available rosidl_typesupport_cpp: rosidl_typesupport_fastrtps_cpp;rosidl_typesupport_introspection_cpp
[0.421s] -- Found rclcpp_lifecycle: 16.0.8 (/opt/ros/humble/share/rclcpp_lifecycle/cmake)
[0.550s] -- Found rmw_implementation_cmake: 6.1.1 (/opt/ros/humble/share/rmw_implementation_cmake/cmake)
[0.552s] -- Found rmw_fastrtps_cpp: 6.2.6 (/opt/ros/humble/share/rmw_fastrtps_cpp/cmake)
[0.772s] -- Using RMW implementation 'rmw_fastrtps_cpp' as default
[1.104s] -- Found rclcpp_action: 16.0.8 (/opt/ros/humble/share/rclcpp_action/cmake)
[1.276s] -- Found example_interfaces: 0.9.3 (/opt/ros/humble/share/example_interfaces/cmake)
[1.382s] -- Found geometry_msgs: 4.2.3 (/opt/ros/humble/share/geometry_msgs/cmake)
[1.463s] -- Found tf2_ros: 0.25.6 (/opt/ros/humble/share/tf2_ros/cmake)
[1.911s] -- Found tf2_geometry_msgs: 0.25.6 (/opt/ros/humble/share/tf2_geometry_msgs/cmake)
[1.918s] -- Found eigen3_cmake_module: 0.1.1 (/opt/ros/humble/share/eigen3_cmake_module/cmake)
[1.921s] -- Ensuring Eigen3 include directory is part of orocos-kdl CMake target
[1.938s] -- Found nav_msgs: 4.2.3 (/opt/ros/humble/share/nav_msgs/cmake)
[2.100s] -- Found ament_cmake_gtest: 1.3.8 (/opt/ros/humble/share/ament_cmake_gtest/cmake)
[2.102s] -- Found gtest sources under '/opt/ros/humble/src/gtest_vendor': C++ tests using 'Google Test' will be built
[2.228s] -- Configuring done
[2.236s] [31mCMake Error at /opt/ros/humble/share/ament_cmake_gtest/cmake/ament_add_gtest_executable.cmake:50 (add_executable):
[2.236s]   Cannot find source file:
[2.237s] 
[2.237s]     src/publisher_member_function.cpp
[2.237s] 
[2.237s]   Tried extensions .c .C .c++ .cc .cpp .cxx .cu .mpp .m .M .mm .ixx .cppm .h
[2.237s]   .hh .h++ .hm .hpp .hxx .in .txx .f .F .for .f77 .f90 .f95 .f03 .hip .ispc
[2.237s] Call Stack (most recent call first):
[2.237s]   /opt/ros/humble/share/ament_cmake_gtest/cmake/ament_add_gtest_executable.cmake:37 (_ament_add_gtest_executable)
[2.237s]   /opt/ros/humble/share/ament_cmake_gtest/cmake/ament_add_gtest.cmake:68 (ament_add_gtest_executable)
[2.237s]   CMakeLists.txt:74 (ament_add_gtest)
[2.237s] 
[2.238s] [0m
[2.240s] [31mCMake Error at /opt/ros/humble/share/ament_cmake_gtest/cmake/ament_add_gtest_executable.cmake:50 (add_executable):
[2.240s]   No SOURCES given to target: pubsub_test
[2.240s] Call Stack (most recent call first):
[2.240s]   /opt/ros/humble/share/ament_cmake_gtest/cmake/ament_add_gtest_executable.cmake:37 (_ament_add_gtest_executable)
[2.240s]   /opt/ros/humble/share/ament_cmake_gtest/cmake/ament_add_gtest.cmake:68 (ament_add_gtest_executable)
[2.240s]   CMakeLists.txt:74 (ament_add_gtest)
[2.241s] 
[2.241s] [0m
[2.241s] [0mCMake Generate step failed.  Build files cannot be regenerated correctly.[0m
[2.255s] Invoked command in '/home/sameer/cpp_files/ros2_cpp/build/cpp_pubsub' returned '1': CMAKE_PREFIX_PATH=/home/sameer/ros2_ws_2/install/cpp_pubsub:/home/sameer/ros2_ws/install/my_robot_controller:/opt/ros/humble /usr/bin/cmake /home/sameer/cpp_files/ros2_cpp/src/cpp_pubsub -DCMAKE_INSTALL_PREFIX=/home/sameer/cpp_files/ros2_cpp/install/cpp_pubsub
