[0.184s] DEBUG:colcon:Command line arguments: ['/usr/bin/colcon', 'build', '--packages-select', 'cpp_pubsub']
[0.185s] DEBUG:colcon:Parsed command line arguments: Namespace(log_base=None, log_level=None, verb_name='build', build_base='build', install_base='install', merge_install=False, symlink_install=False, test_result_base=None, continue_on_error=False, executor='parallel', parallel_workers=4, event_handlers=None, ignore_user_meta=False, metas=['./colcon.meta'], base_paths=['.'], packages_ignore=None, packages_ignore_regex=None, paths=None, packages_up_to=None, packages_up_to_regex=None, packages_above=None, packages_above_and_dependencies=None, packages_above_depth=None, packages_select_by_dep=None, packages_skip_by_dep=None, packages_skip_up_to=None, packages_select_build_failed=False, packages_skip_build_finished=False, packages_select_test_failures=False, packages_skip_test_passed=False, packages_select=['cpp_pubsub'], packages_skip=None, packages_select_regex=None, packages_skip_regex=None, packages_start=None, packages_end=None, allow_overriding=[], cmake_args=None, cmake_target=None, cmake_target_skip_unavailable=False, cmake_clean_cache=False, cmake_clean_first=False, cmake_force_configure=False, ament_cmake_args=None, catkin_cmake_args=None, catkin_skip_building_tests=False, verb_parser=<colcon_defaults.argument_parser.defaults.DefaultArgumentsDecorator object at 0x76a34cb44190>, verb_extension=<colcon_core.verb.build.BuildVerb object at 0x76a34cb0f5b0>, main=<bound method BuildVerb.main of <colcon_core.verb.build.BuildVerb object at 0x76a34cb0f5b0>>)
[0.530s] Level 1:colcon.colcon_core.package_discovery:discover_packages(colcon_meta) check parameters
[0.531s] Level 1:colcon.colcon_core.package_discovery:discover_packages(recursive) check parameters
[0.531s] Level 1:colcon.colcon_core.package_discovery:discover_packages(ignore) check parameters
[0.531s] Level 1:colcon.colcon_core.package_discovery:discover_packages(path) check parameters
[0.531s] Level 1:colcon.colcon_core.package_discovery:discover_packages(colcon_meta) discover
[0.531s] Level 1:colcon.colcon_core.package_discovery:discover_packages(recursive) discover
[0.531s] INFO:colcon.colcon_core.package_discovery:Crawling recursively for packages in '/home/sameer/cpp_files/ros2_cpp/src/cpp_pubsub'
[0.531s] Level 1:colcon.colcon_core.package_identification:_identify(.) by extensions ['ignore', 'ignore_ament_install']
[0.531s] Level 1:colcon.colcon_core.package_identification:_identify(.) by extension 'ignore'
[0.531s] Level 1:colcon.colcon_core.package_identification:_identify(.) by extension 'ignore_ament_install'
[0.532s] Level 1:colcon.colcon_core.package_identification:_identify(.) by extensions ['colcon_pkg']
[0.532s] Level 1:colcon.colcon_core.package_identification:_identify(.) by extension 'colcon_pkg'
[0.532s] Level 1:colcon.colcon_core.package_identification:_identify(.) by extensions ['colcon_meta']
[0.532s] Level 1:colcon.colcon_core.package_identification:_identify(.) by extension 'colcon_meta'
[0.532s] Level 1:colcon.colcon_core.package_identification:_identify(.) by extensions ['ros']
[0.532s] Level 1:colcon.colcon_core.package_identification:_identify(.) by extension 'ros'
[0.566s] DEBUG:colcon.colcon_core.package_identification:Package '.' with type 'ros.ament_cmake' and name 'cpp_pubsub'
[0.567s] Level 1:colcon.colcon_core.package_discovery:discover_packages(recursive) using defaults
[0.567s] Level 1:colcon.colcon_core.package_discovery:discover_packages(ignore) discover
[0.567s] Level 1:colcon.colcon_core.package_discovery:discover_packages(ignore) using defaults
[0.567s] Level 1:colcon.colcon_core.package_discovery:discover_packages(path) discover
[0.567s] Level 1:colcon.colcon_core.package_discovery:discover_packages(path) using defaults
[0.599s] Level 1:colcon.colcon_core.package_discovery:discover_packages(prefix_path) check parameters
[0.599s] Level 1:colcon.colcon_core.package_discovery:discover_packages(prefix_path) discover
[0.602s] DEBUG:colcon.colcon_installed_package_information.package_discovery:Found 1 installed packages in /home/sameer/ros2_ws/install
[0.604s] DEBUG:colcon.colcon_installed_package_information.package_discovery:Found 270 installed packages in /opt/ros/humble
[0.608s] Level 1:colcon.colcon_core.package_discovery:discover_packages(prefix_path) using defaults
[0.672s] Level 5:colcon.colcon_core.verb:set package 'cpp_pubsub' build argument 'cmake_args' from command line to 'None'
[0.672s] Level 5:colcon.colcon_core.verb:set package 'cpp_pubsub' build argument 'cmake_target' from command line to 'None'
[0.672s] Level 5:colcon.colcon_core.verb:set package 'cpp_pubsub' build argument 'cmake_target_skip_unavailable' from command line to 'False'
[0.673s] Level 5:colcon.colcon_core.verb:set package 'cpp_pubsub' build argument 'cmake_clean_cache' from command line to 'False'
[0.673s] Level 5:colcon.colcon_core.verb:set package 'cpp_pubsub' build argument 'cmake_clean_first' from command line to 'False'
[0.673s] Level 5:colcon.colcon_core.verb:set package 'cpp_pubsub' build argument 'cmake_force_configure' from command line to 'False'
[0.673s] Level 5:colcon.colcon_core.verb:set package 'cpp_pubsub' build argument 'ament_cmake_args' from command line to 'None'
[0.673s] Level 5:colcon.colcon_core.verb:set package 'cpp_pubsub' build argument 'catkin_cmake_args' from command line to 'None'
[0.673s] Level 5:colcon.colcon_core.verb:set package 'cpp_pubsub' build argument 'catkin_skip_building_tests' from command line to 'False'
[0.673s] DEBUG:colcon.colcon_core.verb:Building package 'cpp_pubsub' with the following arguments: {'ament_cmake_args': None, 'build_base': '/home/sameer/cpp_files/ros2_cpp/src/cpp_pubsub/build/cpp_pubsub', 'catkin_cmake_args': None, 'catkin_skip_building_tests': False, 'cmake_args': None, 'cmake_clean_cache': False, 'cmake_clean_first': False, 'cmake_force_configure': False, 'cmake_target': None, 'cmake_target_skip_unavailable': False, 'install_base': '/home/sameer/cpp_files/ros2_cpp/src/cpp_pubsub/install/cpp_pubsub', 'merge_install': False, 'path': '/home/sameer/cpp_files/ros2_cpp/src/cpp_pubsub', 'symlink_install': False, 'test_result_base': None}
[0.673s] INFO:colcon.colcon_core.executor:Executing jobs using 'parallel' executor
[0.674s] DEBUG:colcon.colcon_parallel_executor.executor.parallel:run_until_complete
[0.675s] INFO:colcon.colcon_ros.task.ament_cmake.build:Building ROS package in '/home/sameer/cpp_files/ros2_cpp/src/cpp_pubsub' with build type 'ament_cmake'
[0.675s] INFO:colcon.colcon_cmake.task.cmake.build:Building CMake package in '/home/sameer/cpp_files/ros2_cpp/src/cpp_pubsub'
[0.679s] INFO:colcon.colcon_core.plugin_system:Skipping extension 'colcon_core.shell.bat': Not used on non-Windows systems
[0.679s] INFO:colcon.colcon_core.shell:Skip shell extension 'powershell' for command environment: Not usable outside of PowerShell
[0.679s] DEBUG:colcon.colcon_core.shell:Skip shell extension 'dsv' for command environment
[0.692s] DEBUG:colcon.colcon_core.event_handler.log_command:Invoking command in '/home/sameer/cpp_files/ros2_cpp/src/cpp_pubsub/build/cpp_pubsub': CMAKE_PREFIX_PATH=/home/sameer/ros2_ws/install/my_robot_controller:/opt/ros/humble /usr/bin/cmake --build /home/sameer/cpp_files/ros2_cpp/src/cpp_pubsub/build/cpp_pubsub -- -j4 -l4
[9.002s] DEBUG:colcon.colcon_core.event_handler.log_command:Invoked command in '/home/sameer/cpp_files/ros2_cpp/src/cpp_pubsub/build/cpp_pubsub' returned '0': CMAKE_PREFIX_PATH=/home/sameer/ros2_ws/install/my_robot_controller:/opt/ros/humble /usr/bin/cmake --build /home/sameer/cpp_files/ros2_cpp/src/cpp_pubsub/build/cpp_pubsub -- -j4 -l4
[9.083s] DEBUG:colcon.colcon_core.event_handler.log_command:Invoking command in '/home/sameer/cpp_files/ros2_cpp/src/cpp_pubsub/build/cpp_pubsub': CMAKE_PREFIX_PATH=/home/sameer/ros2_ws/install/my_robot_controller:/opt/ros/humble /usr/bin/cmake --install /home/sameer/cpp_files/ros2_cpp/src/cpp_pubsub/build/cpp_pubsub
[9.112s] Level 1:colcon.colcon_core.environment:create_environment_scripts_only(cpp_pubsub)
[9.113s] DEBUG:colcon.colcon_core.event_handler.log_command:Invoked command in '/home/sameer/cpp_files/ros2_cpp/src/cpp_pubsub/build/cpp_pubsub' returned '0': CMAKE_PREFIX_PATH=/home/sameer/ros2_ws/install/my_robot_controller:/opt/ros/humble /usr/bin/cmake --install /home/sameer/cpp_files/ros2_cpp/src/cpp_pubsub/build/cpp_pubsub
[9.118s] Level 1:colcon.colcon_core.environment:checking '/home/sameer/cpp_files/ros2_cpp/src/cpp_pubsub/install/cpp_pubsub' for CMake module files
[9.119s] Level 1:colcon.colcon_core.environment:checking '/home/sameer/cpp_files/ros2_cpp/src/cpp_pubsub/install/cpp_pubsub' for CMake config files
[9.120s] Level 1:colcon.colcon_core.shell:create_environment_hook('cpp_pubsub', 'cmake_prefix_path')
[9.121s] INFO:colcon.colcon_core.shell:Creating environment hook '/home/sameer/cpp_files/ros2_cpp/src/cpp_pubsub/install/cpp_pubsub/share/cpp_pubsub/hook/cmake_prefix_path.ps1'
[9.122s] INFO:colcon.colcon_core.shell:Creating environment descriptor '/home/sameer/cpp_files/ros2_cpp/src/cpp_pubsub/install/cpp_pubsub/share/cpp_pubsub/hook/cmake_prefix_path.dsv'
[9.123s] INFO:colcon.colcon_core.shell:Creating environment hook '/home/sameer/cpp_files/ros2_cpp/src/cpp_pubsub/install/cpp_pubsub/share/cpp_pubsub/hook/cmake_prefix_path.sh'
[9.125s] Level 1:colcon.colcon_core.environment:checking '/home/sameer/cpp_files/ros2_cpp/src/cpp_pubsub/install/cpp_pubsub/lib'
[9.125s] Level 1:colcon.colcon_core.environment:checking '/home/sameer/cpp_files/ros2_cpp/src/cpp_pubsub/install/cpp_pubsub/bin'
[9.125s] Level 1:colcon.colcon_core.environment:checking '/home/sameer/cpp_files/ros2_cpp/src/cpp_pubsub/install/cpp_pubsub/lib/pkgconfig/cpp_pubsub.pc'
[9.126s] Level 1:colcon.colcon_core.environment:checking '/home/sameer/cpp_files/ros2_cpp/src/cpp_pubsub/install/cpp_pubsub/lib/python3.10/site-packages'
[9.127s] Level 1:colcon.colcon_core.environment:checking '/home/sameer/cpp_files/ros2_cpp/src/cpp_pubsub/install/cpp_pubsub/bin'
[9.127s] INFO:colcon.colcon_core.shell:Creating package script '/home/sameer/cpp_files/ros2_cpp/src/cpp_pubsub/install/cpp_pubsub/share/cpp_pubsub/package.ps1'
[9.128s] INFO:colcon.colcon_core.shell:Creating package descriptor '/home/sameer/cpp_files/ros2_cpp/src/cpp_pubsub/install/cpp_pubsub/share/cpp_pubsub/package.dsv'
[9.129s] INFO:colcon.colcon_core.shell:Creating package script '/home/sameer/cpp_files/ros2_cpp/src/cpp_pubsub/install/cpp_pubsub/share/cpp_pubsub/package.sh'
[9.130s] INFO:colcon.colcon_core.shell:Creating package script '/home/sameer/cpp_files/ros2_cpp/src/cpp_pubsub/install/cpp_pubsub/share/cpp_pubsub/package.bash'
[9.131s] INFO:colcon.colcon_core.shell:Creating package script '/home/sameer/cpp_files/ros2_cpp/src/cpp_pubsub/install/cpp_pubsub/share/cpp_pubsub/package.zsh'
[9.132s] Level 1:colcon.colcon_core.environment:create_file_with_runtime_dependencies(/home/sameer/cpp_files/ros2_cpp/src/cpp_pubsub/install/cpp_pubsub/share/colcon-core/packages/cpp_pubsub)
[9.195s] Level 1:colcon.colcon_core.environment:create_environment_scripts_only(cpp_pubsub)
[9.196s] Level 1:colcon.colcon_core.environment:checking '/home/sameer/cpp_files/ros2_cpp/src/cpp_pubsub/install/cpp_pubsub' for CMake module files
[9.197s] Level 1:colcon.colcon_core.environment:checking '/home/sameer/cpp_files/ros2_cpp/src/cpp_pubsub/install/cpp_pubsub' for CMake config files
[9.197s] Level 1:colcon.colcon_core.shell:create_environment_hook('cpp_pubsub', 'cmake_prefix_path')
[9.198s] INFO:colcon.colcon_core.shell:Creating environment hook '/home/sameer/cpp_files/ros2_cpp/src/cpp_pubsub/install/cpp_pubsub/share/cpp_pubsub/hook/cmake_prefix_path.ps1'
[9.199s] INFO:colcon.colcon_core.shell:Creating environment descriptor '/home/sameer/cpp_files/ros2_cpp/src/cpp_pubsub/install/cpp_pubsub/share/cpp_pubsub/hook/cmake_prefix_path.dsv'
[9.199s] INFO:colcon.colcon_core.shell:Creating environment hook '/home/sameer/cpp_files/ros2_cpp/src/cpp_pubsub/install/cpp_pubsub/share/cpp_pubsub/hook/cmake_prefix_path.sh'
[9.200s] Level 1:colcon.colcon_core.environment:checking '/home/sameer/cpp_files/ros2_cpp/src/cpp_pubsub/install/cpp_pubsub/lib'
[9.200s] Level 1:colcon.colcon_core.environment:checking '/home/sameer/cpp_files/ros2_cpp/src/cpp_pubsub/install/cpp_pubsub/bin'
[9.201s] Level 1:colcon.colcon_core.environment:checking '/home/sameer/cpp_files/ros2_cpp/src/cpp_pubsub/install/cpp_pubsub/lib/pkgconfig/cpp_pubsub.pc'
[9.201s] Level 1:colcon.colcon_core.environment:checking '/home/sameer/cpp_files/ros2_cpp/src/cpp_pubsub/install/cpp_pubsub/lib/python3.10/site-packages'
[9.201s] Level 1:colcon.colcon_core.environment:checking '/home/sameer/cpp_files/ros2_cpp/src/cpp_pubsub/install/cpp_pubsub/bin'
[9.202s] INFO:colcon.colcon_core.shell:Creating package script '/home/sameer/cpp_files/ros2_cpp/src/cpp_pubsub/install/cpp_pubsub/share/cpp_pubsub/package.ps1'
[9.202s] INFO:colcon.colcon_core.shell:Creating package descriptor '/home/sameer/cpp_files/ros2_cpp/src/cpp_pubsub/install/cpp_pubsub/share/cpp_pubsub/package.dsv'
[9.203s] INFO:colcon.colcon_core.shell:Creating package script '/home/sameer/cpp_files/ros2_cpp/src/cpp_pubsub/install/cpp_pubsub/share/cpp_pubsub/package.sh'
[9.204s] INFO:colcon.colcon_core.shell:Creating package script '/home/sameer/cpp_files/ros2_cpp/src/cpp_pubsub/install/cpp_pubsub/share/cpp_pubsub/package.bash'
[9.204s] INFO:colcon.colcon_core.shell:Creating package script '/home/sameer/cpp_files/ros2_cpp/src/cpp_pubsub/install/cpp_pubsub/share/cpp_pubsub/package.zsh'
[9.205s] Level 1:colcon.colcon_core.environment:create_file_with_runtime_dependencies(/home/sameer/cpp_files/ros2_cpp/src/cpp_pubsub/install/cpp_pubsub/share/colcon-core/packages/cpp_pubsub)
[9.205s] DEBUG:colcon.colcon_parallel_executor.executor.parallel:closing loop
[9.206s] DEBUG:colcon.colcon_parallel_executor.executor.parallel:loop closed
[9.206s] DEBUG:colcon.colcon_parallel_executor.executor.parallel:run_until_complete finished with '0'
[9.206s] DEBUG:colcon.colcon_core.event_reactor:joining thread
[9.216s] INFO:colcon.colcon_core.plugin_system:Skipping extension 'colcon_notification.desktop_notification.terminal_notifier': Not used on non-Darwin systems
[9.216s] INFO:colcon.colcon_core.plugin_system:Skipping extension 'colcon_notification.desktop_notification.win32': Not used on non-Windows systems
[9.216s] INFO:colcon.colcon_notification.desktop_notification:Sending desktop notification using 'notify2'
[9.238s] DEBUG:colcon.colcon_core.event_reactor:joined thread
[9.238s] INFO:colcon.colcon_core.shell:Creating prefix script '/home/sameer/cpp_files/ros2_cpp/src/cpp_pubsub/install/local_setup.ps1'
[9.240s] INFO:colcon.colcon_core.shell:Creating prefix util module '/home/sameer/cpp_files/ros2_cpp/src/cpp_pubsub/install/_local_setup_util_ps1.py'
[9.242s] INFO:colcon.colcon_core.shell:Creating prefix chain script '/home/sameer/cpp_files/ros2_cpp/src/cpp_pubsub/install/setup.ps1'
[9.245s] INFO:colcon.colcon_core.shell:Creating prefix script '/home/sameer/cpp_files/ros2_cpp/src/cpp_pubsub/install/local_setup.sh'
[9.246s] INFO:colcon.colcon_core.shell:Creating prefix util module '/home/sameer/cpp_files/ros2_cpp/src/cpp_pubsub/install/_local_setup_util_sh.py'
[9.247s] INFO:colcon.colcon_core.shell:Creating prefix chain script '/home/sameer/cpp_files/ros2_cpp/src/cpp_pubsub/install/setup.sh'
[9.249s] INFO:colcon.colcon_core.shell:Creating prefix script '/home/sameer/cpp_files/ros2_cpp/src/cpp_pubsub/install/local_setup.bash'
[9.250s] INFO:colcon.colcon_core.shell:Creating prefix chain script '/home/sameer/cpp_files/ros2_cpp/src/cpp_pubsub/install/setup.bash'
[9.252s] INFO:colcon.colcon_core.shell:Creating prefix script '/home/sameer/cpp_files/ros2_cpp/src/cpp_pubsub/install/local_setup.zsh'
[9.253s] INFO:colcon.colcon_core.shell:Creating prefix chain script '/home/sameer/cpp_files/ros2_cpp/src/cpp_pubsub/install/setup.zsh'
