[33mCMake Warning (dev) at CMakeLists.txt:1 (cmake_minimum_required):
  Compatibility with CMake < 2.4 is not supported by CMake >= 3.0.
This warning is for project developers.  Use -Wno-dev to suppress it.
[0m
[0mCMake Deprecation Warning at CMakeLists.txt:1 (cmake_minimum_required):
  Compatibility with CMake < 2.8.12 will be removed from a future version of
  CMake.

  Update the VERSION argument <min> value or use a ...<max> suffix to tell
  CMake that the project does not need compatibility with older versions.

[0m
-- Found ament_cmake: 1.3.8 (/opt/ros/humble/share/ament_cmake/cmake)
[33mCMake Warning (dev) at /usr/share/cmake-3.22/Modules/FindPython/Support.cmake:1831 (list):
  Policy CMP0007 is not set: list command no longer ignores empty elements.
  Run "cmake --help-policy CMP0007" for policy details.  Use the cmake_policy
  command to set the policy and suppress this warning.  List has value =
  [Python;3;10;12;64;;cpython-310-x86_64-linux-gnu;/usr/lib/python3.10;/usr/lib/python3.10;/usr/lib/python3/dist-packages;/usr/lib/python3/dist-packages].
Call Stack (most recent call first):
  /usr/share/cmake-3.22/Modules/FindPython3.cmake:490 (include)
  /opt/ros/humble/share/ament_cmake_core/cmake/core/python.cmake:33 (find_package)
  /opt/ros/humble/share/ament_cmake_core/cmake/core/all.cmake:54 (include)
  /opt/ros/humble/share/ament_cmake_core/cmake/ament_cmake_core-extras.cmake:17 (include)
  /opt/ros/humble/share/ament_cmake_core/cmake/ament_cmake_coreConfig.cmake:41 (include)
  /opt/ros/humble/share/ament_cmake/cmake/ament_cmake_export_dependencies-extras.cmake:15 (find_package)
  /opt/ros/humble/share/ament_cmake/cmake/ament_cmakeConfig.cmake:41 (include)
  CMakeLists.txt:9 (find_package)
This warning is for project developers.  Use -Wno-dev to suppress it.
[0m
[33mCMake Warning (dev) at /usr/share/cmake-3.22/Modules/FindPython/Support.cmake:1833 (list):
  Policy CMP0007 is not set: list command no longer ignores empty elements.
  Run "cmake --help-policy CMP0007" for policy details.  Use the cmake_policy
  command to set the policy and suppress this warning.  List has value =
  [Python;3;10;12;64;;cpython-310-x86_64-linux-gnu;/usr/lib/python3.10;/usr/lib/python3.10;/usr/lib/python3/dist-packages;/usr/lib/python3/dist-packages].
Call Stack (most recent call first):
  /usr/share/cmake-3.22/Modules/FindPython3.cmake:490 (include)
  /opt/ros/humble/share/ament_cmake_core/cmake/core/python.cmake:33 (find_package)
  /opt/ros/humble/share/ament_cmake_core/cmake/core/all.cmake:54 (include)
  /opt/ros/humble/share/ament_cmake_core/cmake/ament_cmake_core-extras.cmake:17 (include)
  /opt/ros/humble/share/ament_cmake_core/cmake/ament_cmake_coreConfig.cmake:41 (include)
  /opt/ros/humble/share/ament_cmake/cmake/ament_cmake_export_dependencies-extras.cmake:15 (find_package)
  /opt/ros/humble/share/ament_cmake/cmake/ament_cmakeConfig.cmake:41 (include)
  CMakeLists.txt:9 (find_package)
This warning is for project developers.  Use -Wno-dev to suppress it.
[0m
[33mCMake Warning (dev) at /usr/share/cmake-3.22/Modules/FindPython/Support.cmake:1834 (list):
  Policy CMP0007 is not set: list command no longer ignores empty elements.
  Run "cmake --help-policy CMP0007" for policy details.  Use the cmake_policy
  command to set the policy and suppress this warning.  List has value =
  [Python;3;10;12;64;;cpython-310-x86_64-linux-gnu;/usr/lib/python3.10;/usr/lib/python3.10;/usr/lib/python3/dist-packages;/usr/lib/python3/dist-packages].
Call Stack (most recent call first):
  /usr/share/cmake-3.22/Modules/FindPython3.cmake:490 (include)
  /opt/ros/humble/share/ament_cmake_core/cmake/core/python.cmake:33 (find_package)
  /opt/ros/humble/share/ament_cmake_core/cmake/core/all.cmake:54 (include)
  /opt/ros/humble/share/ament_cmake_core/cmake/ament_cmake_core-extras.cmake:17 (include)
  /opt/ros/humble/share/ament_cmake_core/cmake/ament_cmake_coreConfig.cmake:41 (include)
  /opt/ros/humble/share/ament_cmake/cmake/ament_cmake_export_dependencies-extras.cmake:15 (find_package)
  /opt/ros/humble/share/ament_cmake/cmake/ament_cmakeConfig.cmake:41 (include)
  CMakeLists.txt:9 (find_package)
This warning is for project developers.  Use -Wno-dev to suppress it.
[0m
[33mCMake Warning (dev) at /usr/share/cmake-3.22/Modules/FindPython/Support.cmake:1835 (list):
  Policy CMP0007 is not set: list command no longer ignores empty elements.
  Run "cmake --help-policy CMP0007" for policy details.  Use the cmake_policy
  command to set the policy and suppress this warning.  List has value =
  [Python;3;10;12;64;;cpython-310-x86_64-linux-gnu;/usr/lib/python3.10;/usr/lib/python3.10;/usr/lib/python3/dist-packages;/usr/lib/python3/dist-packages].
Call Stack (most recent call first):
  /usr/share/cmake-3.22/Modules/FindPython3.cmake:490 (include)
  /opt/ros/humble/share/ament_cmake_core/cmake/core/python.cmake:33 (find_package)
  /opt/ros/humble/share/ament_cmake_core/cmake/core/all.cmake:54 (include)
  /opt/ros/humble/share/ament_cmake_core/cmake/ament_cmake_core-extras.cmake:17 (include)
  /opt/ros/humble/share/ament_cmake_core/cmake/ament_cmake_coreConfig.cmake:41 (include)
  /opt/ros/humble/share/ament_cmake/cmake/ament_cmake_export_dependencies-extras.cmake:15 (find_package)
  /opt/ros/humble/share/ament_cmake/cmake/ament_cmakeConfig.cmake:41 (include)
  CMakeLists.txt:9 (find_package)
This warning is for project developers.  Use -Wno-dev to suppress it.
[0m
[33mCMake Warning (dev) at /usr/share/cmake-3.22/Modules/FindPython/Support.cmake:1837 (list):
  Policy CMP0007 is not set: list command no longer ignores empty elements.
  Run "cmake --help-policy CMP0007" for policy details.  Use the cmake_policy
  command to set the policy and suppress this warning.  List has value =
  [Python;3;10;12;64;;cpython-310-x86_64-linux-gnu;/usr/lib/python3.10;/usr/lib/python3.10;/usr/lib/python3/dist-packages;/usr/lib/python3/dist-packages].
Call Stack (most recent call first):
  /usr/share/cmake-3.22/Modules/FindPython3.cmake:490 (include)
  /opt/ros/humble/share/ament_cmake_core/cmake/core/python.cmake:33 (find_package)
  /opt/ros/humble/share/ament_cmake_core/cmake/core/all.cmake:54 (include)
  /opt/ros/humble/share/ament_cmake_core/cmake/ament_cmake_core-extras.cmake:17 (include)
  /opt/ros/humble/share/ament_cmake_core/cmake/ament_cmake_coreConfig.cmake:41 (include)
  /opt/ros/humble/share/ament_cmake/cmake/ament_cmake_export_dependencies-extras.cmake:15 (find_package)
  /opt/ros/humble/share/ament_cmake/cmake/ament_cmakeConfig.cmake:41 (include)
  CMakeLists.txt:9 (find_package)
This warning is for project developers.  Use -Wno-dev to suppress it.
[0m
[33mCMake Warning (dev) at /usr/share/cmake-3.22/Modules/FindPython/Support.cmake:1840 (list):
  Policy CMP0007 is not set: list command no longer ignores empty elements.
  Run "cmake --help-policy CMP0007" for policy details.  Use the cmake_policy
  command to set the policy and suppress this warning.  List has value =
  [Python;3;10;12;64;;cpython-310-x86_64-linux-gnu;/usr/lib/python3.10;/usr/lib/python3.10;/usr/lib/python3/dist-packages;/usr/lib/python3/dist-packages].
Call Stack (most recent call first):
  /usr/share/cmake-3.22/Modules/FindPython3.cmake:490 (include)
  /opt/ros/humble/share/ament_cmake_core/cmake/core/python.cmake:33 (find_package)
  /opt/ros/humble/share/ament_cmake_core/cmake/core/all.cmake:54 (include)
  /opt/ros/humble/share/ament_cmake_core/cmake/ament_cmake_core-extras.cmake:17 (include)
  /opt/ros/humble/share/ament_cmake_core/cmake/ament_cmake_coreConfig.cmake:41 (include)
  /opt/ros/humble/share/ament_cmake/cmake/ament_cmake_export_dependencies-extras.cmake:15 (find_package)
  /opt/ros/humble/share/ament_cmake/cmake/ament_cmakeConfig.cmake:41 (include)
  CMakeLists.txt:9 (find_package)
This warning is for project developers.  Use -Wno-dev to suppress it.
[0m
[33mCMake Warning (dev) at /usr/share/cmake-3.22/Modules/FindPython/Support.cmake:1841 (list):
  Policy CMP0007 is not set: list command no longer ignores empty elements.
  Run "cmake --help-policy CMP0007" for policy details.  Use the cmake_policy
  command to set the policy and suppress this warning.  List has value =
  [Python;3;10;12;64;;cpython-310-x86_64-linux-gnu;/usr/lib/python3.10;/usr/lib/python3.10;/usr/lib/python3/dist-packages;/usr/lib/python3/dist-packages].
Call Stack (most recent call first):
  /usr/share/cmake-3.22/Modules/FindPython3.cmake:490 (include)
  /opt/ros/humble/share/ament_cmake_core/cmake/core/python.cmake:33 (find_package)
  /opt/ros/humble/share/ament_cmake_core/cmake/core/all.cmake:54 (include)
  /opt/ros/humble/share/ament_cmake_core/cmake/ament_cmake_core-extras.cmake:17 (include)
  /opt/ros/humble/share/ament_cmake_core/cmake/ament_cmake_coreConfig.cmake:41 (include)
  /opt/ros/humble/share/ament_cmake/cmake/ament_cmake_export_dependencies-extras.cmake:15 (find_package)
  /opt/ros/humble/share/ament_cmake/cmake/ament_cmakeConfig.cmake:41 (include)
  CMakeLists.txt:9 (find_package)
This warning is for project developers.  Use -Wno-dev to suppress it.
[0m
[33mCMake Warning (dev) at /usr/share/cmake-3.22/Modules/FindPython/Support.cmake:1843 (list):
  Policy CMP0007 is not set: list command no longer ignores empty elements.
  Run "cmake --help-policy CMP0007" for policy details.  Use the cmake_policy
  command to set the policy and suppress this warning.  List has value =
  [Python;3;10;12;64;;cpython-310-x86_64-linux-gnu;/usr/lib/python3.10;/usr/lib/python3.10;/usr/lib/python3/dist-packages;/usr/lib/python3/dist-packages].
Call Stack (most recent call first):
  /usr/share/cmake-3.22/Modules/FindPython3.cmake:490 (include)
  /opt/ros/humble/share/ament_cmake_core/cmake/core/python.cmake:33 (find_package)
  /opt/ros/humble/share/ament_cmake_core/cmake/core/all.cmake:54 (include)
  /opt/ros/humble/share/ament_cmake_core/cmake/ament_cmake_core-extras.cmake:17 (include)
  /opt/ros/humble/share/ament_cmake_core/cmake/ament_cmake_coreConfig.cmake:41 (include)
  /opt/ros/humble/share/ament_cmake/cmake/ament_cmake_export_dependencies-extras.cmake:15 (find_package)
  /opt/ros/humble/share/ament_cmake/cmake/ament_cmakeConfig.cmake:41 (include)
  CMakeLists.txt:9 (find_package)
This warning is for project developers.  Use -Wno-dev to suppress it.
[0m
[33mCMake Warning (dev) at /usr/share/cmake-3.22/Modules/FindPython/Support.cmake:1844 (list):
  Policy CMP0007 is not set: list command no longer ignores empty elements.
  Run "cmake --help-policy CMP0007" for policy details.  Use the cmake_policy
  command to set the policy and suppress this warning.  List has value =
  [Python;3;10;12;64;;cpython-310-x86_64-linux-gnu;/usr/lib/python3.10;/usr/lib/python3.10;/usr/lib/python3/dist-packages;/usr/lib/python3/dist-packages].
Call Stack (most recent call first):
  /usr/share/cmake-3.22/Modules/FindPython3.cmake:490 (include)
  /opt/ros/humble/share/ament_cmake_core/cmake/core/python.cmake:33 (find_package)
  /opt/ros/humble/share/ament_cmake_core/cmake/core/all.cmake:54 (include)
  /opt/ros/humble/share/ament_cmake_core/cmake/ament_cmake_core-extras.cmake:17 (include)
  /opt/ros/humble/share/ament_cmake_core/cmake/ament_cmake_coreConfig.cmake:41 (include)
  /opt/ros/humble/share/ament_cmake/cmake/ament_cmake_export_dependencies-extras.cmake:15 (find_package)
  /opt/ros/humble/share/ament_cmake/cmake/ament_cmakeConfig.cmake:41 (include)
  CMakeLists.txt:9 (find_package)
This warning is for project developers.  Use -Wno-dev to suppress it.
[0m
[33mCMake Warning (dev) at /usr/share/cmake-3.22/Modules/FindPython/Support.cmake:1845 (list):
  Policy CMP0007 is not set: list command no longer ignores empty elements.
  Run "cmake --help-policy CMP0007" for policy details.  Use the cmake_policy
  command to set the policy and suppress this warning.  List has value =
  [Python;3;10;12;64;;cpython-310-x86_64-linux-gnu;/usr/lib/python3.10;/usr/lib/python3.10;/usr/lib/python3/dist-packages;/usr/lib/python3/dist-packages].
Call Stack (most recent call first):
  /usr/share/cmake-3.22/Modules/FindPython3.cmake:490 (include)
  /opt/ros/humble/share/ament_cmake_core/cmake/core/python.cmake:33 (find_package)
  /opt/ros/humble/share/ament_cmake_core/cmake/core/all.cmake:54 (include)
  /opt/ros/humble/share/ament_cmake_core/cmake/ament_cmake_core-extras.cmake:17 (include)
  /opt/ros/humble/share/ament_cmake_core/cmake/ament_cmake_coreConfig.cmake:41 (include)
  /opt/ros/humble/share/ament_cmake/cmake/ament_cmake_export_dependencies-extras.cmake:15 (find_package)
  /opt/ros/humble/share/ament_cmake/cmake/ament_cmakeConfig.cmake:41 (include)
  CMakeLists.txt:9 (find_package)
This warning is for project developers.  Use -Wno-dev to suppress it.
[0m
[33mCMake Warning (dev) at /usr/share/cmake-3.22/Modules/FindPython/Support.cmake:1846 (list):
  Policy CMP0007 is not set: list command no longer ignores empty elements.
  Run "cmake --help-policy CMP0007" for policy details.  Use the cmake_policy
  command to set the policy and suppress this warning.  List has value =
  [Python;3;10;12;64;;cpython-310-x86_64-linux-gnu;/usr/lib/python3.10;/usr/lib/python3.10;/usr/lib/python3/dist-packages;/usr/lib/python3/dist-packages].
Call Stack (most recent call first):
  /usr/share/cmake-3.22/Modules/FindPython3.cmake:490 (include)
  /opt/ros/humble/share/ament_cmake_core/cmake/core/python.cmake:33 (find_package)
  /opt/ros/humble/share/ament_cmake_core/cmake/core/all.cmake:54 (include)
  /opt/ros/humble/share/ament_cmake_core/cmake/ament_cmake_core-extras.cmake:17 (include)
  /opt/ros/humble/share/ament_cmake_core/cmake/ament_cmake_coreConfig.cmake:41 (include)
  /opt/ros/humble/share/ament_cmake/cmake/ament_cmake_export_dependencies-extras.cmake:15 (find_package)
  /opt/ros/humble/share/ament_cmake/cmake/ament_cmakeConfig.cmake:41 (include)
  CMakeLists.txt:9 (find_package)
This warning is for project developers.  Use -Wno-dev to suppress it.
[0m
[31mCMake Error at /usr/share/cmake-3.22/Modules/FindPython/Support.cmake:1846 (list):
  list index: 10 out of range (-10, 9)
Call Stack (most recent call first):
  /usr/share/cmake-3.22/Modules/FindPython3.cmake:490 (include)
  /opt/ros/humble/share/ament_cmake_core/cmake/core/python.cmake:33 (find_package)
  /opt/ros/humble/share/ament_cmake_core/cmake/core/all.cmake:54 (include)
  /opt/ros/humble/share/ament_cmake_core/cmake/ament_cmake_core-extras.cmake:17 (include)
  /opt/ros/humble/share/ament_cmake_core/cmake/ament_cmake_coreConfig.cmake:41 (include)
  /opt/ros/humble/share/ament_cmake/cmake/ament_cmake_export_dependencies-extras.cmake:15 (find_package)
  /opt/ros/humble/share/ament_cmake/cmake/ament_cmakeConfig.cmake:41 (include)
  CMakeLists.txt:9 (find_package)

[0m
-- Found lifecycle_msgs: 1.2.1 (/opt/ros/humble/share/lifecycle_msgs/cmake)
[33mCMake Warning (dev) at /opt/ros/humble/share/ament_cmake_core/cmake/core/normalize_path.cmake:52 (while):
  had incorrect arguments:

    "TRUE"

  An argument named "TRUE" appears in a conditional statement.  Policy
  CMP0012 is not set: if() recognizes numbers and boolean constants.  Run
  "cmake --help-policy CMP0012" for policy details.  Use the cmake_policy
  command to set the policy and suppress this warning.
Call Stack (most recent call first):
  /opt/ros/humble/share/ament_cmake_core/cmake/core/normalize_path.cmake:34 (_normalize_path__collapse_redundant)
  /opt/ros/humble/share/lifecycle_msgs/cmake/ament_cmake_export_include_directories-extras.cmake:13 (normalize_path)
  /opt/ros/humble/share/lifecycle_msgs/cmake/lifecycle_msgsConfig.cmake:41 (include)
  CMakeLists.txt:10 (find_package)
This warning is for project developers.  Use -Wno-dev to suppress it.
[0m
[33mCMake Warning (dev) at /opt/ros/humble/share/ament_cmake_core/cmake/core/normalize_path.cmake:72 (while):
  had incorrect arguments:

    "TRUE"

  An argument named "TRUE" appears in a conditional statement.  Policy
  CMP0012 is not set: if() recognizes numbers and boolean constants.  Run
  "cmake --help-policy CMP0012" for policy details.  Use the cmake_policy
  command to set the policy and suppress this warning.
Call Stack (most recent call first):
  /opt/ros/humble/share/ament_cmake_core/cmake/core/normalize_path.cmake:35 (_normalize_path__collapse_uplevel_reference)
  /opt/ros/humble/share/lifecycle_msgs/cmake/ament_cmake_export_include_directories-extras.cmake:13 (normalize_path)
  /opt/ros/humble/share/lifecycle_msgs/cmake/lifecycle_msgsConfig.cmake:41 (include)
  CMakeLists.txt:10 (find_package)
This warning is for project developers.  Use -Wno-dev to suppress it.
[0m
[33mCMake Warning (dev) at /opt/ros/humble/share/ament_cmake_core/cmake/core/normalize_path.cmake:52 (while):
  had incorrect arguments:

    "TRUE"

  An argument named "TRUE" appears in a conditional statement.  Policy
  CMP0012 is not set: if() recognizes numbers and boolean constants.  Run
  "cmake --help-policy CMP0012" for policy details.  Use the cmake_policy
  command to set the policy and suppress this warning.
Call Stack (most recent call first):
  /opt/ros/humble/share/ament_cmake_core/cmake/core/normalize_path.cmake:34 (_normalize_path__collapse_redundant)
  /opt/ros/humble/share/rcutils/cmake/ament_cmake_export_include_directories-extras.cmake:13 (normalize_path)
  /opt/ros/humble/share/rcutils/cmake/rcutilsConfig.cmake:41 (include)
  /opt/ros/humble/share/rosidl_runtime_c/cmake/ament_cmake_export_dependencies-extras.cmake:21 (find_package)
  /opt/ros/humble/share/rosidl_runtime_c/cmake/rosidl_runtime_cConfig.cmake:41 (include)
  /opt/ros/humble/share/lifecycle_msgs/cmake/ament_cmake_export_dependencies-extras.cmake:21 (find_package)
  /opt/ros/humble/share/lifecycle_msgs/cmake/lifecycle_msgsConfig.cmake:41 (include)
  CMakeLists.txt:10 (find_package)
This warning is for project developers.  Use -Wno-dev to suppress it.
[0m
[33mCMake Warning (dev) at /opt/ros/humble/share/ament_cmake_core/cmake/core/normalize_path.cmake:72 (while):
  had incorrect arguments:

    "TRUE"

  An argument named "TRUE" appears in a conditional statement.  Policy
  CMP0012 is not set: if() recognizes numbers and boolean constants.  Run
  "cmake --help-policy CMP0012" for policy details.  Use the cmake_policy
  command to set the policy and suppress this warning.
Call Stack (most recent call first):
  /opt/ros/humble/share/ament_cmake_core/cmake/core/normalize_path.cmake:35 (_normalize_path__collapse_uplevel_reference)
  /opt/ros/humble/share/rcutils/cmake/ament_cmake_export_include_directories-extras.cmake:13 (normalize_path)
  /opt/ros/humble/share/rcutils/cmake/rcutilsConfig.cmake:41 (include)
  /opt/ros/humble/share/rosidl_runtime_c/cmake/ament_cmake_export_dependencies-extras.cmake:21 (find_package)
  /opt/ros/humble/share/rosidl_runtime_c/cmake/rosidl_runtime_cConfig.cmake:41 (include)
  /opt/ros/humble/share/lifecycle_msgs/cmake/ament_cmake_export_dependencies-extras.cmake:21 (find_package)
  /opt/ros/humble/share/lifecycle_msgs/cmake/lifecycle_msgsConfig.cmake:41 (include)
  CMakeLists.txt:10 (find_package)
This warning is for project developers.  Use -Wno-dev to suppress it.
[0m
[33mCMake Warning (dev) at /opt/ros/humble/share/ament_cmake_core/cmake/core/list_append_unique.cmake:30 (if):
  Policy CMP0057 is not set: Support new IN_LIST if() operator.  Run "cmake
  --help-policy CMP0057" for policy details.  Use the cmake_policy command to
  set the policy and suppress this warning.

  IN_LIST will be interpreted as an operator when the policy is set to NEW.
  Since the policy is not set the OLD behavior will be used.
Call Stack (most recent call first):
  /opt/ros/humble/share/rcutils/cmake/ament_cmake_export_dependencies-extras.cmake:84 (list_append_unique)
  /opt/ros/humble/share/rcutils/cmake/rcutilsConfig.cmake:41 (include)
  /opt/ros/humble/share/rosidl_runtime_c/cmake/ament_cmake_export_dependencies-extras.cmake:21 (find_package)
  /opt/ros/humble/share/rosidl_runtime_c/cmake/rosidl_runtime_cConfig.cmake:41 (include)
  /opt/ros/humble/share/lifecycle_msgs/cmake/ament_cmake_export_dependencies-extras.cmake:21 (find_package)
  /opt/ros/humble/share/lifecycle_msgs/cmake/lifecycle_msgsConfig.cmake:41 (include)
  CMakeLists.txt:10 (find_package)
This warning is for project developers.  Use -Wno-dev to suppress it.
[0m
[31mCMake Error at /opt/ros/humble/share/ament_cmake_core/cmake/core/list_append_unique.cmake:30 (if):
  if given arguments:

    "NOT" "element" "IN_LIST" "rcutils_RECURSIVE_DEPENDENCIES"

  Unknown arguments specified
Call Stack (most recent call first):
  /opt/ros/humble/share/rcutils/cmake/ament_cmake_export_dependencies-extras.cmake:84 (list_append_unique)
  /opt/ros/humble/share/rcutils/cmake/rcutilsConfig.cmake:41 (include)
  /opt/ros/humble/share/rosidl_runtime_c/cmake/ament_cmake_export_dependencies-extras.cmake:21 (find_package)
  /opt/ros/humble/share/rosidl_runtime_c/cmake/rosidl_runtime_cConfig.cmake:41 (include)
  /opt/ros/humble/share/lifecycle_msgs/cmake/ament_cmake_export_dependencies-extras.cmake:21 (find_package)
  /opt/ros/humble/share/lifecycle_msgs/cmake/lifecycle_msgsConfig.cmake:41 (include)
  CMakeLists.txt:10 (find_package)

[0m
-- Configuring incomplete, errors occurred!
See also "/home/sameer/cpp_files/ros2_cpp/build/cpp_pubsub/CMakeFiles/CMakeOutput.log".
