[0.018s] Invoking command in '/home/sameer/cpp_files/ros2_cpp/build/cpp_pubsub': CMAKE_PREFIX_PATH=/home/sameer/ros2_ws_2/install/cpp_pubsub:/home/sameer/ros2_ws/install/my_robot_controller:/opt/ros/humble /usr/bin/cmake /home/sameer/cpp_files/ros2_cpp/src/cpp_pubsub -DCMAKE_INSTALL_PREFIX=/home/sameer/cpp_files/ros2_cpp/install/cpp_pubsub
[0.035s] [33mCMake Warning (dev) at CMakeLists.txt:1 (cmake_minimum_required):
[0.035s]   Compatibility with CMake < 2.4 is not supported by CMake >= 3.0.
[0.035s] This warning is for project developers.  Use -Wno-dev to suppress it.
[0.036s] [0m
[0.036s] [0mCMake Deprecation Warning at CMakeLists.txt:1 (cmake_minimum_required):
[0.036s]   Compatibility with CMake < 2.8.12 will be removed from a future version of
[0.036s]   CMake.
[0.036s] 
[0.036s]   Update the VERSION argument <min> value or use a ...<max> suffix to tell
[0.036s]   CMake that the project does not need compatibility with older versions.
[0.036s] 
[0.037s] [0m
[0.046s] -- Found ament_cmake: 1.3.8 (/opt/ros/humble/share/ament_cmake/cmake)
[0.156s] [33mCMake Warning (dev) at /usr/share/cmake-3.22/Modules/FindPython/Support.cmake:1831 (list):
[0.157s]   Policy CMP0007 is not set: list command no longer ignores empty elements.
[0.157s]   Run "cmake --help-policy CMP0007" for policy details.  Use the cmake_policy
[0.157s]   command to set the policy and suppress this warning.  List has value =
[0.157s]   [Python;3;10;12;64;;cpython-310-x86_64-linux-gnu;/usr/lib/python3.10;/usr/lib/python3.10;/usr/lib/python3/dist-packages;/usr/lib/python3/dist-packages].
[0.157s] Call Stack (most recent call first):
[0.157s]   /usr/share/cmake-3.22/Modules/FindPython3.cmake:490 (include)
[0.158s]   /opt/ros/humble/share/ament_cmake_core/cmake/core/python.cmake:33 (find_package)
[0.158s]   /opt/ros/humble/share/ament_cmake_core/cmake/core/all.cmake:54 (include)
[0.158s]   /opt/ros/humble/share/ament_cmake_core/cmake/ament_cmake_core-extras.cmake:17 (include)
[0.158s]   /opt/ros/humble/share/ament_cmake_core/cmake/ament_cmake_coreConfig.cmake:41 (include)
[0.158s]   /opt/ros/humble/share/ament_cmake/cmake/ament_cmake_export_dependencies-extras.cmake:15 (find_package)
[0.158s]   /opt/ros/humble/share/ament_cmake/cmake/ament_cmakeConfig.cmake:41 (include)
[0.158s]   CMakeLists.txt:9 (find_package)
[0.158s] This warning is for project developers.  Use -Wno-dev to suppress it.
[0.158s] [0m
[0.158s] [33mCMake Warning (dev) at /usr/share/cmake-3.22/Modules/FindPython/Support.cmake:1833 (list):
[0.159s]   Policy CMP0007 is not set: list command no longer ignores empty elements.
[0.159s]   Run "cmake --help-policy CMP0007" for policy details.  Use the cmake_policy
[0.159s]   command to set the policy and suppress this warning.  List has value =
[0.159s]   [Python;3;10;12;64;;cpython-310-x86_64-linux-gnu;/usr/lib/python3.10;/usr/lib/python3.10;/usr/lib/python3/dist-packages;/usr/lib/python3/dist-packages].
[0.159s] Call Stack (most recent call first):
[0.159s]   /usr/share/cmake-3.22/Modules/FindPython3.cmake:490 (include)
[0.159s]   /opt/ros/humble/share/ament_cmake_core/cmake/core/python.cmake:33 (find_package)
[0.159s]   /opt/ros/humble/share/ament_cmake_core/cmake/core/all.cmake:54 (include)
[0.159s]   /opt/ros/humble/share/ament_cmake_core/cmake/ament_cmake_core-extras.cmake:17 (include)
[0.159s]   /opt/ros/humble/share/ament_cmake_core/cmake/ament_cmake_coreConfig.cmake:41 (include)
[0.159s]   /opt/ros/humble/share/ament_cmake/cmake/ament_cmake_export_dependencies-extras.cmake:15 (find_package)
[0.160s]   /opt/ros/humble/share/ament_cmake/cmake/ament_cmakeConfig.cmake:41 (include)
[0.160s]   CMakeLists.txt:9 (find_package)
[0.160s] This warning is for project developers.  Use -Wno-dev to suppress it.
[0.160s] [0m
[0.160s] [33mCMake Warning (dev) at /usr/share/cmake-3.22/Modules/FindPython/Support.cmake:1834 (list):
[0.160s]   Policy CMP0007 is not set: list command no longer ignores empty elements.
[0.160s]   Run "cmake --help-policy CMP0007" for policy details.  Use the cmake_policy
[0.160s]   command to set the policy and suppress this warning.  List has value =
[0.160s]   [Python;3;10;12;64;;cpython-310-x86_64-linux-gnu;/usr/lib/python3.10;/usr/lib/python3.10;/usr/lib/python3/dist-packages;/usr/lib/python3/dist-packages].
[0.160s] Call Stack (most recent call first):
[0.161s]   /usr/share/cmake-3.22/Modules/FindPython3.cmake:490 (include)
[0.161s]   /opt/ros/humble/share/ament_cmake_core/cmake/core/python.cmake:33 (find_package)
[0.161s]   /opt/ros/humble/share/ament_cmake_core/cmake/core/all.cmake:54 (include)
[0.161s]   /opt/ros/humble/share/ament_cmake_core/cmake/ament_cmake_core-extras.cmake:17 (include)
[0.161s]   /opt/ros/humble/share/ament_cmake_core/cmake/ament_cmake_coreConfig.cmake:41 (include)
[0.161s]   /opt/ros/humble/share/ament_cmake/cmake/ament_cmake_export_dependencies-extras.cmake:15 (find_package)
[0.161s]   /opt/ros/humble/share/ament_cmake/cmake/ament_cmakeConfig.cmake:41 (include)
[0.161s]   CMakeLists.txt:9 (find_package)
[0.161s] This warning is for project developers.  Use -Wno-dev to suppress it.
[0.161s] [0m
[0.162s] [33mCMake Warning (dev) at /usr/share/cmake-3.22/Modules/FindPython/Support.cmake:1835 (list):
[0.162s]   Policy CMP0007 is not set: list command no longer ignores empty elements.
[0.162s]   Run "cmake --help-policy CMP0007" for policy details.  Use the cmake_policy
[0.162s]   command to set the policy and suppress this warning.  List has value =
[0.162s]   [Python;3;10;12;64;;cpython-310-x86_64-linux-gnu;/usr/lib/python3.10;/usr/lib/python3.10;/usr/lib/python3/dist-packages;/usr/lib/python3/dist-packages].
[0.162s] Call Stack (most recent call first):
[0.162s]   /usr/share/cmake-3.22/Modules/FindPython3.cmake:490 (include)
[0.162s]   /opt/ros/humble/share/ament_cmake_core/cmake/core/python.cmake:33 (find_package)
[0.162s]   /opt/ros/humble/share/ament_cmake_core/cmake/core/all.cmake:54 (include)
[0.162s]   /opt/ros/humble/share/ament_cmake_core/cmake/ament_cmake_core-extras.cmake:17 (include)
[0.163s]   /opt/ros/humble/share/ament_cmake_core/cmake/ament_cmake_coreConfig.cmake:41 (include)
[0.163s]   /opt/ros/humble/share/ament_cmake/cmake/ament_cmake_export_dependencies-extras.cmake:15 (find_package)
[0.163s]   /opt/ros/humble/share/ament_cmake/cmake/ament_cmakeConfig.cmake:41 (include)
[0.163s]   CMakeLists.txt:9 (find_package)
[0.163s] This warning is for project developers.  Use -Wno-dev to suppress it.
[0.163s] [0m
[0.163s] [33mCMake Warning (dev) at /usr/share/cmake-3.22/Modules/FindPython/Support.cmake:1837 (list):
[0.163s]   Policy CMP0007 is not set: list command no longer ignores empty elements.
[0.163s]   Run "cmake --help-policy CMP0007" for policy details.  Use the cmake_policy
[0.163s]   command to set the policy and suppress this warning.  List has value =
[0.163s]   [Python;3;10;12;64;;cpython-310-x86_64-linux-gnu;/usr/lib/python3.10;/usr/lib/python3.10;/usr/lib/python3/dist-packages;/usr/lib/python3/dist-packages].
[0.164s] Call Stack (most recent call first):
[0.164s]   /usr/share/cmake-3.22/Modules/FindPython3.cmake:490 (include)
[0.164s]   /opt/ros/humble/share/ament_cmake_core/cmake/core/python.cmake:33 (find_package)
[0.164s]   /opt/ros/humble/share/ament_cmake_core/cmake/core/all.cmake:54 (include)
[0.164s]   /opt/ros/humble/share/ament_cmake_core/cmake/ament_cmake_core-extras.cmake:17 (include)
[0.164s]   /opt/ros/humble/share/ament_cmake_core/cmake/ament_cmake_coreConfig.cmake:41 (include)
[0.164s]   /opt/ros/humble/share/ament_cmake/cmake/ament_cmake_export_dependencies-extras.cmake:15 (find_package)
[0.164s]   /opt/ros/humble/share/ament_cmake/cmake/ament_cmakeConfig.cmake:41 (include)
[0.164s]   CMakeLists.txt:9 (find_package)
[0.164s] This warning is for project developers.  Use -Wno-dev to suppress it.
[0.165s] [0m
[0.165s] [33mCMake Warning (dev) at /usr/share/cmake-3.22/Modules/FindPython/Support.cmake:1840 (list):
[0.165s]   Policy CMP0007 is not set: list command no longer ignores empty elements.
[0.165s]   Run "cmake --help-policy CMP0007" for policy details.  Use the cmake_policy
[0.165s]   command to set the policy and suppress this warning.  List has value =
[0.165s]   [Python;3;10;12;64;;cpython-310-x86_64-linux-gnu;/usr/lib/python3.10;/usr/lib/python3.10;/usr/lib/python3/dist-packages;/usr/lib/python3/dist-packages].
[0.165s] Call Stack (most recent call first):
[0.165s]   /usr/share/cmake-3.22/Modules/FindPython3.cmake:490 (include)
[0.165s]   /opt/ros/humble/share/ament_cmake_core/cmake/core/python.cmake:33 (find_package)
[0.165s]   /opt/ros/humble/share/ament_cmake_core/cmake/core/all.cmake:54 (include)
[0.166s]   /opt/ros/humble/share/ament_cmake_core/cmake/ament_cmake_core-extras.cmake:17 (include)
[0.166s]   /opt/ros/humble/share/ament_cmake_core/cmake/ament_cmake_coreConfig.cmake:41 (include)
[0.166s]   /opt/ros/humble/share/ament_cmake/cmake/ament_cmake_export_dependencies-extras.cmake:15 (find_package)
[0.166s]   /opt/ros/humble/share/ament_cmake/cmake/ament_cmakeConfig.cmake:41 (include)
[0.166s]   CMakeLists.txt:9 (find_package)
[0.166s] This warning is for project developers.  Use -Wno-dev to suppress it.
[0.166s] [0m
[0.166s] [33mCMake Warning (dev) at /usr/share/cmake-3.22/Modules/FindPython/Support.cmake:1841 (list):
[0.166s]   Policy CMP0007 is not set: list command no longer ignores empty elements.
[0.166s]   Run "cmake --help-policy CMP0007" for policy details.  Use the cmake_policy
[0.167s]   command to set the policy and suppress this warning.  List has value =
[0.167s]   [Python;3;10;12;64;;cpython-310-x86_64-linux-gnu;/usr/lib/python3.10;/usr/lib/python3.10;/usr/lib/python3/dist-packages;/usr/lib/python3/dist-packages].
[0.167s] Call Stack (most recent call first):
[0.167s]   /usr/share/cmake-3.22/Modules/FindPython3.cmake:490 (include)
[0.167s]   /opt/ros/humble/share/ament_cmake_core/cmake/core/python.cmake:33 (find_package)
[0.167s]   /opt/ros/humble/share/ament_cmake_core/cmake/core/all.cmake:54 (include)
[0.167s]   /opt/ros/humble/share/ament_cmake_core/cmake/ament_cmake_core-extras.cmake:17 (include)
[0.167s]   /opt/ros/humble/share/ament_cmake_core/cmake/ament_cmake_coreConfig.cmake:41 (include)
[0.167s]   /opt/ros/humble/share/ament_cmake/cmake/ament_cmake_export_dependencies-extras.cmake:15 (find_package)
[0.167s]   /opt/ros/humble/share/ament_cmake/cmake/ament_cmakeConfig.cmake:41 (include)
[0.168s]   CMakeLists.txt:9 (find_package)
[0.168s] This warning is for project developers.  Use -Wno-dev to suppress it.
[0.168s] [0m
[0.168s] [33mCMake Warning (dev) at /usr/share/cmake-3.22/Modules/FindPython/Support.cmake:1843 (list):
[0.168s]   Policy CMP0007 is not set: list command no longer ignores empty elements.
[0.168s]   Run "cmake --help-policy CMP0007" for policy details.  Use the cmake_policy
[0.168s]   command to set the policy and suppress this warning.  List has value =
[0.168s]   [Python;3;10;12;64;;cpython-310-x86_64-linux-gnu;/usr/lib/python3.10;/usr/lib/python3.10;/usr/lib/python3/dist-packages;/usr/lib/python3/dist-packages].
[0.168s] Call Stack (most recent call first):
[0.168s]   /usr/share/cmake-3.22/Modules/FindPython3.cmake:490 (include)
[0.168s]   /opt/ros/humble/share/ament_cmake_core/cmake/core/python.cmake:33 (find_package)
[0.169s]   /opt/ros/humble/share/ament_cmake_core/cmake/core/all.cmake:54 (include)
[0.169s]   /opt/ros/humble/share/ament_cmake_core/cmake/ament_cmake_core-extras.cmake:17 (include)
[0.169s]   /opt/ros/humble/share/ament_cmake_core/cmake/ament_cmake_coreConfig.cmake:41 (include)
[0.169s]   /opt/ros/humble/share/ament_cmake/cmake/ament_cmake_export_dependencies-extras.cmake:15 (find_package)
[0.169s]   /opt/ros/humble/share/ament_cmake/cmake/ament_cmakeConfig.cmake:41 (include)
[0.169s]   CMakeLists.txt:9 (find_package)
[0.169s] This warning is for project developers.  Use -Wno-dev to suppress it.
[0.169s] [0m
[0.169s] [33mCMake Warning (dev) at /usr/share/cmake-3.22/Modules/FindPython/Support.cmake:1844 (list):
[0.169s]   Policy CMP0007 is not set: list command no longer ignores empty elements.
[0.170s]   Run "cmake --help-policy CMP0007" for policy details.  Use the cmake_policy
[0.170s]   command to set the policy and suppress this warning.  List has value =
[0.170s]   [Python;3;10;12;64;;cpython-310-x86_64-linux-gnu;/usr/lib/python3.10;/usr/lib/python3.10;/usr/lib/python3/dist-packages;/usr/lib/python3/dist-packages].
[0.170s] Call Stack (most recent call first):
[0.170s]   /usr/share/cmake-3.22/Modules/FindPython3.cmake:490 (include)
[0.170s]   /opt/ros/humble/share/ament_cmake_core/cmake/core/python.cmake:33 (find_package)
[0.170s]   /opt/ros/humble/share/ament_cmake_core/cmake/core/all.cmake:54 (include)
[0.170s]   /opt/ros/humble/share/ament_cmake_core/cmake/ament_cmake_core-extras.cmake:17 (include)
[0.170s]   /opt/ros/humble/share/ament_cmake_core/cmake/ament_cmake_coreConfig.cmake:41 (include)
[0.170s]   /opt/ros/humble/share/ament_cmake/cmake/ament_cmake_export_dependencies-extras.cmake:15 (find_package)
[0.171s]   /opt/ros/humble/share/ament_cmake/cmake/ament_cmakeConfig.cmake:41 (include)
[0.171s]   CMakeLists.txt:9 (find_package)
[0.171s] This warning is for project developers.  Use -Wno-dev to suppress it.
[0.171s] [0m
[0.171s] [33mCMake Warning (dev) at /usr/share/cmake-3.22/Modules/FindPython/Support.cmake:1845 (list):
[0.171s]   Policy CMP0007 is not set: list command no longer ignores empty elements.
[0.171s]   Run "cmake --help-policy CMP0007" for policy details.  Use the cmake_policy
[0.171s]   command to set the policy and suppress this warning.  List has value =
[0.171s]   [Python;3;10;12;64;;cpython-310-x86_64-linux-gnu;/usr/lib/python3.10;/usr/lib/python3.10;/usr/lib/python3/dist-packages;/usr/lib/python3/dist-packages].
[0.171s] Call Stack (most recent call first):
[0.172s]   /usr/share/cmake-3.22/Modules/FindPython3.cmake:490 (include)
[0.172s]   /opt/ros/humble/share/ament_cmake_core/cmake/core/python.cmake:33 (find_package)
[0.172s]   /opt/ros/humble/share/ament_cmake_core/cmake/core/all.cmake:54 (include)
[0.172s]   /opt/ros/humble/share/ament_cmake_core/cmake/ament_cmake_core-extras.cmake:17 (include)
[0.172s]   /opt/ros/humble/share/ament_cmake_core/cmake/ament_cmake_coreConfig.cmake:41 (include)
[0.172s]   /opt/ros/humble/share/ament_cmake/cmake/ament_cmake_export_dependencies-extras.cmake:15 (find_package)
[0.172s]   /opt/ros/humble/share/ament_cmake/cmake/ament_cmakeConfig.cmake:41 (include)
[0.172s]   CMakeLists.txt:9 (find_package)
[0.172s] This warning is for project developers.  Use -Wno-dev to suppress it.
[0.172s] [0m
[0.172s] [33mCMake Warning (dev) at /usr/share/cmake-3.22/Modules/FindPython/Support.cmake:1846 (list):
[0.173s]   Policy CMP0007 is not set: list command no longer ignores empty elements.
[0.173s]   Run "cmake --help-policy CMP0007" for policy details.  Use the cmake_policy
[0.173s]   command to set the policy and suppress this warning.  List has value =
[0.173s]   [Python;3;10;12;64;;cpython-310-x86_64-linux-gnu;/usr/lib/python3.10;/usr/lib/python3.10;/usr/lib/python3/dist-packages;/usr/lib/python3/dist-packages].
[0.173s] Call Stack (most recent call first):
[0.173s]   /usr/share/cmake-3.22/Modules/FindPython3.cmake:490 (include)
[0.173s]   /opt/ros/humble/share/ament_cmake_core/cmake/core/python.cmake:33 (find_package)
[0.173s]   /opt/ros/humble/share/ament_cmake_core/cmake/core/all.cmake:54 (include)
[0.173s]   /opt/ros/humble/share/ament_cmake_core/cmake/ament_cmake_core-extras.cmake:17 (include)
[0.174s]   /opt/ros/humble/share/ament_cmake_core/cmake/ament_cmake_coreConfig.cmake:41 (include)
[0.174s]   /opt/ros/humble/share/ament_cmake/cmake/ament_cmake_export_dependencies-extras.cmake:15 (find_package)
[0.174s]   /opt/ros/humble/share/ament_cmake/cmake/ament_cmakeConfig.cmake:41 (include)
[0.174s]   CMakeLists.txt:9 (find_package)
[0.174s] This warning is for project developers.  Use -Wno-dev to suppress it.
[0.174s] [0m
[0.174s] [31mCMake Error at /usr/share/cmake-3.22/Modules/FindPython/Support.cmake:1846 (list):
[0.174s]   list index: 10 out of range (-10, 9)
[0.174s] Call Stack (most recent call first):
[0.174s]   /usr/share/cmake-3.22/Modules/FindPython3.cmake:490 (include)
[0.174s]   /opt/ros/humble/share/ament_cmake_core/cmake/core/python.cmake:33 (find_package)
[0.175s]   /opt/ros/humble/share/ament_cmake_core/cmake/core/all.cmake:54 (include)
[0.175s]   /opt/ros/humble/share/ament_cmake_core/cmake/ament_cmake_core-extras.cmake:17 (include)
[0.175s]   /opt/ros/humble/share/ament_cmake_core/cmake/ament_cmake_coreConfig.cmake:41 (include)
[0.175s]   /opt/ros/humble/share/ament_cmake/cmake/ament_cmake_export_dependencies-extras.cmake:15 (find_package)
[0.175s]   /opt/ros/humble/share/ament_cmake/cmake/ament_cmakeConfig.cmake:41 (include)
[0.175s]   CMakeLists.txt:9 (find_package)
[0.175s] 
[0.175s] [0m
[0.285s] -- Found lifecycle_msgs: 1.2.1 (/opt/ros/humble/share/lifecycle_msgs/cmake)
[0.286s] [33mCMake Warning (dev) at /opt/ros/humble/share/ament_cmake_core/cmake/core/normalize_path.cmake:52 (while):
[0.286s]   had incorrect arguments:
[0.286s] 
[0.287s]     "TRUE"
[0.287s] 
[0.287s]   An argument named "TRUE" appears in a conditional statement.  Policy
[0.287s]   CMP0012 is not set: if() recognizes numbers and boolean constants.  Run
[0.287s]   "cmake --help-policy CMP0012" for policy details.  Use the cmake_policy
[0.287s]   command to set the policy and suppress this warning.
[0.288s] Call Stack (most recent call first):
[0.288s]   /opt/ros/humble/share/ament_cmake_core/cmake/core/normalize_path.cmake:34 (_normalize_path__collapse_redundant)
[0.288s]   /opt/ros/humble/share/lifecycle_msgs/cmake/ament_cmake_export_include_directories-extras.cmake:13 (normalize_path)
[0.288s]   /opt/ros/humble/share/lifecycle_msgs/cmake/lifecycle_msgsConfig.cmake:41 (include)
[0.289s]   CMakeLists.txt:10 (find_package)
[0.289s] This warning is for project developers.  Use -Wno-dev to suppress it.
[0.289s] [0m
[0.289s] [33mCMake Warning (dev) at /opt/ros/humble/share/ament_cmake_core/cmake/core/normalize_path.cmake:72 (while):
[0.289s]   had incorrect arguments:
[0.290s] 
[0.290s]     "TRUE"
[0.290s] 
[0.290s]   An argument named "TRUE" appears in a conditional statement.  Policy
[0.290s]   CMP0012 is not set: if() recognizes numbers and boolean constants.  Run
[0.290s]   "cmake --help-policy CMP0012" for policy details.  Use the cmake_policy
[0.291s]   command to set the policy and suppress this warning.
[0.291s] Call Stack (most recent call first):
[0.291s]   /opt/ros/humble/share/ament_cmake_core/cmake/core/normalize_path.cmake:35 (_normalize_path__collapse_uplevel_reference)
[0.291s]   /opt/ros/humble/share/lifecycle_msgs/cmake/ament_cmake_export_include_directories-extras.cmake:13 (normalize_path)
[0.291s]   /opt/ros/humble/share/lifecycle_msgs/cmake/lifecycle_msgsConfig.cmake:41 (include)
[0.292s]   CMakeLists.txt:10 (find_package)
[0.292s] This warning is for project developers.  Use -Wno-dev to suppress it.
[0.292s] [0m
[0.305s] [33mCMake Warning (dev) at /opt/ros/humble/share/ament_cmake_core/cmake/core/normalize_path.cmake:52 (while):
[0.305s]   had incorrect arguments:
[0.305s] 
[0.306s]     "TRUE"
[0.306s] 
[0.306s]   An argument named "TRUE" appears in a conditional statement.  Policy
[0.306s]   CMP0012 is not set: if() recognizes numbers and boolean constants.  Run
[0.306s]   "cmake --help-policy CMP0012" for policy details.  Use the cmake_policy
[0.307s]   command to set the policy and suppress this warning.
[0.307s] Call Stack (most recent call first):
[0.307s]   /opt/ros/humble/share/ament_cmake_core/cmake/core/normalize_path.cmake:34 (_normalize_path__collapse_redundant)
[0.307s]   /opt/ros/humble/share/rcutils/cmake/ament_cmake_export_include_directories-extras.cmake:13 (normalize_path)
[0.307s]   /opt/ros/humble/share/rcutils/cmake/rcutilsConfig.cmake:41 (include)
[0.308s]   /opt/ros/humble/share/rosidl_runtime_c/cmake/ament_cmake_export_dependencies-extras.cmake:21 (find_package)
[0.308s]   /opt/ros/humble/share/rosidl_runtime_c/cmake/rosidl_runtime_cConfig.cmake:41 (include)
[0.308s]   /opt/ros/humble/share/lifecycle_msgs/cmake/ament_cmake_export_dependencies-extras.cmake:21 (find_package)
[0.308s]   /opt/ros/humble/share/lifecycle_msgs/cmake/lifecycle_msgsConfig.cmake:41 (include)
[0.309s]   CMakeLists.txt:10 (find_package)
[0.309s] This warning is for project developers.  Use -Wno-dev to suppress it.
[0.309s] [0m
[0.309s] [33mCMake Warning (dev) at /opt/ros/humble/share/ament_cmake_core/cmake/core/normalize_path.cmake:72 (while):
[0.309s]   had incorrect arguments:
[0.310s] 
[0.310s]     "TRUE"
[0.310s] 
[0.310s]   An argument named "TRUE" appears in a conditional statement.  Policy
[0.310s]   CMP0012 is not set: if() recognizes numbers and boolean constants.  Run
[0.310s]   "cmake --help-policy CMP0012" for policy details.  Use the cmake_policy
[0.311s]   command to set the policy and suppress this warning.
[0.311s] Call Stack (most recent call first):
[0.311s]   /opt/ros/humble/share/ament_cmake_core/cmake/core/normalize_path.cmake:35 (_normalize_path__collapse_uplevel_reference)
[0.311s]   /opt/ros/humble/share/rcutils/cmake/ament_cmake_export_include_directories-extras.cmake:13 (normalize_path)
[0.311s]   /opt/ros/humble/share/rcutils/cmake/rcutilsConfig.cmake:41 (include)
[0.312s]   /opt/ros/humble/share/rosidl_runtime_c/cmake/ament_cmake_export_dependencies-extras.cmake:21 (find_package)
[0.312s]   /opt/ros/humble/share/rosidl_runtime_c/cmake/rosidl_runtime_cConfig.cmake:41 (include)
[0.312s]   /opt/ros/humble/share/lifecycle_msgs/cmake/ament_cmake_export_dependencies-extras.cmake:21 (find_package)
[0.312s]   /opt/ros/humble/share/lifecycle_msgs/cmake/lifecycle_msgsConfig.cmake:41 (include)
[0.312s]   CMakeLists.txt:10 (find_package)
[0.313s] This warning is for project developers.  Use -Wno-dev to suppress it.
[0.313s] [0m
[0.323s] [33mCMake Warning (dev) at /opt/ros/humble/share/ament_cmake_core/cmake/core/list_append_unique.cmake:30 (if):
[0.323s]   Policy CMP0057 is not set: Support new IN_LIST if() operator.  Run "cmake
[0.323s]   --help-policy CMP0057" for policy details.  Use the cmake_policy command to
[0.323s]   set the policy and suppress this warning.
[0.323s] 
[0.323s]   IN_LIST will be interpreted as an operator when the policy is set to NEW.
[0.324s]   Since the policy is not set the OLD behavior will be used.
[0.324s] Call Stack (most recent call first):
[0.324s]   /opt/ros/humble/share/rcutils/cmake/ament_cmake_export_dependencies-extras.cmake:84 (list_append_unique)
[0.324s]   /opt/ros/humble/share/rcutils/cmake/rcutilsConfig.cmake:41 (include)
[0.324s]   /opt/ros/humble/share/rosidl_runtime_c/cmake/ament_cmake_export_dependencies-extras.cmake:21 (find_package)
[0.324s]   /opt/ros/humble/share/rosidl_runtime_c/cmake/rosidl_runtime_cConfig.cmake:41 (include)
[0.325s]   /opt/ros/humble/share/lifecycle_msgs/cmake/ament_cmake_export_dependencies-extras.cmake:21 (find_package)
[0.325s]   /opt/ros/humble/share/lifecycle_msgs/cmake/lifecycle_msgsConfig.cmake:41 (include)
[0.325s]   CMakeLists.txt:10 (find_package)
[0.325s] This warning is for project developers.  Use -Wno-dev to suppress it.
[0.325s] [0m
[0.326s] [31mCMake Error at /opt/ros/humble/share/ament_cmake_core/cmake/core/list_append_unique.cmake:30 (if):
[0.326s]   if given arguments:
[0.326s] 
[0.326s]     "NOT" "element" "IN_LIST" "rcutils_RECURSIVE_DEPENDENCIES"
[0.326s] 
[0.326s]   Unknown arguments specified
[0.326s] Call Stack (most recent call first):
[0.326s]   /opt/ros/humble/share/rcutils/cmake/ament_cmake_export_dependencies-extras.cmake:84 (list_append_unique)
[0.326s]   /opt/ros/humble/share/rcutils/cmake/rcutilsConfig.cmake:41 (include)
[0.327s]   /opt/ros/humble/share/rosidl_runtime_c/cmake/ament_cmake_export_dependencies-extras.cmake:21 (find_package)
[0.327s]   /opt/ros/humble/share/rosidl_runtime_c/cmake/rosidl_runtime_cConfig.cmake:41 (include)
[0.327s]   /opt/ros/humble/share/lifecycle_msgs/cmake/ament_cmake_export_dependencies-extras.cmake:21 (find_package)
[0.327s]   /opt/ros/humble/share/lifecycle_msgs/cmake/lifecycle_msgsConfig.cmake:41 (include)
[0.327s]   CMakeLists.txt:10 (find_package)
[0.327s] 
[0.327s] [0m
[0.327s] -- Configuring incomplete, errors occurred!
[0.327s] See also "/home/sameer/cpp_files/ros2_cpp/build/cpp_pubsub/CMakeFiles/CMakeOutput.log".
[0.332s] Invoked command in '/home/sameer/cpp_files/ros2_cpp/build/cpp_pubsub' returned '1': CMAKE_PREFIX_PATH=/home/sameer/ros2_ws_2/install/cpp_pubsub:/home/sameer/ros2_ws/install/my_robot_controller:/opt/ros/humble /usr/bin/cmake /home/sameer/cpp_files/ros2_cpp/src/cpp_pubsub -DCMAKE_INSTALL_PREFIX=/home/sameer/cpp_files/ros2_cpp/install/cpp_pubsub
