[0.019s] Invoking command in '/home/sameer/cpp_files/ros2_cpp/build/cpp_pubsub': CMAKE_PREFIX_PATH=/home/sameer/ros2_ws_2/install/cpp_pubsub:/home/sameer/ros2_ws/install/my_robot_controller:/opt/ros/humble /usr/bin/cmake --build /home/sameer/cpp_files/ros2_cpp/build/cpp_pubsub -- -j4 -l4
[0.073s] -- Found ament_cmake: 1.3.8 (/opt/ros/humble/share/ament_cmake/cmake)
[0.318s] -- Found lifecycle_msgs: 1.2.1 (/opt/ros/humble/share/lifecycle_msgs/cmake)
[0.370s] -- Found rosidl_generator_c: 3.1.5 (/opt/ros/humble/share/rosidl_generator_c/cmake)
[0.375s] -- Found rosidl_adapter: 3.1.5 (/opt/ros/humble/share/rosidl_adapter/cmake)
[0.386s] -- Found rosidl_generator_cpp: 3.1.5 (/opt/ros/humble/share/rosidl_generator_cpp/cmake)
[0.408s] -- Using all available rosidl_typesupport_c: rosidl_typesupport_fastrtps_c;rosidl_typesupport_introspection_c
[0.439s] -- Using all available rosidl_typesupport_cpp: rosidl_typesupport_fastrtps_cpp;rosidl_typesupport_introspection_cpp
[0.466s] -- Found rclcpp_lifecycle: 16.0.8 (/opt/ros/humble/share/rclcpp_lifecycle/cmake)
[0.592s] -- Found rmw_implementation_cmake: 6.1.1 (/opt/ros/humble/share/rmw_implementation_cmake/cmake)
[0.595s] -- Found rmw_fastrtps_cpp: 6.2.6 (/opt/ros/humble/share/rmw_fastrtps_cpp/cmake)
[0.813s] -- Using RMW implementation 'rmw_fastrtps_cpp' as default
[1.150s] -- Found rclcpp_action: 16.0.8 (/opt/ros/humble/share/rclcpp_action/cmake)
[1.318s] -- Found example_interfaces: 0.9.3 (/opt/ros/humble/share/example_interfaces/cmake)
[1.421s] -- Found geometry_msgs: 4.2.3 (/opt/ros/humble/share/geometry_msgs/cmake)
[1.501s] -- Found tf2_ros: 0.25.6 (/opt/ros/humble/share/tf2_ros/cmake)
[1.950s] -- Found tf2_geometry_msgs: 0.25.6 (/opt/ros/humble/share/tf2_geometry_msgs/cmake)
[1.963s] -- Found eigen3_cmake_module: 0.1.1 (/opt/ros/humble/share/eigen3_cmake_module/cmake)
[1.966s] -- Ensuring Eigen3 include directory is part of orocos-kdl CMake target
[1.982s] -- Found nav_msgs: 4.2.3 (/opt/ros/humble/share/nav_msgs/cmake)
[2.146s] -- Found ament_cmake_gtest: 1.3.8 (/opt/ros/humble/share/ament_cmake_gtest/cmake)
[2.147s] -- Found gtest sources under '/opt/ros/humble/src/gtest_vendor': C++ tests using 'Google Test' will be built
[2.153s] [31mCMake Error at /opt/ros/humble/share/ament_cmake_gtest/cmake/ament_add_gtest_executable.cmake:50 (add_executable):
[2.153s]   add_executable cannot create target "pubsub_test" because another target
[2.153s]   with the same name already exists.  The existing target is an executable
[2.154s]   created in source directory
[2.154s]   "/home/sameer/cpp_files/ros2_cpp/src/cpp_pubsub".  See documentation for
[2.154s]   policy CMP0002 for more details.
[2.154s] Call Stack (most recent call first):
[2.154s]   /opt/ros/humble/share/ament_cmake_gtest/cmake/ament_add_gtest_executable.cmake:37 (_ament_add_gtest_executable)
[2.155s]   /opt/ros/humble/share/ament_cmake_gtest/cmake/ament_add_gtest.cmake:68 (ament_add_gtest_executable)
[2.155s]   CMakeLists.txt:80 (ament_add_gtest)
[2.155s] 
[2.155s] [0m
[2.155s] [31mCMake Error at CMakeLists.txt:81 (target_link_libraries):
[2.156s]   The plain signature for target_link_libraries has already been used with
[2.156s]   the target "pubsub_test".  All uses of target_link_libraries with a target
[2.156s]   must be either all-keyword or all-plain.
[2.156s] 
[2.156s]   The uses of the plain signature are here:
[2.156s] 
[2.157s]    * /opt/ros/humble/share/ament_cmake_gtest/cmake/ament_add_gtest_executable.cmake:53 (target_link_libraries)
[2.157s]    * /opt/ros/humble/share/ament_cmake_gtest/cmake/ament_add_gtest_executable.cmake:55 (target_link_libraries)
[2.157s]    * /opt/ros/humble/share/ament_cmake_gtest/cmake/ament_add_gtest_executable.cmake:59 (target_link_libraries)
[2.157s] 
[2.157s] 
[2.157s] [0m
[2.159s] [31mCMake Error at /opt/ros/humble/share/ament_cmake_target_dependencies/cmake/ament_target_dependencies.cmake:145 (target_link_libraries):
[2.159s]   The keyword signature for target_link_libraries has already been used with
[2.160s]   the target "pubsub_test".  All uses of target_link_libraries with a target
[2.160s]   must be either all-keyword or all-plain.
[2.160s] 
[2.160s]   The uses of the keyword signature are here:
[2.161s] 
[2.161s]    * CMakeLists.txt:81 (target_link_libraries)
[2.161s] 
[2.161s] Call Stack (most recent call first):
[2.161s]   CMakeLists.txt:89 (ament_target_dependencies)
[2.161s] 
[2.161s] [0m
[2.278s] -- Configuring incomplete, errors occurred!
[2.278s] See also "/home/sameer/cpp_files/ros2_cpp/build/cpp_pubsub/CMakeFiles/CMakeOutput.log".
[2.293s] gmake: *** [Makefile:376: cmake_check_build_system] Error 1
[2.296s] Invoked command in '/home/sameer/cpp_files/ros2_cpp/build/cpp_pubsub' returned '2': CMAKE_PREFIX_PATH=/home/sameer/ros2_ws_2/install/cpp_pubsub:/home/sameer/ros2_ws/install/my_robot_controller:/opt/ros/humble /usr/bin/cmake --build /home/sameer/cpp_files/ros2_cpp/build/cpp_pubsub -- -j4 -l4
