[0.018s] Invoking command in '/home/sameer/cpp_files/ros2_cpp/src/cpp_pubsub/build/cpp_pubsub': CMAKE_PREFIX_PATH=/home/sameer/ros2_ws/install/my_robot_controller:/opt/ros/humble /usr/bin/cmake --build /home/sameer/cpp_files/ros2_cpp/src/cpp_pubsub/build/cpp_pubsub -- -j4 -l4
[0.118s] [ 22%] Built target gtest_main
[0.119s] [ 44%] Built target gtest
[0.151s] [35m[1mConsolidate compiler generated dependencies of target pubsub_test[0m
[0.202s] [ 55%] [32mBuilding CXX object CMakeFiles/pubsub_test.dir/src/publisher_member_function.cpp.o[0m
[7.739s] [ 66%] [32m[1mLinking CXX executable pubsub_test[0m
[8.874s] [100%] Built target pubsub_test
[8.895s] Invoked command in '/home/sameer/cpp_files/ros2_cpp/src/cpp_pubsub/build/cpp_pubsub' returned '0': CMAKE_PREFIX_PATH=/home/sameer/ros2_ws/install/my_robot_controller:/opt/ros/humble /usr/bin/cmake --build /home/sameer/cpp_files/ros2_cpp/src/cpp_pubsub/build/cpp_pubsub -- -j4 -l4
[8.978s] Invoking command in '/home/sameer/cpp_files/ros2_cpp/src/cpp_pubsub/build/cpp_pubsub': CMAKE_PREFIX_PATH=/home/sameer/ros2_ws/install/my_robot_controller:/opt/ros/humble /usr/bin/cmake --install /home/sameer/cpp_files/ros2_cpp/src/cpp_pubsub/build/cpp_pubsub
[8.992s] -- Install configuration: ""
[8.992s] -- Up-to-date: /home/sameer/cpp_files/ros2_cpp/src/cpp_pubsub/install/cpp_pubsub/include/cpp_pubsub
[8.992s] -- Up-to-date: /home/sameer/cpp_files/ros2_cpp/src/cpp_pubsub/install/cpp_pubsub/include/cpp_pubsub/publisher_member_function.hpp
[8.992s] -- Up-to-date: /home/sameer/cpp_files/ros2_cpp/src/cpp_pubsub/install/cpp_pubsub/include/cpp_pubsub/single_thread_spinner.hpp
[8.992s] -- Up-to-date: /home/sameer/cpp_files/ros2_cpp/src/cpp_pubsub/install/cpp_pubsub/include/cpp_pubsub/subscriber_member_function.hpp
[8.992s] -- Installing: /home/sameer/cpp_files/ros2_cpp/src/cpp_pubsub/install/cpp_pubsub/lib/cpp_pubsub/pubsub_test
[9.003s] -- Set runtime path of "/home/sameer/cpp_files/ros2_cpp/src/cpp_pubsub/install/cpp_pubsub/lib/cpp_pubsub/pubsub_test" to ""
[9.003s] -- Up-to-date: /home/sameer/cpp_files/ros2_cpp/src/cpp_pubsub/install/cpp_pubsub/share/ament_index/resource_index/package_run_dependencies/cpp_pubsub
[9.004s] -- Up-to-date: /home/sameer/cpp_files/ros2_cpp/src/cpp_pubsub/install/cpp_pubsub/share/ament_index/resource_index/parent_prefix_path/cpp_pubsub
[9.004s] -- Up-to-date: /home/sameer/cpp_files/ros2_cpp/src/cpp_pubsub/install/cpp_pubsub/share/cpp_pubsub/environment/ament_prefix_path.sh
[9.004s] -- Up-to-date: /home/sameer/cpp_files/ros2_cpp/src/cpp_pubsub/install/cpp_pubsub/share/cpp_pubsub/environment/ament_prefix_path.dsv
[9.004s] -- Up-to-date: /home/sameer/cpp_files/ros2_cpp/src/cpp_pubsub/install/cpp_pubsub/share/cpp_pubsub/environment/path.sh
[9.005s] -- Up-to-date: /home/sameer/cpp_files/ros2_cpp/src/cpp_pubsub/install/cpp_pubsub/share/cpp_pubsub/environment/path.dsv
[9.005s] -- Up-to-date: /home/sameer/cpp_files/ros2_cpp/src/cpp_pubsub/install/cpp_pubsub/share/cpp_pubsub/local_setup.bash
[9.005s] -- Up-to-date: /home/sameer/cpp_files/ros2_cpp/src/cpp_pubsub/install/cpp_pubsub/share/cpp_pubsub/local_setup.sh
[9.005s] -- Up-to-date: /home/sameer/cpp_files/ros2_cpp/src/cpp_pubsub/install/cpp_pubsub/share/cpp_pubsub/local_setup.zsh
[9.005s] -- Up-to-date: /home/sameer/cpp_files/ros2_cpp/src/cpp_pubsub/install/cpp_pubsub/share/cpp_pubsub/local_setup.dsv
[9.005s] -- Installing: /home/sameer/cpp_files/ros2_cpp/src/cpp_pubsub/install/cpp_pubsub/share/cpp_pubsub/package.dsv
[9.006s] -- Up-to-date: /home/sameer/cpp_files/ros2_cpp/src/cpp_pubsub/install/cpp_pubsub/share/ament_index/resource_index/packages/cpp_pubsub
[9.006s] -- Up-to-date: /home/sameer/cpp_files/ros2_cpp/src/cpp_pubsub/install/cpp_pubsub/share/cpp_pubsub/cmake/cpp_pubsubConfig.cmake
[9.006s] -- Up-to-date: /home/sameer/cpp_files/ros2_cpp/src/cpp_pubsub/install/cpp_pubsub/share/cpp_pubsub/cmake/cpp_pubsubConfig-version.cmake
[9.006s] -- Up-to-date: /home/sameer/cpp_files/ros2_cpp/src/cpp_pubsub/install/cpp_pubsub/share/cpp_pubsub/package.xml
[9.008s] Invoked command in '/home/sameer/cpp_files/ros2_cpp/src/cpp_pubsub/build/cpp_pubsub' returned '0': CMAKE_PREFIX_PATH=/home/sameer/ros2_ws/install/my_robot_controller:/opt/ros/humble /usr/bin/cmake --install /home/sameer/cpp_files/ros2_cpp/src/cpp_pubsub/build/cpp_pubsub
