[0.017s] Invoking command in '/home/sameer/cpp_files/ros2_cpp/build/cpp_pubsub': CMAKE_PREFIX_PATH=/home/sameer/ros2_ws_2/install/cpp_pubsub:/home/sameer/ros2_ws/install/my_robot_controller:/opt/ros/humble /usr/bin/cmake /home/sameer/cpp_files/ros2_cpp/src/cpp_pubsub -DCMAKE_INSTALL_PREFIX=/home/sameer/cpp_files/ros2_cpp/install/cpp_pubsub
[0.043s] -- Found ament_cmake: 1.3.8 (/opt/ros/humble/share/ament_cmake/cmake)
[0.280s] -- Found lifecycle_msgs: 1.2.1 (/opt/ros/humble/share/lifecycle_msgs/cmake)
[0.324s] -- Found rosidl_generator_c: 3.1.5 (/opt/ros/humble/share/rosidl_generator_c/cmake)
[0.330s] -- Found rosidl_adapter: 3.1.5 (/opt/ros/humble/share/rosidl_adapter/cmake)
[0.341s] -- Found rosidl_generator_cpp: 3.1.5 (/opt/ros/humble/share/rosidl_generator_cpp/cmake)
[0.362s] -- Using all available rosidl_typesupport_c: rosidl_typesupport_fastrtps_c;rosidl_typesupport_introspection_c
[0.392s] -- Using all available rosidl_typesupport_cpp: rosidl_typesupport_fastrtps_cpp;rosidl_typesupport_introspection_cpp
[0.421s] -- Found rclcpp_lifecycle: 16.0.8 (/opt/ros/humble/share/rclcpp_lifecycle/cmake)
[0.575s] -- Found rmw_implementation_cmake: 6.1.1 (/opt/ros/humble/share/rmw_implementation_cmake/cmake)
[0.578s] -- Found rmw_fastrtps_cpp: 6.2.6 (/opt/ros/humble/share/rmw_fastrtps_cpp/cmake)
[0.796s] -- Using RMW implementation 'rmw_fastrtps_cpp' as default
[1.136s] -- Found rclcpp_action: 16.0.8 (/opt/ros/humble/share/rclcpp_action/cmake)
[1.308s] -- Found example_interfaces: 0.9.3 (/opt/ros/humble/share/example_interfaces/cmake)
[1.414s] -- Found geometry_msgs: 4.2.3 (/opt/ros/humble/share/geometry_msgs/cmake)
[1.497s] -- Found tf2_ros: 0.25.6 (/opt/ros/humble/share/tf2_ros/cmake)
[1.955s] -- Found tf2_geometry_msgs: 0.25.6 (/opt/ros/humble/share/tf2_geometry_msgs/cmake)
[1.962s] -- Found eigen3_cmake_module: 0.1.1 (/opt/ros/humble/share/eigen3_cmake_module/cmake)
[1.965s] -- Ensuring Eigen3 include directory is part of orocos-kdl CMake target
[1.981s] -- Found nav_msgs: 4.2.3 (/opt/ros/humble/share/nav_msgs/cmake)
[2.143s] [31mCMake Error at CMakeLists.txt:34 (target_include_directories):
[2.143s]   Cannot specify include directories for target "INTERFACE" which is not
[2.143s]   built by this project.
[2.143s] 
[2.144s] [0m
[2.145s] [31mCMake Error at CMakeLists.txt:36 (target_link_libraries):
[2.145s]   Cannot specify link libraries for target "cpp_pubsub_libINTERFACE" which is
[2.146s]   not built by this project.
[2.146s] 
[2.146s] [0m
[2.146s] -- Configuring incomplete, errors occurred!
[2.146s] See also "/home/sameer/cpp_files/ros2_cpp/build/cpp_pubsub/CMakeFiles/CMakeOutput.log".
[2.158s] Invoked command in '/home/sameer/cpp_files/ros2_cpp/build/cpp_pubsub' returned '1': CMAKE_PREFIX_PATH=/home/sameer/ros2_ws_2/install/cpp_pubsub:/home/sameer/ros2_ws/install/my_robot_controller:/opt/ros/humble /usr/bin/cmake /home/sameer/cpp_files/ros2_cpp/src/cpp_pubsub -DCMAKE_INSTALL_PREFIX=/home/sameer/cpp_files/ros2_cpp/install/cpp_pubsub
