[0.140s] Invoking command in '/home/sameer/cpp_files/ros2_cpp/src/cpp_pubsub/build/cpp_pubsub': CMAKE_PREFIX_PATH=/home/sameer/ros2_ws/install/my_robot_controller:/opt/ros/humble /usr/bin/cmake --build /home/sameer/cpp_files/ros2_cpp/src/cpp_pubsub/build/cpp_pubsub -- -j4 -l4
[1.663s] [ 22%] Built target gtest_main
[1.666s] [ 44%] Built target gtest
[1.969s] [100%] Built target pubsub_test
[1.988s] Invoked command in '/home/sameer/cpp_files/ros2_cpp/src/cpp_pubsub/build/cpp_pubsub' returned '0': CMAKE_PREFIX_PATH=/home/sameer/ros2_ws/install/my_robot_controller:/opt/ros/humble /usr/bin/cmake --build /home/sameer/cpp_files/ros2_cpp/src/cpp_pubsub/build/cpp_pubsub -- -j4 -l4
[2.071s] Invoking command in '/home/sameer/cpp_files/ros2_cpp/src/cpp_pubsub/build/cpp_pubsub': CMAKE_PREFIX_PATH=/home/sameer/ros2_ws/install/my_robot_controller:/opt/ros/humble /usr/bin/cmake --install /home/sameer/cpp_files/ros2_cpp/src/cpp_pubsub/build/cpp_pubsub
[2.085s] -- Install configuration: ""
[2.122s] -- Up-to-date: /home/sameer/cpp_files/ros2_cpp/src/cpp_pubsub/install/cpp_pubsub/include/cpp_pubsub
[2.123s] -- Up-to-date: /home/sameer/cpp_files/ros2_cpp/src/cpp_pubsub/install/cpp_pubsub/include/cpp_pubsub/publisher_member_function.hpp
[2.123s] -- Up-to-date: /home/sameer/cpp_files/ros2_cpp/src/cpp_pubsub/install/cpp_pubsub/include/cpp_pubsub/single_thread_spinner.hpp
[2.123s] -- Up-to-date: /home/sameer/cpp_files/ros2_cpp/src/cpp_pubsub/install/cpp_pubsub/include/cpp_pubsub/subscriber_member_function.hpp
[2.179s] -- Up-to-date: /home/sameer/cpp_files/ros2_cpp/src/cpp_pubsub/install/cpp_pubsub/lib/cpp_pubsub/pubsub_test
[2.197s] -- Up-to-date: /home/sameer/cpp_files/ros2_cpp/src/cpp_pubsub/install/cpp_pubsub/share/ament_index/resource_index/package_run_dependencies/cpp_pubsub
[2.198s] -- Up-to-date: /home/sameer/cpp_files/ros2_cpp/src/cpp_pubsub/install/cpp_pubsub/share/ament_index/resource_index/parent_prefix_path/cpp_pubsub
[2.200s] -- Up-to-date: /home/sameer/cpp_files/ros2_cpp/src/cpp_pubsub/install/cpp_pubsub/share/cpp_pubsub/environment/ament_prefix_path.sh
[2.201s] -- Up-to-date: /home/sameer/cpp_files/ros2_cpp/src/cpp_pubsub/install/cpp_pubsub/share/cpp_pubsub/environment/ament_prefix_path.dsv
[2.203s] -- Up-to-date: /home/sameer/cpp_files/ros2_cpp/src/cpp_pubsub/install/cpp_pubsub/share/cpp_pubsub/environment/path.sh
[2.204s] -- Up-to-date: /home/sameer/cpp_files/ros2_cpp/src/cpp_pubsub/install/cpp_pubsub/share/cpp_pubsub/environment/path.dsv
[2.205s] -- Up-to-date: /home/sameer/cpp_files/ros2_cpp/src/cpp_pubsub/install/cpp_pubsub/share/cpp_pubsub/local_setup.bash
[2.206s] -- Up-to-date: /home/sameer/cpp_files/ros2_cpp/src/cpp_pubsub/install/cpp_pubsub/share/cpp_pubsub/local_setup.sh
[2.207s] -- Up-to-date: /home/sameer/cpp_files/ros2_cpp/src/cpp_pubsub/install/cpp_pubsub/share/cpp_pubsub/local_setup.zsh
[2.208s] -- Up-to-date: /home/sameer/cpp_files/ros2_cpp/src/cpp_pubsub/install/cpp_pubsub/share/cpp_pubsub/local_setup.dsv
[2.209s] -- Installing: /home/sameer/cpp_files/ros2_cpp/src/cpp_pubsub/install/cpp_pubsub/share/cpp_pubsub/package.dsv
[2.210s] -- Up-to-date: /home/sameer/cpp_files/ros2_cpp/src/cpp_pubsub/install/cpp_pubsub/share/ament_index/resource_index/packages/cpp_pubsub
[2.211s] -- Up-to-date: /home/sameer/cpp_files/ros2_cpp/src/cpp_pubsub/install/cpp_pubsub/share/cpp_pubsub/cmake/cpp_pubsubConfig.cmake
[2.212s] -- Up-to-date: /home/sameer/cpp_files/ros2_cpp/src/cpp_pubsub/install/cpp_pubsub/share/cpp_pubsub/cmake/cpp_pubsubConfig-version.cmake
[2.213s] -- Up-to-date: /home/sameer/cpp_files/ros2_cpp/src/cpp_pubsub/install/cpp_pubsub/share/cpp_pubsub/package.xml
[2.223s] Invoked command in '/home/sameer/cpp_files/ros2_cpp/src/cpp_pubsub/build/cpp_pubsub' returned '0': CMAKE_PREFIX_PATH=/home/sameer/ros2_ws/install/my_robot_controller:/opt/ros/humble /usr/bin/cmake --install /home/sameer/cpp_files/ros2_cpp/src/cpp_pubsub/build/cpp_pubsub
