[0.582s] DEBUG:colcon:Command line arguments: ['/usr/bin/colcon', 'build']
[0.582s] DEBUG:colcon:Parsed command line arguments: Namespace(log_base=None, log_level=None, verb_name='build', build_base='build', install_base='install', merge_install=False, symlink_install=False, test_result_base=None, continue_on_error=False, executor='parallel', parallel_workers=4, event_handlers=None, ignore_user_meta=False, metas=['./colcon.meta'], base_paths=['.'], packages_ignore=None, packages_ignore_regex=None, paths=None, packages_up_to=None, packages_up_to_regex=None, packages_above=None, packages_above_and_dependencies=None, packages_above_depth=None, packages_select_by_dep=None, packages_skip_by_dep=None, packages_skip_up_to=None, packages_select_build_failed=False, packages_skip_build_finished=False, packages_select_test_failures=False, packages_skip_test_passed=False, packages_select=None, packages_skip=None, packages_select_regex=None, packages_skip_regex=None, packages_start=None, packages_end=None, allow_overriding=[], cmake_args=None, cmake_target=None, cmake_target_skip_unavailable=False, cmake_clean_cache=False, cmake_clean_first=False, cmake_force_configure=False, ament_cmake_args=None, catkin_cmake_args=None, catkin_skip_building_tests=False, verb_parser=<colcon_defaults.argument_parser.defaults.DefaultArgumentsDecorator object at 0x77c132750160>, verb_extension=<colcon_core.verb.build.BuildVerb object at 0x77c132717580>, main=<bound method BuildVerb.main of <colcon_core.verb.build.BuildVerb object at 0x77c132717580>>)
[1.203s] Level 1:colcon.colcon_core.package_discovery:discover_packages(colcon_meta) check parameters
[1.203s] Level 1:colcon.colcon_core.package_discovery:discover_packages(recursive) check parameters
[1.203s] Level 1:colcon.colcon_core.package_discovery:discover_packages(ignore) check parameters
[1.203s] Level 1:colcon.colcon_core.package_discovery:discover_packages(path) check parameters
[1.203s] Level 1:colcon.colcon_core.package_discovery:discover_packages(colcon_meta) discover
[1.203s] Level 1:colcon.colcon_core.package_discovery:discover_packages(recursive) discover
[1.204s] INFO:colcon.colcon_core.package_discovery:Crawling recursively for packages in '/home/sameer/cpp_files/ros2_cpp'
[1.204s] Level 1:colcon.colcon_core.package_identification:_identify(.) by extensions ['ignore', 'ignore_ament_install']
[1.204s] Level 1:colcon.colcon_core.package_identification:_identify(.) by extension 'ignore'
[1.204s] Level 1:colcon.colcon_core.package_identification:_identify(.) by extension 'ignore_ament_install'
[1.204s] Level 1:colcon.colcon_core.package_identification:_identify(.) by extensions ['colcon_pkg']
[1.204s] Level 1:colcon.colcon_core.package_identification:_identify(.) by extension 'colcon_pkg'
[1.204s] Level 1:colcon.colcon_core.package_identification:_identify(.) by extensions ['colcon_meta']
[1.204s] Level 1:colcon.colcon_core.package_identification:_identify(.) by extension 'colcon_meta'
[1.204s] Level 1:colcon.colcon_core.package_identification:_identify(.) by extensions ['ros']
[1.204s] Level 1:colcon.colcon_core.package_identification:_identify(.) by extension 'ros'
[1.236s] Level 1:colcon.colcon_core.package_identification:_identify(.) by extensions ['cmake', 'python']
[1.236s] Level 1:colcon.colcon_core.package_identification:_identify(.) by extension 'cmake'
[1.236s] Level 1:colcon.colcon_core.package_identification:_identify(.) by extension 'python'
[1.236s] Level 1:colcon.colcon_core.package_identification:_identify(.) by extensions ['python_setup_py']
[1.236s] Level 1:colcon.colcon_core.package_identification:_identify(.) by extension 'python_setup_py'
[1.236s] Level 1:colcon.colcon_core.package_identification:_identify(build) by extensions ['ignore', 'ignore_ament_install']
[1.237s] Level 1:colcon.colcon_core.package_identification:_identify(build) by extension 'ignore'
[1.237s] Level 1:colcon.colcon_core.package_identification:_identify(build) ignored
[1.237s] Level 1:colcon.colcon_core.package_identification:_identify(install) by extensions ['ignore', 'ignore_ament_install']
[1.237s] Level 1:colcon.colcon_core.package_identification:_identify(install) by extension 'ignore'
[1.237s] Level 1:colcon.colcon_core.package_identification:_identify(install) ignored
[1.237s] Level 1:colcon.colcon_core.package_identification:_identify(log) by extensions ['ignore', 'ignore_ament_install']
[1.237s] Level 1:colcon.colcon_core.package_identification:_identify(log) by extension 'ignore'
[1.238s] Level 1:colcon.colcon_core.package_identification:_identify(log) ignored
[1.238s] Level 1:colcon.colcon_core.package_identification:_identify(src) by extensions ['ignore', 'ignore_ament_install']
[1.238s] Level 1:colcon.colcon_core.package_identification:_identify(src) by extension 'ignore'
[1.238s] Level 1:colcon.colcon_core.package_identification:_identify(src) by extension 'ignore_ament_install'
[1.238s] Level 1:colcon.colcon_core.package_identification:_identify(src) by extensions ['colcon_pkg']
[1.238s] Level 1:colcon.colcon_core.package_identification:_identify(src) by extension 'colcon_pkg'
[1.238s] Level 1:colcon.colcon_core.package_identification:_identify(src) by extensions ['colcon_meta']
[1.238s] Level 1:colcon.colcon_core.package_identification:_identify(src) by extension 'colcon_meta'
[1.238s] Level 1:colcon.colcon_core.package_identification:_identify(src) by extensions ['ros']
[1.238s] Level 1:colcon.colcon_core.package_identification:_identify(src) by extension 'ros'
[1.238s] Level 1:colcon.colcon_core.package_identification:_identify(src) by extensions ['cmake', 'python']
[1.238s] Level 1:colcon.colcon_core.package_identification:_identify(src) by extension 'cmake'
[1.239s] Level 1:colcon.colcon_core.package_identification:_identify(src) by extension 'python'
[1.239s] Level 1:colcon.colcon_core.package_identification:_identify(src) by extensions ['python_setup_py']
[1.239s] Level 1:colcon.colcon_core.package_identification:_identify(src) by extension 'python_setup_py'
[1.239s] Level 1:colcon.colcon_core.package_identification:_identify(src/cpp_pubsub) by extensions ['ignore', 'ignore_ament_install']
[1.239s] Level 1:colcon.colcon_core.package_identification:_identify(src/cpp_pubsub) by extension 'ignore'
[1.239s] Level 1:colcon.colcon_core.package_identification:_identify(src/cpp_pubsub) by extension 'ignore_ament_install'
[1.239s] Level 1:colcon.colcon_core.package_identification:_identify(src/cpp_pubsub) by extensions ['colcon_pkg']
[1.239s] Level 1:colcon.colcon_core.package_identification:_identify(src/cpp_pubsub) by extension 'colcon_pkg'
[1.239s] Level 1:colcon.colcon_core.package_identification:_identify(src/cpp_pubsub) by extensions ['colcon_meta']
[1.239s] Level 1:colcon.colcon_core.package_identification:_identify(src/cpp_pubsub) by extension 'colcon_meta'
[1.239s] Level 1:colcon.colcon_core.package_identification:_identify(src/cpp_pubsub) by extensions ['ros']
[1.240s] Level 1:colcon.colcon_core.package_identification:_identify(src/cpp_pubsub) by extension 'ros'
[1.243s] DEBUG:colcon.colcon_core.package_identification:Package 'src/cpp_pubsub' with type 'ros.ament_cmake' and name 'cpp_pubsub'
[1.244s] Level 1:colcon.colcon_core.package_discovery:discover_packages(recursive) using defaults
[1.244s] Level 1:colcon.colcon_core.package_discovery:discover_packages(ignore) discover
[1.244s] Level 1:colcon.colcon_core.package_discovery:discover_packages(ignore) using defaults
[1.244s] Level 1:colcon.colcon_core.package_discovery:discover_packages(path) discover
[1.244s] Level 1:colcon.colcon_core.package_discovery:discover_packages(path) using defaults
[1.319s] Level 1:colcon.colcon_core.package_discovery:discover_packages(prefix_path) check parameters
[1.319s] Level 1:colcon.colcon_core.package_discovery:discover_packages(prefix_path) discover
[1.322s] DEBUG:colcon.colcon_installed_package_information.package_discovery:Found 1 installed packages in /home/sameer/ros2_ws/install
[1.325s] DEBUG:colcon.colcon_installed_package_information.package_discovery:Found 270 installed packages in /opt/ros/humble
[1.328s] Level 1:colcon.colcon_core.package_discovery:discover_packages(prefix_path) using defaults
[1.536s] Level 5:colcon.colcon_core.verb:set package 'cpp_pubsub' build argument 'cmake_args' from command line to 'None'
[1.536s] Level 5:colcon.colcon_core.verb:set package 'cpp_pubsub' build argument 'cmake_target' from command line to 'None'
[1.536s] Level 5:colcon.colcon_core.verb:set package 'cpp_pubsub' build argument 'cmake_target_skip_unavailable' from command line to 'False'
[1.536s] Level 5:colcon.colcon_core.verb:set package 'cpp_pubsub' build argument 'cmake_clean_cache' from command line to 'False'
[1.536s] Level 5:colcon.colcon_core.verb:set package 'cpp_pubsub' build argument 'cmake_clean_first' from command line to 'False'
[1.536s] Level 5:colcon.colcon_core.verb:set package 'cpp_pubsub' build argument 'cmake_force_configure' from command line to 'False'
[1.536s] Level 5:colcon.colcon_core.verb:set package 'cpp_pubsub' build argument 'ament_cmake_args' from command line to 'None'
[1.536s] Level 5:colcon.colcon_core.verb:set package 'cpp_pubsub' build argument 'catkin_cmake_args' from command line to 'None'
[1.536s] Level 5:colcon.colcon_core.verb:set package 'cpp_pubsub' build argument 'catkin_skip_building_tests' from command line to 'False'
[1.536s] DEBUG:colcon.colcon_core.verb:Building package 'cpp_pubsub' with the following arguments: {'ament_cmake_args': None, 'build_base': '/home/sameer/cpp_files/ros2_cpp/build/cpp_pubsub', 'catkin_cmake_args': None, 'catkin_skip_building_tests': False, 'cmake_args': None, 'cmake_clean_cache': False, 'cmake_clean_first': False, 'cmake_force_configure': False, 'cmake_target': None, 'cmake_target_skip_unavailable': False, 'install_base': '/home/sameer/cpp_files/ros2_cpp/install/cpp_pubsub', 'merge_install': False, 'path': '/home/sameer/cpp_files/ros2_cpp/src/cpp_pubsub', 'symlink_install': False, 'test_result_base': None}
[1.536s] INFO:colcon.colcon_core.executor:Executing jobs using 'parallel' executor
[1.538s] DEBUG:colcon.colcon_parallel_executor.executor.parallel:run_until_complete
[1.538s] INFO:colcon.colcon_ros.task.ament_cmake.build:Building ROS package in '/home/sameer/cpp_files/ros2_cpp/src/cpp_pubsub' with build type 'ament_cmake'
[1.538s] INFO:colcon.colcon_cmake.task.cmake.build:Building CMake package in '/home/sameer/cpp_files/ros2_cpp/src/cpp_pubsub'
[1.542s] INFO:colcon.colcon_core.plugin_system:Skipping extension 'colcon_core.shell.bat': Not used on non-Windows systems
[1.542s] INFO:colcon.colcon_core.shell:Skip shell extension 'powershell' for command environment: Not usable outside of PowerShell
[1.542s] DEBUG:colcon.colcon_core.shell:Skip shell extension 'dsv' for command environment
[1.557s] DEBUG:colcon.colcon_core.event_handler.log_command:Invoking command in '/home/sameer/cpp_files/ros2_cpp/build/cpp_pubsub': CMAKE_PREFIX_PATH=/home/sameer/ros2_ws/install/my_robot_controller:/opt/ros/humble /usr/bin/cmake --build /home/sameer/cpp_files/ros2_cpp/build/cpp_pubsub -- -j4 -l4
[12.227s] DEBUG:colcon.colcon_core.event_handler.log_command:Invoked command in '/home/sameer/cpp_files/ros2_cpp/build/cpp_pubsub' returned '2': CMAKE_PREFIX_PATH=/home/sameer/ros2_ws/install/my_robot_controller:/opt/ros/humble /usr/bin/cmake --build /home/sameer/cpp_files/ros2_cpp/build/cpp_pubsub -- -j4 -l4
[12.295s] Level 1:colcon.colcon_core.environment:create_environment_scripts_only(cpp_pubsub)
[12.301s] Level 1:colcon.colcon_core.environment:checking '/home/sameer/cpp_files/ros2_cpp/install/cpp_pubsub' for CMake module files
[12.302s] Level 1:colcon.colcon_core.environment:checking '/home/sameer/cpp_files/ros2_cpp/install/cpp_pubsub' for CMake config files
[12.303s] Level 1:colcon.colcon_core.environment:checking '/home/sameer/cpp_files/ros2_cpp/install/cpp_pubsub/bin'
[12.303s] Level 1:colcon.colcon_core.environment:checking '/home/sameer/cpp_files/ros2_cpp/install/cpp_pubsub/lib/pkgconfig/cpp_pubsub.pc'
[12.303s] Level 1:colcon.colcon_core.environment:checking '/home/sameer/cpp_files/ros2_cpp/install/cpp_pubsub/lib/python3.10/site-packages'
[12.303s] Level 1:colcon.colcon_core.environment:checking '/home/sameer/cpp_files/ros2_cpp/install/cpp_pubsub/bin'
[12.304s] INFO:colcon.colcon_core.shell:Creating package script '/home/sameer/cpp_files/ros2_cpp/install/cpp_pubsub/share/cpp_pubsub/package.ps1'
[12.305s] INFO:colcon.colcon_core.shell:Creating package descriptor '/home/sameer/cpp_files/ros2_cpp/install/cpp_pubsub/share/cpp_pubsub/package.dsv'
[12.306s] INFO:colcon.colcon_core.shell:Creating package script '/home/sameer/cpp_files/ros2_cpp/install/cpp_pubsub/share/cpp_pubsub/package.sh'
[12.308s] INFO:colcon.colcon_core.shell:Creating package script '/home/sameer/cpp_files/ros2_cpp/install/cpp_pubsub/share/cpp_pubsub/package.bash'
[12.309s] INFO:colcon.colcon_core.shell:Creating package script '/home/sameer/cpp_files/ros2_cpp/install/cpp_pubsub/share/cpp_pubsub/package.zsh'
[12.310s] Level 1:colcon.colcon_core.environment:create_file_with_runtime_dependencies(/home/sameer/cpp_files/ros2_cpp/install/cpp_pubsub/share/colcon-core/packages/cpp_pubsub)
[12.321s] DEBUG:colcon.colcon_parallel_executor.executor.parallel:closing loop
[12.321s] DEBUG:colcon.colcon_parallel_executor.executor.parallel:loop closed
[12.322s] DEBUG:colcon.colcon_parallel_executor.executor.parallel:run_until_complete finished with '2'
[12.322s] DEBUG:colcon.colcon_core.event_reactor:joining thread
[12.347s] INFO:colcon.colcon_core.plugin_system:Skipping extension 'colcon_notification.desktop_notification.terminal_notifier': Not used on non-Darwin systems
[12.347s] INFO:colcon.colcon_core.plugin_system:Skipping extension 'colcon_notification.desktop_notification.win32': Not used on non-Windows systems
[12.347s] INFO:colcon.colcon_notification.desktop_notification:Sending desktop notification using 'notify2'
[12.367s] DEBUG:colcon.colcon_core.event_reactor:joined thread
[12.368s] INFO:colcon.colcon_core.shell:Creating prefix script '/home/sameer/cpp_files/ros2_cpp/install/local_setup.ps1'
[12.371s] INFO:colcon.colcon_core.shell:Creating prefix util module '/home/sameer/cpp_files/ros2_cpp/install/_local_setup_util_ps1.py'
[12.374s] INFO:colcon.colcon_core.shell:Creating prefix chain script '/home/sameer/cpp_files/ros2_cpp/install/setup.ps1'
[12.377s] INFO:colcon.colcon_core.shell:Creating prefix script '/home/sameer/cpp_files/ros2_cpp/install/local_setup.sh'
[12.378s] INFO:colcon.colcon_core.shell:Creating prefix util module '/home/sameer/cpp_files/ros2_cpp/install/_local_setup_util_sh.py'
[12.379s] INFO:colcon.colcon_core.shell:Creating prefix chain script '/home/sameer/cpp_files/ros2_cpp/install/setup.sh'
[12.381s] INFO:colcon.colcon_core.shell:Creating prefix script '/home/sameer/cpp_files/ros2_cpp/install/local_setup.bash'
[12.382s] INFO:colcon.colcon_core.shell:Creating prefix chain script '/home/sameer/cpp_files/ros2_cpp/install/setup.bash'
[12.384s] INFO:colcon.colcon_core.shell:Creating prefix script '/home/sameer/cpp_files/ros2_cpp/install/local_setup.zsh'
[12.385s] INFO:colcon.colcon_core.shell:Creating prefix chain script '/home/sameer/cpp_files/ros2_cpp/install/setup.zsh'
