[0.016s] Invoking command in '/home/sameer/cpp_files/ros2_cpp/build/cpp_pubsub': CMAKE_PREFIX_PATH=/home/sameer/ros2_ws_2/install/cpp_pubsub:/home/sameer/ros2_ws/install/my_robot_controller:/opt/ros/humble /usr/bin/cmake /home/sameer/cpp_files/ros2_cpp/src/cpp_pubsub -DCMAKE_INSTALL_PREFIX=/home/sameer/cpp_files/ros2_cpp/install/cpp_pubsub
[2.522s] -- The C compiler identification is GNU 11.4.0
[3.391s] -- The CXX compiler identification is GNU 11.4.0
[3.495s] -- Detecting C compiler ABI info
[3.731s] -- Detecting C compiler ABI info - done
[3.744s] -- Check for working C compiler: /usr/bin/cc - skipped
[3.745s] -- Detecting C compile features
[3.770s] -- Detecting C compile features - done
[3.777s] -- Detecting CXX compiler ABI info
[3.981s] -- Detecting CXX compiler ABI info - done
[3.994s] -- Check for working CXX compiler: /usr/bin/c++ - skipped
[3.995s] -- Detecting CXX compile features
[3.996s] -- Detecting CXX compile features - done
[4.105s] -- Found ament_cmake: 1.3.8 (/opt/ros/humble/share/ament_cmake/cmake)
[4.588s] -- Found Python3: /usr/bin/python3 (found version "3.10.12") found components: Interpreter 
[5.056s] -- Found lifecycle_msgs: 1.2.1 (/opt/ros/humble/share/lifecycle_msgs/cmake)
[5.595s] -- Found rosidl_generator_c: 3.1.5 (/opt/ros/humble/share/rosidl_generator_c/cmake)
[5.639s] -- Found rosidl_adapter: 3.1.5 (/opt/ros/humble/share/rosidl_adapter/cmake)
[5.702s] -- Found rosidl_generator_cpp: 3.1.5 (/opt/ros/humble/share/rosidl_generator_cpp/cmake)
[5.758s] -- Using all available rosidl_typesupport_c: rosidl_typesupport_fastrtps_c;rosidl_typesupport_introspection_c
[5.859s] -- Using all available rosidl_typesupport_cpp: rosidl_typesupport_fastrtps_cpp;rosidl_typesupport_introspection_cpp
[6.041s] -- Found rclcpp_lifecycle: 16.0.8 (/opt/ros/humble/share/rclcpp_lifecycle/cmake)
[6.841s] -- Found rmw_implementation_cmake: 6.1.1 (/opt/ros/humble/share/rmw_implementation_cmake/cmake)
[6.984s] -- Found rmw_fastrtps_cpp: 6.2.6 (/opt/ros/humble/share/rmw_fastrtps_cpp/cmake)
[7.965s] -- Found OpenSSL: /usr/lib/x86_64-linux-gnu/libcrypto.so (found version "3.0.2")  
[8.077s] -- Found FastRTPS: /opt/ros/humble/include  
[8.164s] -- Using RMW implementation 'rmw_fastrtps_cpp' as default
[8.405s] -- Looking for pthread.h
[8.989s] -- Looking for pthread.h - found
[8.989s] -- Performing Test CMAKE_HAVE_LIBC_PTHREAD
[9.160s] -- Performing Test CMAKE_HAVE_LIBC_PTHREAD - Success
[9.162s] -- Found Threads: TRUE  
[9.809s] -- Found rclcpp_action: 16.0.8 (/opt/ros/humble/share/rclcpp_action/cmake)
[10.059s] -- Found example_interfaces: 0.9.3 (/opt/ros/humble/share/example_interfaces/cmake)
[10.201s] -- Found geometry_msgs: 4.2.3 (/opt/ros/humble/share/geometry_msgs/cmake)
[10.309s] -- Found tf2_ros: 0.25.6 (/opt/ros/humble/share/tf2_ros/cmake)
[11.124s] -- Found tf2_geometry_msgs: 0.25.6 (/opt/ros/humble/share/tf2_geometry_msgs/cmake)
[11.319s] -- Found eigen3_cmake_module: 0.1.1 (/opt/ros/humble/share/eigen3_cmake_module/cmake)
[11.333s] -- Found Eigen3: TRUE (found version "3.4.0") 
[11.334s] -- Ensuring Eigen3 include directory is part of orocos-kdl CMake target
[11.382s] -- Found nav_msgs: 4.2.3 (/opt/ros/humble/share/nav_msgs/cmake)
[11.556s] [31mCMake Error at CMakeLists.txt:20 (include_directoriries):
[11.556s]   Unknown CMake command "include_directoriries".
[11.556s] 
[11.556s] [0m
[11.556s] -- Configuring incomplete, errors occurred!
[11.557s] See also "/home/sameer/cpp_files/ros2_cpp/build/cpp_pubsub/CMakeFiles/CMakeOutput.log".
[11.573s] Invoked command in '/home/sameer/cpp_files/ros2_cpp/build/cpp_pubsub' returned '1': CMAKE_PREFIX_PATH=/home/sameer/ros2_ws_2/install/cpp_pubsub:/home/sameer/ros2_ws/install/my_robot_controller:/opt/ros/humble /usr/bin/cmake /home/sameer/cpp_files/ros2_cpp/src/cpp_pubsub -DCMAKE_INSTALL_PREFIX=/home/sameer/cpp_files/ros2_cpp/install/cpp_pubsub
