[4.306s] DEBUG:colcon:Command line arguments: ['/usr/bin/colcon', 'build', '--packages-select', 'cpp_pubsub']
[4.306s] DEBUG:colcon:Parsed command line arguments: Namespace(log_base=None, log_level=None, verb_name='build', build_base='build', install_base='install', merge_install=False, symlink_install=False, test_result_base=None, continue_on_error=False, executor='parallel', parallel_workers=4, event_handlers=None, ignore_user_meta=False, metas=['./colcon.meta'], base_paths=['.'], packages_ignore=None, packages_ignore_regex=None, paths=None, packages_up_to=None, packages_up_to_regex=None, packages_above=None, packages_above_and_dependencies=None, packages_above_depth=None, packages_select_by_dep=None, packages_skip_by_dep=None, packages_skip_up_to=None, packages_select_build_failed=False, packages_skip_build_finished=False, packages_select_test_failures=False, packages_skip_test_passed=False, packages_select=['cpp_pubsub'], packages_skip=None, packages_select_regex=None, packages_skip_regex=None, packages_start=None, packages_end=None, allow_overriding=[], cmake_args=None, cmake_target=None, cmake_target_skip_unavailable=False, cmake_clean_cache=False, cmake_clean_first=False, cmake_force_configure=False, ament_cmake_args=None, catkin_cmake_args=None, catkin_skip_building_tests=False, verb_parser=<colcon_defaults.argument_parser.defaults.DefaultArgumentsDecorator object at 0x713e93248190>, verb_extension=<colcon_core.verb.build.BuildVerb object at 0x713e932135b0>, main=<bound method BuildVerb.main of <colcon_core.verb.build.BuildVerb object at 0x713e932135b0>>)
[11.839s] Level 1:colcon.colcon_core.package_discovery:discover_packages(colcon_meta) check parameters
[11.840s] Level 1:colcon.colcon_core.package_discovery:discover_packages(recursive) check parameters
[11.841s] Level 1:colcon.colcon_core.package_discovery:discover_packages(ignore) check parameters
[11.841s] Level 1:colcon.colcon_core.package_discovery:discover_packages(path) check parameters
[11.841s] Level 1:colcon.colcon_core.package_discovery:discover_packages(colcon_meta) discover
[11.842s] Level 1:colcon.colcon_core.package_discovery:discover_packages(recursive) discover
[11.842s] INFO:colcon.colcon_core.package_discovery:Crawling recursively for packages in '/home/sameer/cpp_files/ros2_cpp/src/cpp_pubsub'
[11.843s] Level 1:colcon.colcon_core.package_identification:_identify(.) by extensions ['ignore', 'ignore_ament_install']
[11.844s] Level 1:colcon.colcon_core.package_identification:_identify(.) by extension 'ignore'
[11.844s] Level 1:colcon.colcon_core.package_identification:_identify(.) by extension 'ignore_ament_install'
[11.845s] Level 1:colcon.colcon_core.package_identification:_identify(.) by extensions ['colcon_pkg']
[11.845s] Level 1:colcon.colcon_core.package_identification:_identify(.) by extension 'colcon_pkg'
[11.845s] Level 1:colcon.colcon_core.package_identification:_identify(.) by extensions ['colcon_meta']
[11.846s] Level 1:colcon.colcon_core.package_identification:_identify(.) by extension 'colcon_meta'
[11.846s] Level 1:colcon.colcon_core.package_identification:_identify(.) by extensions ['ros']
[11.846s] Level 1:colcon.colcon_core.package_identification:_identify(.) by extension 'ros'
[12.004s] DEBUG:colcon.colcon_core.package_identification:Package '.' with type 'ros.ament_cmake' and name 'cpp_pubsub'
[12.005s] Level 1:colcon.colcon_core.package_discovery:discover_packages(recursive) using defaults
[12.005s] Level 1:colcon.colcon_core.package_discovery:discover_packages(ignore) discover
[12.005s] Level 1:colcon.colcon_core.package_discovery:discover_packages(ignore) using defaults
[12.005s] Level 1:colcon.colcon_core.package_discovery:discover_packages(path) discover
[12.005s] Level 1:colcon.colcon_core.package_discovery:discover_packages(path) using defaults
[12.459s] Level 1:colcon.colcon_core.package_discovery:discover_packages(prefix_path) check parameters
[12.460s] Level 1:colcon.colcon_core.package_discovery:discover_packages(prefix_path) discover
[12.516s] DEBUG:colcon.colcon_installed_package_information.package_discovery:Found 1 installed packages in /home/sameer/ros2_ws/install
[12.526s] DEBUG:colcon.colcon_installed_package_information.package_discovery:Found 270 installed packages in /opt/ros/humble
[12.539s] Level 1:colcon.colcon_core.package_discovery:discover_packages(prefix_path) using defaults
[12.650s] Level 5:colcon.colcon_core.verb:set package 'cpp_pubsub' build argument 'cmake_args' from command line to 'None'
[12.650s] Level 5:colcon.colcon_core.verb:set package 'cpp_pubsub' build argument 'cmake_target' from command line to 'None'
[12.650s] Level 5:colcon.colcon_core.verb:set package 'cpp_pubsub' build argument 'cmake_target_skip_unavailable' from command line to 'False'
[12.650s] Level 5:colcon.colcon_core.verb:set package 'cpp_pubsub' build argument 'cmake_clean_cache' from command line to 'False'
[12.650s] Level 5:colcon.colcon_core.verb:set package 'cpp_pubsub' build argument 'cmake_clean_first' from command line to 'False'
[12.650s] Level 5:colcon.colcon_core.verb:set package 'cpp_pubsub' build argument 'cmake_force_configure' from command line to 'False'
[12.650s] Level 5:colcon.colcon_core.verb:set package 'cpp_pubsub' build argument 'ament_cmake_args' from command line to 'None'
[12.650s] Level 5:colcon.colcon_core.verb:set package 'cpp_pubsub' build argument 'catkin_cmake_args' from command line to 'None'
[12.650s] Level 5:colcon.colcon_core.verb:set package 'cpp_pubsub' build argument 'catkin_skip_building_tests' from command line to 'False'
[12.650s] DEBUG:colcon.colcon_core.verb:Building package 'cpp_pubsub' with the following arguments: {'ament_cmake_args': None, 'build_base': '/home/sameer/cpp_files/ros2_cpp/src/cpp_pubsub/build/cpp_pubsub', 'catkin_cmake_args': None, 'catkin_skip_building_tests': False, 'cmake_args': None, 'cmake_clean_cache': False, 'cmake_clean_first': False, 'cmake_force_configure': False, 'cmake_target': None, 'cmake_target_skip_unavailable': False, 'install_base': '/home/sameer/cpp_files/ros2_cpp/src/cpp_pubsub/install/cpp_pubsub', 'merge_install': False, 'path': '/home/sameer/cpp_files/ros2_cpp/src/cpp_pubsub', 'symlink_install': False, 'test_result_base': None}
[12.650s] INFO:colcon.colcon_core.executor:Executing jobs using 'parallel' executor
[12.652s] DEBUG:colcon.colcon_parallel_executor.executor.parallel:run_until_complete
[12.652s] INFO:colcon.colcon_ros.task.ament_cmake.build:Building ROS package in '/home/sameer/cpp_files/ros2_cpp/src/cpp_pubsub' with build type 'ament_cmake'
[12.652s] INFO:colcon.colcon_cmake.task.cmake.build:Building CMake package in '/home/sameer/cpp_files/ros2_cpp/src/cpp_pubsub'
[12.767s] INFO:colcon.colcon_core.plugin_system:Skipping extension 'colcon_core.shell.bat': Not used on non-Windows systems
[12.768s] INFO:colcon.colcon_core.shell:Skip shell extension 'powershell' for command environment: Not usable outside of PowerShell
[12.769s] DEBUG:colcon.colcon_core.shell:Skip shell extension 'dsv' for command environment
[12.880s] DEBUG:colcon.colcon_core.event_handler.log_command:Invoking command in '/home/sameer/cpp_files/ros2_cpp/src/cpp_pubsub/build/cpp_pubsub': CMAKE_PREFIX_PATH=/home/sameer/ros2_ws/install/my_robot_controller:/opt/ros/humble /usr/bin/cmake --build /home/sameer/cpp_files/ros2_cpp/src/cpp_pubsub/build/cpp_pubsub -- -j4 -l4
[32.057s] DEBUG:colcon.colcon_core.event_handler.log_command:Invoked command in '/home/sameer/cpp_files/ros2_cpp/src/cpp_pubsub/build/cpp_pubsub' returned '2': CMAKE_PREFIX_PATH=/home/sameer/ros2_ws/install/my_robot_controller:/opt/ros/humble /usr/bin/cmake --build /home/sameer/cpp_files/ros2_cpp/src/cpp_pubsub/build/cpp_pubsub -- -j4 -l4
[32.121s] Level 1:colcon.colcon_core.environment:create_environment_scripts_only(cpp_pubsub)
[33.280s] Level 1:colcon.colcon_core.environment:checking '/home/sameer/cpp_files/ros2_cpp/src/cpp_pubsub/install/cpp_pubsub' for CMake module files
[33.322s] Level 1:colcon.colcon_core.environment:checking '/home/sameer/cpp_files/ros2_cpp/src/cpp_pubsub/install/cpp_pubsub' for CMake config files
[33.326s] Level 1:colcon.colcon_core.environment:checking '/home/sameer/cpp_files/ros2_cpp/src/cpp_pubsub/install/cpp_pubsub/bin'
[33.327s] Level 1:colcon.colcon_core.environment:checking '/home/sameer/cpp_files/ros2_cpp/src/cpp_pubsub/install/cpp_pubsub/lib/pkgconfig/cpp_pubsub.pc'
[33.328s] Level 1:colcon.colcon_core.environment:checking '/home/sameer/cpp_files/ros2_cpp/src/cpp_pubsub/install/cpp_pubsub/lib/python3.10/site-packages'
[33.329s] Level 1:colcon.colcon_core.environment:checking '/home/sameer/cpp_files/ros2_cpp/src/cpp_pubsub/install/cpp_pubsub/bin'
[33.330s] INFO:colcon.colcon_core.shell:Creating package script '/home/sameer/cpp_files/ros2_cpp/src/cpp_pubsub/install/cpp_pubsub/share/cpp_pubsub/package.ps1'
[33.377s] INFO:colcon.colcon_core.shell:Creating package descriptor '/home/sameer/cpp_files/ros2_cpp/src/cpp_pubsub/install/cpp_pubsub/share/cpp_pubsub/package.dsv'
[33.385s] INFO:colcon.colcon_core.shell:Creating package script '/home/sameer/cpp_files/ros2_cpp/src/cpp_pubsub/install/cpp_pubsub/share/cpp_pubsub/package.sh'
[33.390s] INFO:colcon.colcon_core.shell:Creating package script '/home/sameer/cpp_files/ros2_cpp/src/cpp_pubsub/install/cpp_pubsub/share/cpp_pubsub/package.bash'
[33.411s] INFO:colcon.colcon_core.shell:Creating package script '/home/sameer/cpp_files/ros2_cpp/src/cpp_pubsub/install/cpp_pubsub/share/cpp_pubsub/package.zsh'
[33.446s] Level 1:colcon.colcon_core.environment:create_file_with_runtime_dependencies(/home/sameer/cpp_files/ros2_cpp/src/cpp_pubsub/install/cpp_pubsub/share/colcon-core/packages/cpp_pubsub)
[33.449s] DEBUG:colcon.colcon_parallel_executor.executor.parallel:closing loop
[33.451s] DEBUG:colcon.colcon_parallel_executor.executor.parallel:loop closed
[33.451s] DEBUG:colcon.colcon_parallel_executor.executor.parallel:run_until_complete finished with '2'
[33.452s] DEBUG:colcon.colcon_core.event_reactor:joining thread
[33.515s] INFO:colcon.colcon_core.plugin_system:Skipping extension 'colcon_notification.desktop_notification.terminal_notifier': Not used on non-Darwin systems
[33.515s] INFO:colcon.colcon_core.plugin_system:Skipping extension 'colcon_notification.desktop_notification.win32': Not used on non-Windows systems
[33.515s] INFO:colcon.colcon_notification.desktop_notification:Sending desktop notification using 'notify2'
[33.538s] DEBUG:colcon.colcon_core.event_reactor:joined thread
[33.538s] INFO:colcon.colcon_core.shell:Creating prefix script '/home/sameer/cpp_files/ros2_cpp/src/cpp_pubsub/install/local_setup.ps1'
[33.540s] INFO:colcon.colcon_core.shell:Creating prefix util module '/home/sameer/cpp_files/ros2_cpp/src/cpp_pubsub/install/_local_setup_util_ps1.py'
[33.543s] INFO:colcon.colcon_core.shell:Creating prefix chain script '/home/sameer/cpp_files/ros2_cpp/src/cpp_pubsub/install/setup.ps1'
[33.546s] INFO:colcon.colcon_core.shell:Creating prefix script '/home/sameer/cpp_files/ros2_cpp/src/cpp_pubsub/install/local_setup.sh'
[33.548s] INFO:colcon.colcon_core.shell:Creating prefix util module '/home/sameer/cpp_files/ros2_cpp/src/cpp_pubsub/install/_local_setup_util_sh.py'
[33.549s] INFO:colcon.colcon_core.shell:Creating prefix chain script '/home/sameer/cpp_files/ros2_cpp/src/cpp_pubsub/install/setup.sh'
[33.552s] INFO:colcon.colcon_core.shell:Creating prefix script '/home/sameer/cpp_files/ros2_cpp/src/cpp_pubsub/install/local_setup.bash'
[33.553s] INFO:colcon.colcon_core.shell:Creating prefix chain script '/home/sameer/cpp_files/ros2_cpp/src/cpp_pubsub/install/setup.bash'
[33.555s] INFO:colcon.colcon_core.shell:Creating prefix script '/home/sameer/cpp_files/ros2_cpp/src/cpp_pubsub/install/local_setup.zsh'
[33.556s] INFO:colcon.colcon_core.shell:Creating prefix chain script '/home/sameer/cpp_files/ros2_cpp/src/cpp_pubsub/install/setup.zsh'
