[0.387s] DEBUG:colcon:Command line arguments: ['/usr/bin/colcon', 'list', '-p', '--base-paths', '/home/sameer/cpp_files/ros2_cpp']
[0.387s] DEBUG:colcon:Parsed command line arguments: Namespace(log_base=None, log_level=None, verb_name='list', build_base='build', ignore_user_meta=False, metas=['./colcon.meta'], base_paths=['/home/sameer/cpp_files/ros2_cpp'], packages_ignore=None, packages_ignore_regex=None, paths=None, packages_up_to=None, packages_up_to_regex=None, packages_above=None, packages_above_and_dependencies=None, packages_above_depth=None, packages_select_by_dep=None, packages_skip_by_dep=None, packages_skip_up_to=None, packages_select_build_failed=False, packages_skip_build_finished=False, packages_select_test_failures=False, packages_skip_test_passed=False, packages_select=None, packages_skip=None, packages_select_regex=None, packages_skip_regex=None, packages_start=None, packages_end=None, allow_overriding=[], topological_order=False, names_only=False, paths_only=True, topological_graph=False, topological_graph_dot=False, topological_graph_density=False, topological_graph_legend=False, topological_graph_dot_cluster=False, topological_graph_dot_include_skipped=False, verb_parser=<colcon_defaults.argument_parser.defaults.DefaultArgumentsDecorator object at 0x708a6f6405e0>, verb_extension=<colcon_package_information.verb.list.ListVerb object at 0x708a6f60bd90>, main=<bound method ListVerb.main of <colcon_package_information.verb.list.ListVerb object at 0x708a6f60bd90>>)
[1.583s] Level 1:colcon.colcon_core.package_discovery:discover_packages(colcon_meta) check parameters
[1.583s] Level 1:colcon.colcon_core.package_discovery:discover_packages(recursive) check parameters
[1.583s] Level 1:colcon.colcon_core.package_discovery:discover_packages(ignore) check parameters
[1.583s] Level 1:colcon.colcon_core.package_discovery:discover_packages(path) check parameters
[1.584s] Level 1:colcon.colcon_core.package_discovery:discover_packages(recursive) discover
[1.584s] INFO:colcon.colcon_core.package_discovery:Crawling recursively for packages in '/home/sameer/cpp_files/ros2_cpp'
[1.584s] Level 1:colcon.colcon_core.package_identification:_identify(/home/sameer/cpp_files/ros2_cpp) by extensions ['ignore', 'ignore_ament_install']
[1.585s] Level 1:colcon.colcon_core.package_identification:_identify(/home/sameer/cpp_files/ros2_cpp) by extension 'ignore'
[1.585s] Level 1:colcon.colcon_core.package_identification:_identify(/home/sameer/cpp_files/ros2_cpp) by extension 'ignore_ament_install'
[1.585s] Level 1:colcon.colcon_core.package_identification:_identify(/home/sameer/cpp_files/ros2_cpp) by extensions ['colcon_pkg']
[1.585s] Level 1:colcon.colcon_core.package_identification:_identify(/home/sameer/cpp_files/ros2_cpp) by extension 'colcon_pkg'
[1.585s] Level 1:colcon.colcon_core.package_identification:_identify(/home/sameer/cpp_files/ros2_cpp) by extensions ['colcon_meta']
[1.586s] Level 1:colcon.colcon_core.package_identification:_identify(/home/sameer/cpp_files/ros2_cpp) by extension 'colcon_meta'
[1.586s] Level 1:colcon.colcon_core.package_identification:_identify(/home/sameer/cpp_files/ros2_cpp) by extensions ['ros']
[1.586s] Level 1:colcon.colcon_core.package_identification:_identify(/home/sameer/cpp_files/ros2_cpp) by extension 'ros'
[1.625s] Level 1:colcon.colcon_core.package_identification:_identify(/home/sameer/cpp_files/ros2_cpp) by extensions ['cmake', 'python']
[1.626s] Level 1:colcon.colcon_core.package_identification:_identify(/home/sameer/cpp_files/ros2_cpp) by extension 'cmake'
[1.626s] Level 1:colcon.colcon_core.package_identification:_identify(/home/sameer/cpp_files/ros2_cpp) by extension 'python'
[1.626s] Level 1:colcon.colcon_core.package_identification:_identify(/home/sameer/cpp_files/ros2_cpp) by extensions ['python_setup_py']
[1.626s] Level 1:colcon.colcon_core.package_identification:_identify(/home/sameer/cpp_files/ros2_cpp) by extension 'python_setup_py'
[1.627s] Level 1:colcon.colcon_core.package_identification:_identify(/home/sameer/cpp_files/ros2_cpp/build) by extensions ['ignore', 'ignore_ament_install']
[1.627s] Level 1:colcon.colcon_core.package_identification:_identify(/home/sameer/cpp_files/ros2_cpp/build) by extension 'ignore'
[1.627s] Level 1:colcon.colcon_core.package_identification:_identify(/home/sameer/cpp_files/ros2_cpp/build) ignored
[1.628s] Level 1:colcon.colcon_core.package_identification:_identify(/home/sameer/cpp_files/ros2_cpp/install) by extensions ['ignore', 'ignore_ament_install']
[1.629s] Level 1:colcon.colcon_core.package_identification:_identify(/home/sameer/cpp_files/ros2_cpp/install) by extension 'ignore'
[1.629s] Level 1:colcon.colcon_core.package_identification:_identify(/home/sameer/cpp_files/ros2_cpp/install) ignored
[1.629s] Level 1:colcon.colcon_core.package_identification:_identify(/home/sameer/cpp_files/ros2_cpp/log) by extensions ['ignore', 'ignore_ament_install']
[1.630s] Level 1:colcon.colcon_core.package_identification:_identify(/home/sameer/cpp_files/ros2_cpp/log) by extension 'ignore'
[1.630s] Level 1:colcon.colcon_core.package_identification:_identify(/home/sameer/cpp_files/ros2_cpp/log) ignored
[1.630s] Level 1:colcon.colcon_core.package_identification:_identify(/home/sameer/cpp_files/ros2_cpp/src) by extensions ['ignore', 'ignore_ament_install']
[1.631s] Level 1:colcon.colcon_core.package_identification:_identify(/home/sameer/cpp_files/ros2_cpp/src) by extension 'ignore'
[1.631s] Level 1:colcon.colcon_core.package_identification:_identify(/home/sameer/cpp_files/ros2_cpp/src) by extension 'ignore_ament_install'
[1.631s] Level 1:colcon.colcon_core.package_identification:_identify(/home/sameer/cpp_files/ros2_cpp/src) by extensions ['colcon_pkg']
[1.631s] Level 1:colcon.colcon_core.package_identification:_identify(/home/sameer/cpp_files/ros2_cpp/src) by extension 'colcon_pkg'
[1.631s] Level 1:colcon.colcon_core.package_identification:_identify(/home/sameer/cpp_files/ros2_cpp/src) by extensions ['colcon_meta']
[1.632s] Level 1:colcon.colcon_core.package_identification:_identify(/home/sameer/cpp_files/ros2_cpp/src) by extension 'colcon_meta'
[1.632s] Level 1:colcon.colcon_core.package_identification:_identify(/home/sameer/cpp_files/ros2_cpp/src) by extensions ['ros']
[1.632s] Level 1:colcon.colcon_core.package_identification:_identify(/home/sameer/cpp_files/ros2_cpp/src) by extension 'ros'
[1.632s] Level 1:colcon.colcon_core.package_identification:_identify(/home/sameer/cpp_files/ros2_cpp/src) by extensions ['cmake', 'python']
[1.632s] Level 1:colcon.colcon_core.package_identification:_identify(/home/sameer/cpp_files/ros2_cpp/src) by extension 'cmake'
[1.633s] Level 1:colcon.colcon_core.package_identification:_identify(/home/sameer/cpp_files/ros2_cpp/src) by extension 'python'
[1.633s] Level 1:colcon.colcon_core.package_identification:_identify(/home/sameer/cpp_files/ros2_cpp/src) by extensions ['python_setup_py']
[1.633s] Level 1:colcon.colcon_core.package_identification:_identify(/home/sameer/cpp_files/ros2_cpp/src) by extension 'python_setup_py'
[1.633s] Level 1:colcon.colcon_core.package_identification:_identify(/home/sameer/cpp_files/ros2_cpp/src/cpp_pubsub) by extensions ['ignore', 'ignore_ament_install']
[1.634s] Level 1:colcon.colcon_core.package_identification:_identify(/home/sameer/cpp_files/ros2_cpp/src/cpp_pubsub) by extension 'ignore'
[1.634s] Level 1:colcon.colcon_core.package_identification:_identify(/home/sameer/cpp_files/ros2_cpp/src/cpp_pubsub) by extension 'ignore_ament_install'
[1.634s] Level 1:colcon.colcon_core.package_identification:_identify(/home/sameer/cpp_files/ros2_cpp/src/cpp_pubsub) by extensions ['colcon_pkg']
[1.634s] Level 1:colcon.colcon_core.package_identification:_identify(/home/sameer/cpp_files/ros2_cpp/src/cpp_pubsub) by extension 'colcon_pkg'
[1.634s] Level 1:colcon.colcon_core.package_identification:_identify(/home/sameer/cpp_files/ros2_cpp/src/cpp_pubsub) by extensions ['colcon_meta']
[1.635s] Level 1:colcon.colcon_core.package_identification:_identify(/home/sameer/cpp_files/ros2_cpp/src/cpp_pubsub) by extension 'colcon_meta'
[1.635s] Level 1:colcon.colcon_core.package_identification:_identify(/home/sameer/cpp_files/ros2_cpp/src/cpp_pubsub) by extensions ['ros']
[1.635s] Level 1:colcon.colcon_core.package_identification:_identify(/home/sameer/cpp_files/ros2_cpp/src/cpp_pubsub) by extension 'ros'
[1.661s] DEBUG:colcon.colcon_core.package_identification:Package '/home/sameer/cpp_files/ros2_cpp/src/cpp_pubsub' with type 'ros.ament_cmake' and name 'cpp_pubsub'
[1.661s] Level 1:colcon.colcon_core.package_discovery:discover_packages(recursive) using defaults
