[0.017s] Invoking command in '/home/sameer/cpp_files/ros2_cpp/build/cpp_pubsub': CMAKE_PREFIX_PATH=/home/sameer/ros2_ws/install/my_robot_controller:/opt/ros/humble /usr/bin/cmake --build /home/sameer/cpp_files/ros2_cpp/build/cpp_pubsub -- -j4 -l4
[0.114s] [ 22%] Built target gtest_main
[0.115s] [ 44%] Built target gtest
[0.147s] [35m[1mConsolidate compiler generated dependencies of target pubsub_test[0m
[0.202s] [ 55%] [32mBuilding CXX object CMakeFiles/pubsub_test.dir/test/pubsub_test.cpp.o[0m
[0.203s] [ 66%] [32mBuilding CXX object CMakeFiles/pubsub_test.dir/src/publisher_member_function.cpp.o[0m
[0.205s] [ 77%] [32mBuilding CXX object CMakeFiles/pubsub_test.dir/src/subscriber_member_function.cpp.o[0m
[0.209s] [ 88%] [32mBuilding CXX object CMakeFiles/pubsub_test.dir/src/single_thread_spinner.cpp.o[0m
[1.264s] [01m[K/home/sameer/cpp_files/ros2_cpp/src/cpp_pubsub/src/publisher_member_function.cpp:8:10:[m[K [01;31m[Kfatal error: [m[Kpublisher_member_function.hpp: No such file or directory
[1.264s]     8 | #include [01;31m[K"publisher_member_function.hpp"[m[K
[1.264s]       |          [01;31m[K^~~~~~~~~~~~~~~~~~~~~~~~~~~~~~~[m[K
[1.264s] compilation terminated.
[1.273s] gmake[2]: *** [CMakeFiles/pubsub_test.dir/build.make:90: CMakeFiles/pubsub_test.dir/src/publisher_member_function.cpp.o] Error 1
[1.274s] gmake[2]: *** Waiting for unfinished jobs....
[5.225s] [01m[K/home/sameer/cpp_files/ros2_cpp/src/cpp_pubsub/src/subscriber_member_function.cpp:13:1:[m[K [01;31m[Kerror: [m[Kexpected unqualified-id before ‘[01m[K{[m[K’ token
[5.226s]    13 | [01;31m[K{[m[K
[5.226s]       | [01;31m[K^[m[K
[5.990s] gmake[2]: *** [CMakeFiles/pubsub_test.dir/build.make:104: CMakeFiles/pubsub_test.dir/src/subscriber_member_function.cpp.o] Error 1
[6.652s] [01m[K/home/sameer/cpp_files/ros2_cpp/src/cpp_pubsub/src/single_thread_spinner.cpp:[m[K In member function ‘[01m[Kbool cpp_pubsub::SingleThreadSpinner::add_node(rclcpp::node_interfaces::NodeBaseInterface::SharedPtr)[m[K’:
[6.652s] [01m[K/home/sameer/cpp_files/ros2_cpp/src/cpp_pubsub/src/single_thread_spinner.cpp:46:32:[m[K [01;31m[Kerror: [m[K‘[01m[Krclcpp::executors::SingleThreadExecutor[m[K’ has not been declared
[6.652s]    46 |             rclcpp::executors::[01;31m[KSingleThreadExecutor[m[K::add_node(node);
[6.653s]       |                                [01;31m[K^~~~~~~~~~~~~~~~~~~~[m[K
[6.654s] [01m[K/home/sameer/cpp_files/ros2_cpp/src/cpp_pubsub/src/single_thread_spinner.cpp:[m[K In member function ‘[01m[Kbool cpp_pubsub::SingleThreadSpinner::remove_node(rclcpp::node_interfaces::NodeBaseInterface::SharedPtr)[m[K’:
[6.654s] [01m[K/home/sameer/cpp_files/ros2_cpp/src/cpp_pubsub/src/single_thread_spinner.cpp:61:32:[m[K [01;31m[Kerror: [m[K‘[01m[Krclcpp::executors::SingleThreadExecutor[m[K’ has not been declared
[6.654s]    61 |             rclcpp::executors::[01;31m[KSingleThreadExecutor[m[K::remove_node(node);
[6.654s]       |                                [01;31m[K^~~~~~~~~~~~~~~~~~~~[m[K
[6.656s] [01m[K/home/sameer/cpp_files/ros2_cpp/src/cpp_pubsub/src/single_thread_spinner.cpp:[m[K In member function ‘[01m[Kbool cpp_pubsub::SingleThreadSpinner::cancel_all_spin()[m[K’:
[6.656s] [01m[K/home/sameer/cpp_files/ros2_cpp/src/cpp_pubsub/src/single_thread_spinner.cpp:79:9:[m[K [01;35m[Kwarning: [m[Kthis ‘[01m[Kwhile[m[K’ clause does not guard... [[01;35m[K]8;;https://gcc.gnu.org/onlinedocs/gcc/Warning-Options.html#index-Wmisleading-indentation-Wmisleading-indentation]8;;[m[K]
[6.656s]    79 |         [01;35m[Kwhile[m[K (are_all_nodes_spinning_.load());
[6.657s]       |         [01;35m[K^~~~~[m[K
[6.657s] [01m[K/home/sameer/cpp_files/ros2_cpp/src/cpp_pubsub/src/single_thread_spinner.cpp:81:13:[m[K [01;36m[Knote: [m[K...this statement, but the latter is misleadingly indented as if it were guarded by the ‘[01m[Kwhile[m[K’
[6.657s]    81 |             [01;36m[Kstd[m[K::lock_guard<std::mutex> lock(mutex_);
[6.657s]       |             [01;36m[K^~~[m[K
[6.659s] [01m[K/home/sameer/cpp_files/ros2_cpp/src/cpp_pubsub/src/single_thread_spinner.cpp:[m[K In member function ‘[01m[Kbool cpp_pubsub::SingleThreadSpinner::spin_some_all_nodes()[m[K’:
[6.659s] [01m[K/home/sameer/cpp_files/ros2_cpp/src/cpp_pubsub/src/single_thread_spinner.cpp:120:50:[m[K [01;31m[Kerror: [m[Kqualified-id in declaration before ‘[01m[K([m[K’ token
[6.659s]   120 |         void SingleThreadSpinner::spin_all_nodes_[01;31m[K([m[K)
[6.660s]       |                                                  [01;31m[K^[m[K
[7.465s] gmake[2]: *** [CMakeFiles/pubsub_test.dir/build.make:118: CMakeFiles/pubsub_test.dir/src/single_thread_spinner.cpp.o] Error 1
[7.530s] [01m[K/home/sameer/cpp_files/ros2_cpp/src/cpp_pubsub/test/pubsub_test.cpp:[m[K In member function ‘[01m[Kvirtual void PubSubCommunication_pub_sub_communication_Test::TestBody()[m[K’:
[7.530s] [01m[K/home/sameer/cpp_files/ros2_cpp/src/cpp_pubsub/test/pubsub_test.cpp:14:51:[m[K [01;31m[Kerror: [m[Kexpected primary-expression before ‘[01m[K;[m[K’ token
[7.530s]    14 |     auto spinner = cpp_pubsub::SingleThreadSpinner[01;31m[K;[m[K
[7.530s]       |                                                   [01;31m[K^[m[K
[7.548s] [01m[K/home/sameer/cpp_files/ros2_cpp/src/cpp_pubsub/test/pubsub_test.cpp:[m[K In member function ‘[01m[Kvirtual void PubSubCommunication_check_received_msg_Test::TestBody()[m[K’:
[7.548s] [01m[K/home/sameer/cpp_files/ros2_cpp/src/cpp_pubsub/test/pubsub_test.cpp:45:51:[m[K [01;31m[Kerror: [m[Kexpected primary-expression before ‘[01m[K;[m[K’ token
[7.548s]    45 |     auto spinner = cpp_pubsub::SingleThreadSpinner[01;31m[K;[m[K
[7.548s]       |                                                   [01;31m[K^[m[K
[7.550s] In file included from [01m[K/opt/ros/humble/src/gtest_vendor/include/gtest/gtest.h:62[m[K,
[7.550s]                  from [01m[K/home/sameer/cpp_files/ros2_cpp/src/cpp_pubsub/test/pubsub_test.cpp:6[m[K:
[7.550s] [01m[K/home/sameer/cpp_files/ros2_cpp/src/cpp_pubsub/test/pubsub_test.cpp:[m[K At global scope:
[7.550s] [01m[K/home/sameer/cpp_files/ros2_cpp/src/cpp_pubsub/test/pubsub_test.cpp:73:6:[m[K [01;31m[Kerror: [m[Kredefinition of ‘[01m[Kclass PubSubCommunication_check_received_msg_Test[m[K’
[7.550s]    73 | TEST([01;31m[KPubSubCommunication[m[K,check_received_msg)
[7.550s]       |      [01;31m[K^~~~~~~~~~~~~~~~~~~[m[K
[7.550s] [01m[K/home/sameer/cpp_files/ros2_cpp/src/cpp_pubsub/test/pubsub_test.cpp:41:6:[m[K [01;36m[Knote: [m[Kprevious definition of ‘[01m[Kclass PubSubCommunication_check_received_msg_Test[m[K’
[7.550s]    41 | TEST([01;36m[KPubSubCommunication[m[K,check_received_msg)
[7.551s]       |      [01;36m[K^~~~~~~~~~~~~~~~~~~[m[K
[7.551s] [01m[K/home/sameer/cpp_files/ros2_cpp/src/cpp_pubsub/test/pubsub_test.cpp:73:6:[m[K [01;31m[Kerror: [m[Kredefinition of ‘[01m[Ktesting::TestInfo* const PubSubCommunication_check_received_msg_Test::test_info_[m[K’
[7.551s]    73 | TEST([01;31m[KPubSubCommunication[m[K,check_received_msg)
[7.551s]       |      [01;31m[K^~~~~~~~~~~~~~~~~~~[m[K
[7.551s] [01m[K/home/sameer/cpp_files/ros2_cpp/src/cpp_pubsub/test/pubsub_test.cpp:41:6:[m[K [01;36m[Knote: [m[K‘[01m[Ktesting::TestInfo* const PubSubCommunication_check_received_msg_Test::test_info_[m[K’ previously declared here
[7.551s]    41 | TEST([01;36m[KPubSubCommunication[m[K,check_received_msg)
[7.551s]       |      [01;36m[K^~~~~~~~~~~~~~~~~~~[m[K
[7.551s] [01m[K/home/sameer/cpp_files/ros2_cpp/src/cpp_pubsub/test/pubsub_test.cpp:73:6:[m[K [01;31m[Kerror: [m[Kredefinition of ‘[01m[Kvoid PubSubCommunication_check_received_msg_Test::TestBody()[m[K’
[7.551s]    73 | TEST([01;31m[KPubSubCommunication[m[K,check_received_msg)
[7.551s]       |      [01;31m[K^~~~~~~~~~~~~~~~~~~[m[K
[7.552s] [01m[K/home/sameer/cpp_files/ros2_cpp/src/cpp_pubsub/test/pubsub_test.cpp:41:6:[m[K [01;36m[Knote: [m[K‘[01m[Kvirtual void PubSubCommunication_check_received_msg_Test::TestBody()[m[K’ previously defined here
[7.552s]    41 | TEST([01;36m[KPubSubCommunication[m[K,check_received_msg)
[7.552s]       |      [01;36m[K^~~~~~~~~~~~~~~~~~~[m[K
[8.404s] gmake[2]: *** [CMakeFiles/pubsub_test.dir/build.make:76: CMakeFiles/pubsub_test.dir/test/pubsub_test.cpp.o] Error 1
[8.405s] gmake[1]: *** [CMakeFiles/Makefile2:156: CMakeFiles/pubsub_test.dir/all] Error 2
[8.405s] gmake: *** [Makefile:146: all] Error 2
[8.409s] Invoked command in '/home/sameer/cpp_files/ros2_cpp/build/cpp_pubsub' returned '2': CMAKE_PREFIX_PATH=/home/sameer/ros2_ws/install/my_robot_controller:/opt/ros/humble /usr/bin/cmake --build /home/sameer/cpp_files/ros2_cpp/build/cpp_pubsub -- -j4 -l4
